================== g4001 ==================
Module                  Size  Used by
nvidia_fs             249856  0
nvidia_uvm           1351680  38
nvidia_drm             65536  0
nvidia_modeset       1302528  1 nvidia_drm
nvidia              56692736  2963 nvidia_uvm,nvidia_fs,nvidia_modeset
xt_nat                 16384  1
xt_tcpudp              20480  3
veth                   28672  0
mgc                    98304  1
lustre               1011712  8117
lmv                   204800  3 lustre
mdc                   262144  9 lustre
fid                    32768  1 mdc
lov                   331776  5414 mdc,lustre
fld                    40960  2 lov,lmv
osc                   421888  5475 mdc
ko2iblnd              237568  1
ptlrpc               1331200  8 fld,osc,fid,mgc,lov,mdc,lmv,lustre
obdclass             3284992  5548 fld,osc,fid,ptlrpc,mgc,lov,mdc,lmv,lustre
lnet                  565248  7 osc,ko2iblnd,obdclass,ptlrpc,mgc,lmv,lustre
xt_conntrack           16384  1
xt_MASQUERADE          20480  2
nf_conntrack_netlink    45056  0
nfnetlink              16384  2 nf_conntrack_netlink
xfrm_user              36864  1
iptable_nat            16384  1
nf_nat                 45056  3 xt_nat,iptable_nat,xt_MASQUERADE
nf_conntrack          139264  5 xt_conntrack,nf_nat,xt_nat,nf_conntrack_netlink,xt_MASQUERADE
nf_defrag_ipv6         24576  1 nf_conntrack
nf_defrag_ipv4         16384  1 nf_conntrack
xt_addrtype            16384  2
iptable_filter         16384  1
bpfilter               32768  0
aufs                  262144  0
uio_pci_generic        16384  0
uio                    20480  1 uio_pci_generic
cuse                   16384  0
libcfs                487424  12 fld,lnet,osc,fid,ko2iblnd,obdclass,ptlrpc,mgc,lov,mdc,lmv,lustre
overlay               118784  2
rdma_ucm               28672  0
rdma_cm               110592  2 ko2iblnd,rdma_ucm
iw_cm                  49152  1 rdma_cm
ib_ipoib              131072  0
ib_cm                 114688  2 rdma_cm,ib_ipoib
ib_umad                28672  14
nls_iso8859_1          16384  1
xfs                  1282048  1
dm_multipath           32768  0
scsi_dh_rdac           16384  0
scsi_dh_emc            16384  0
scsi_dh_alua           20480  0
intel_rapl_msr         20480  0
intel_rapl_common      24576  1 intel_rapl_msr
nfit                   65536  0
x86_pkg_temp_thermal    20480  0
coretemp               20480  0
mlx5_ib               397312  0
kvm_intel             282624  0
ib_uverbs             135168  114 rdma_ucm,mlx5_ib
mei_me                 40960  0
isst_if_mbox_pci       16384  0
isst_if_mmio           16384  0
ipmi_ssif              36864  0
kvm                   663552  1 kvm_intel
binfmt_misc            24576  1
ib_core               348160  9 rdma_cm,ib_ipoib,ko2iblnd,iw_cm,ib_umad,rdma_ucm,ib_uverbs,mlx5_ib,ib_cm
input_leds             16384  0
joydev                 24576  0
isst_if_common         16384  2 isst_if_mmio,isst_if_mbox_pci
mei                   106496  1 mei_me
ioatdma                53248  0
ipmi_si                65536  0
ipmi_devintf           20480  0
ipmi_msghandler       106496  3 ipmi_devintf,ipmi_si,ipmi_ssif
acpi_power_meter       20480  0
mac_hid                16384  0
sch_fq_codel           20480  190
br_netfilter           28672  0
bridge                176128  1 br_netfilter
stp                    16384  1 bridge
llc                    16384  2 bridge,stp
knem                   49152  0
msr                    16384  0
ramoops                28672  0
reed_solomon           24576  1 ramoops
efi_pstore             16384  0
ip_tables              32768  2 iptable_filter,iptable_nat
x_tables               40960  7 xt_conntrack,iptable_filter,xt_tcpudp,xt_addrtype,xt_nat,ip_tables,xt_MASQUERADE
autofs4                45056  2
btrfs                1265664  0
zstd_compress         167936  1 btrfs
raid10                 61440  0
raid456               155648  0
async_raid6_recov      24576  1 raid456
async_memcpy           20480  2 raid456,async_raid6_recov
async_pq               24576  2 raid456,async_raid6_recov
async_xor              20480  3 async_pq,raid456,async_raid6_recov
async_tx               20480  5 async_pq,async_memcpy,async_xor,raid456,async_raid6_recov
xor                    24576  2 async_xor,btrfs
raid6_pq              114688  4 async_pq,btrfs,raid456,async_raid6_recov
libcrc32c              16384  5 nf_conntrack,nf_nat,btrfs,xfs,raid456
raid1                  45056  0
raid0                  24576  0
multipath              20480  0
linear                 20480  0
ses                    20480  0
enclosure              16384  1 ses
ast                    53248  0
drm_vram_helper        20480  1 ast
i2c_algo_bit           16384  1 ast
hid_generic            16384  0
ttm                   106496  1 drm_vram_helper
usbhid                 57344  0
hid                   131072  2 usbhid,hid_generic
mlx5_core            1716224  1 mlx5_ib
crct10dif_pclmul       16384  1
crc32_pclmul           16384  0
pci_hyperv_intf        16384  1 mlx5_core
ghash_clmulni_intel    16384  0
aesni_intel           372736  0
crypto_simd            16384  1 aesni_intel
mlxdevm               172032  1 mlx5_core
cryptd                 24576  2 crypto_simd,ghash_clmulni_intel
auxiliary              16384  2 mlx5_ib,mlx5_core
glue_helper            16384  1 aesni_intel
drm_kms_helper        184320  4 ast,nvidia_drm
nvme                   49152  1
nvme_core              98304  3 nvme
mpt3sas               278528  0
ixgbe                 344064  0
tls                    73728  1 mlx5_core
syscopyarea            16384  1 drm_kms_helper
sysfillrect            16384  1 drm_kms_helper
mlxfw                  32768  1 mlx5_core
sysimgblt              16384  1 drm_kms_helper
psample                20480  1 mlx5_core
xfrm_algo              16384  2 xfrm_user,ixgbe
raid_class             16384  1 mpt3sas
fb_sys_fops            16384  1 drm_kms_helper
scsi_transport_sas     36864  2 ses,mpt3sas
mlx_compat             65536  13 rdma_cm,ib_ipoib,mlxdevm,ko2iblnd,iw_cm,auxiliary,ib_umad,ib_core,rdma_ucm,ib_uverbs,mlx5_ib,ib_cm,mlx5_core
dca                    16384  2 ioatdma,ixgbe
drm                   495616  7 drm_kms_helper,drm_vram_helper,ast,nvidia,nvidia_drm,ttm
mdio                   16384  1 ixgbe
ahci                   40960  2
i2c_i801               32768  0
libahci                32768  1 ahci
wmi                    32768  0



================== g4002 ==================
Module                  Size  Used by
nvidia_fs             249856  0
nvidia_uvm           1351680  64
nvidia_drm             65536  0
nvidia_modeset       1302528  1 nvidia_drm
nvidia              56692736  3964 nvidia_uvm,nvidia_fs,nvidia_modeset
mgc                    98304  1
lustre               1011712  6974
lmv                   204800  3 lustre
mdc                   262144  9 lustre
fid                    32768  1 mdc
lov                   331776  4652 mdc,lustre
fld                    40960  2 lov,lmv
osc                   421888  4713 mdc
ptlrpc               1331200  8 fld,osc,fid,mgc,lov,mdc,lmv,lustre
xt_nat                 16384  1
xt_tcpudp              20480  3
veth                   28672  0
ko2iblnd              237568  1
obdclass             3284992  4786 fld,osc,fid,ptlrpc,mgc,lov,mdc,lmv,lustre
lnet                  565248  7 osc,ko2iblnd,obdclass,ptlrpc,mgc,lmv,lustre
xt_conntrack           16384  1
xt_MASQUERADE          20480  2
nf_conntrack_netlink    45056  0
nfnetlink              16384  2 nf_conntrack_netlink
xfrm_user              36864  1
iptable_nat            16384  1
nf_nat                 45056  3 xt_nat,iptable_nat,xt_MASQUERADE
nf_conntrack          139264  5 xt_conntrack,nf_nat,xt_nat,nf_conntrack_netlink,xt_MASQUERADE
nf_defrag_ipv6         24576  1 nf_conntrack
nf_defrag_ipv4         16384  1 nf_conntrack
xt_addrtype            16384  2
iptable_filter         16384  1
bpfilter               32768  0
aufs                  262144  0
uio_pci_generic        16384  0
uio                    20480  1 uio_pci_generic
cuse                   16384  0
overlay               118784  2
libcfs                487424  12 fld,lnet,osc,fid,ko2iblnd,obdclass,ptlrpc,mgc,lov,mdc,lmv,lustre
rdma_ucm               28672  0
rdma_cm               110592  2 ko2iblnd,rdma_ucm
iw_cm                  49152  1 rdma_cm
ib_ipoib              131072  0
ib_cm                 114688  2 rdma_cm,ib_ipoib
ib_umad                28672  14
nls_iso8859_1          16384  1
xfs                  1282048  1
dm_multipath           32768  0
scsi_dh_rdac           16384  0
scsi_dh_emc            16384  0
scsi_dh_alua           20480  0
ipmi_ssif              36864  0
intel_rapl_msr         20480  0
intel_rapl_common      24576  1 intel_rapl_msr
nfit                   65536  0
x86_pkg_temp_thermal    20480  0
intel_powerclamp       20480  0
coretemp               20480  0
mlx5_ib               397312  0
kvm_intel             282624  0
ib_uverbs             135168  114 rdma_ucm,mlx5_ib
mei_me                 40960  0
isst_if_mbox_pci       16384  0
isst_if_mmio           16384  0
kvm                   663552  1 kvm_intel
binfmt_misc            24576  1
joydev                 24576  0
input_leds             16384  0
ib_core               348160  9 rdma_cm,ib_ipoib,ko2iblnd,iw_cm,ib_umad,rdma_ucm,ib_uverbs,mlx5_ib,ib_cm
isst_if_common         16384  2 isst_if_mmio,isst_if_mbox_pci
mei                   106496  1 mei_me
ioatdma                53248  0
ipmi_si                65536  0
ipmi_devintf           20480  0
ipmi_msghandler       106496  3 ipmi_devintf,ipmi_si,ipmi_ssif
acpi_power_meter       20480  0
acpi_pad              184320  0
mac_hid                16384  0
sch_fq_codel           20480  190
br_netfilter           28672  0
bridge                176128  1 br_netfilter
stp                    16384  1 bridge
llc                    16384  2 bridge,stp
knem                   49152  0
msr                    16384  0
ramoops                28672  0
reed_solomon           24576  1 ramoops
efi_pstore             16384  0
ip_tables              32768  2 iptable_filter,iptable_nat
x_tables               40960  7 xt_conntrack,iptable_filter,xt_tcpudp,xt_addrtype,xt_nat,ip_tables,xt_MASQUERADE
autofs4                45056  2
btrfs                1265664  0
zstd_compress         167936  1 btrfs
raid10                 61440  0
raid456               155648  0
async_raid6_recov      24576  1 raid456
async_memcpy           20480  2 raid456,async_raid6_recov
async_pq               24576  2 raid456,async_raid6_recov
async_xor              20480  3 async_pq,raid456,async_raid6_recov
async_tx               20480  5 async_pq,async_memcpy,async_xor,raid456,async_raid6_recov
xor                    24576  2 async_xor,btrfs
raid6_pq              114688  4 async_pq,btrfs,raid456,async_raid6_recov
libcrc32c              16384  5 nf_conntrack,nf_nat,btrfs,xfs,raid456
raid1                  45056  0
raid0                  24576  0
multipath              20480  0
linear                 20480  0
ses                    20480  0
enclosure              16384  1 ses
ast                    53248  0
hid_generic            16384  0
drm_vram_helper        20480  1 ast
mlx5_core            1716224  1 mlx5_ib
nouveau              1949696  0
usbhid                 57344  0
mxm_wmi                16384  1 nouveau
hid                   131072  2 usbhid,hid_generic
crct10dif_pclmul       16384  1
crc32_pclmul           16384  0
ghash_clmulni_intel    16384  0
video                  57344  1 nouveau
pci_hyperv_intf        16384  1 mlx5_core
i2c_algo_bit           16384  2 ast,nouveau
aesni_intel           372736  0
mlxdevm               172032  1 mlx5_core
ttm                   106496  2 drm_vram_helper,nouveau
crypto_simd            16384  1 aesni_intel
auxiliary              16384  2 mlx5_ib,mlx5_core
ixgbe                 344064  0
drm_kms_helper        184320  5 ast,nvidia_drm,nouveau
cryptd                 24576  2 crypto_simd,ghash_clmulni_intel
tls                    73728  1 mlx5_core
mpt3sas               278528  0
nvme                   49152  1
glue_helper            16384  1 aesni_intel
syscopyarea            16384  1 drm_kms_helper
mlxfw                  32768  1 mlx5_core
sysfillrect            16384  1 drm_kms_helper
psample                20480  1 mlx5_core
nvme_core              98304  3 nvme
raid_class             16384  1 mpt3sas
sysimgblt              16384  1 drm_kms_helper
xfrm_algo              16384  2 xfrm_user,ixgbe
fb_sys_fops            16384  1 drm_kms_helper
mlx_compat             65536  13 rdma_cm,ib_ipoib,mlxdevm,ko2iblnd,iw_cm,auxiliary,ib_umad,ib_core,rdma_ucm,ib_uverbs,mlx5_ib,ib_cm,mlx5_core
scsi_transport_sas     36864  2 ses,mpt3sas
dca                    16384  2 ioatdma,ixgbe
drm                   495616  8 drm_kms_helper,drm_vram_helper,ast,nvidia,nvidia_drm,ttm,nouveau
mdio                   16384  1 ixgbe
ahci                   40960  2
i2c_i801               32768  0
libahci                32768  1 ahci
wmi                    32768  2 mxm_wmi,nouveau



================== g4003 ==================
Module                  Size  Used by
nvidia_fs             249856  0
nvidia_uvm           1351680  34
nvidia_drm             65536  0
nvidia_modeset       1302528  1 nvidia_drm
nvidia              56692736  2425 nvidia_uvm,nvidia_fs,nvidia_modeset
mgc                    98304  1
lustre               1011712  6407
lmv                   204800  3 lustre
mdc                   262144  9 lustre
fid                    32768  1 mdc
lov                   331776  4274 mdc,lustre
fld                    40960  2 lov,lmv
osc                   421888  4335 mdc
ptlrpc               1331200  8 fld,osc,fid,mgc,lov,mdc,lmv,lustre
xt_nat                 16384  1
xt_tcpudp              20480  3
veth                   28672  0
ko2iblnd              237568  1
obdclass             3284992  4408 fld,osc,fid,ptlrpc,mgc,lov,mdc,lmv,lustre
lnet                  565248  7 osc,ko2iblnd,obdclass,ptlrpc,mgc,lmv,lustre
xt_conntrack           16384  1
xt_MASQUERADE          20480  2
nf_conntrack_netlink    45056  0
nfnetlink              16384  2 nf_conntrack_netlink
xfrm_user              36864  1
iptable_nat            16384  1
nf_nat                 45056  3 xt_nat,iptable_nat,xt_MASQUERADE
nf_conntrack          139264  5 xt_conntrack,nf_nat,xt_nat,nf_conntrack_netlink,xt_MASQUERADE
nf_defrag_ipv6         24576  1 nf_conntrack
nf_defrag_ipv4         16384  1 nf_conntrack
xt_addrtype            16384  2
iptable_filter         16384  1
bpfilter               32768  0
aufs                  262144  0
uio_pci_generic        16384  0
uio                    20480  1 uio_pci_generic
cuse                   16384  0
libcfs                487424  12 fld,lnet,osc,fid,ko2iblnd,obdclass,ptlrpc,mgc,lov,mdc,lmv,lustre
overlay               118784  2
rdma_ucm               28672  0
rdma_cm               110592  2 ko2iblnd,rdma_ucm
iw_cm                  49152  1 rdma_cm
ib_ipoib              131072  0
ib_cm                 114688  2 rdma_cm,ib_ipoib
ib_umad                28672  8
nls_iso8859_1          16384  1
xfs                  1282048  1
dm_multipath           32768  0
scsi_dh_rdac           16384  0
scsi_dh_emc            16384  0
scsi_dh_alua           20480  0
intel_rapl_msr         20480  0
intel_rapl_common      24576  1 intel_rapl_msr
ipmi_ssif              36864  0
nfit                   65536  0
x86_pkg_temp_thermal    20480  0
intel_powerclamp       20480  0
coretemp               20480  0
kvm_intel             282624  0
mlx5_ib               397312  0
kvm                   663552  1 kvm_intel
ib_uverbs             135168  114 rdma_ucm,mlx5_ib
binfmt_misc            24576  1
ib_core               348160  9 rdma_cm,ib_ipoib,ko2iblnd,iw_cm,ib_umad,rdma_ucm,ib_uverbs,mlx5_ib,ib_cm
joydev                 24576  0
input_leds             16384  0
isst_if_mbox_pci       16384  0
mei_me                 40960  0
isst_if_mmio           16384  0
isst_if_common         16384  2 isst_if_mmio,isst_if_mbox_pci
mei                   106496  1 mei_me
ioatdma                53248  0
ipmi_si                65536  0
ipmi_devintf           20480  0
ipmi_msghandler       106496  3 ipmi_devintf,ipmi_si,ipmi_ssif
acpi_power_meter       20480  0
acpi_pad              184320  0
mac_hid                16384  0
sch_fq_codel           20480  190
br_netfilter           28672  0
bridge                176128  1 br_netfilter
stp                    16384  1 bridge
llc                    16384  2 bridge,stp
knem                   49152  0
msr                    16384  0
ramoops                28672  0
reed_solomon           24576  1 ramoops
efi_pstore             16384  0
ip_tables              32768  2 iptable_filter,iptable_nat
x_tables               40960  7 xt_conntrack,iptable_filter,xt_tcpudp,xt_addrtype,xt_nat,ip_tables,xt_MASQUERADE
autofs4                45056  2
btrfs                1265664  0
zstd_compress         167936  1 btrfs
raid10                 61440  0
raid456               155648  0
async_raid6_recov      24576  1 raid456
async_memcpy           20480  2 raid456,async_raid6_recov
async_pq               24576  2 raid456,async_raid6_recov
async_xor              20480  3 async_pq,raid456,async_raid6_recov
async_tx               20480  5 async_pq,async_memcpy,async_xor,raid456,async_raid6_recov
xor                    24576  2 async_xor,btrfs
raid6_pq              114688  4 async_pq,btrfs,raid456,async_raid6_recov
libcrc32c              16384  5 nf_conntrack,nf_nat,btrfs,xfs,raid456
raid1                  45056  0
raid0                  24576  0
multipath              20480  0
linear                 20480  0
ses                    20480  0
enclosure              16384  1 ses
ast                    53248  0
drm_vram_helper        20480  1 ast
i2c_algo_bit           16384  1 ast
hid_generic            16384  0
ttm                   106496  1 drm_vram_helper
usbhid                 57344  0
hid                   131072  2 usbhid,hid_generic
mlx5_core            1716224  1 mlx5_ib
pci_hyperv_intf        16384  1 mlx5_core
crct10dif_pclmul       16384  1
mlxdevm               172032  1 mlx5_core
drm_kms_helper        184320  4 ast,nvidia_drm
crc32_pclmul           16384  0
ghash_clmulni_intel    16384  0
auxiliary              16384  2 mlx5_ib,mlx5_core
aesni_intel           372736  0
nvme                   49152  1
syscopyarea            16384  1 drm_kms_helper
crypto_simd            16384  1 aesni_intel
ixgbe                 344064  0
mpt3sas               278528  0
tls                    73728  1 mlx5_core
sysfillrect            16384  1 drm_kms_helper
cryptd                 24576  2 crypto_simd,ghash_clmulni_intel
mlxfw                  32768  1 mlx5_core
sysimgblt              16384  1 drm_kms_helper
glue_helper            16384  1 aesni_intel
psample                20480  1 mlx5_core
nvme_core              98304  3 nvme
xfrm_algo              16384  2 xfrm_user,ixgbe
fb_sys_fops            16384  1 drm_kms_helper
raid_class             16384  1 mpt3sas
mlx_compat             65536  13 rdma_cm,ib_ipoib,mlxdevm,ko2iblnd,iw_cm,auxiliary,ib_umad,ib_core,rdma_ucm,ib_uverbs,mlx5_ib,ib_cm,mlx5_core
scsi_transport_sas     36864  2 ses,mpt3sas
dca                    16384  2 ioatdma,ixgbe
drm                   495616  7 drm_kms_helper,drm_vram_helper,ast,nvidia,nvidia_drm,ttm
ahci                   40960  2
mdio                   16384  1 ixgbe
i2c_i801               32768  0
libahci                32768  1 ahci
wmi                    32768  0



================== g4004 ==================
Module                  Size  Used by
xt_nat                 16384  1
nvidia_fs             249856  0
xt_multiport           20480  7
ipt_rpfilter           16384  1
ip_set_hash_ip         40960  1
ip_set_hash_net        49152  3
ipip                   20480  0
tunnel4                16384  1 ipip
ip_tunnel              24576  1 ipip
wireguard             208896  0
ip6_udp_tunnel         16384  1 wireguard
udp_tunnel             16384  1 wireguard
veth                   28672  0
nvidia_uvm           1351680  36
xt_set                 16384  14
ip_set_bitmap_port     20480  10
ip_set_hash_ipportnet    49152  2
ip_set_hash_ipport     40960  16
ip_set_hash_ipportip    45056  4
ip_set                 53248  7 ip_set_hash_ipportnet,ip_set_bitmap_port,ip_set_hash_ip,xt_set,ip_set_hash_net,ip_set_hash_ipport,ip_set_hash_ipportip
dummy                  16384  0
iptable_raw            16384  1
xt_CT                  16384  8
xt_tcpudp              20480  15
nf_tables             139264  0
ip_vs_sh               16384  0
ip_vs_wrr              16384  0
ip_vs_rr               16384  42
ip_vs                 155648  48 ip_vs_rr,ip_vs_sh,ip_vs_wrr
iptable_mangle         16384  1
ip6table_mangle        16384  1
ip6table_filter        16384  1
ip6table_nat           16384  1
ip6_tables             32768  3 ip6table_filter,ip6table_nat,ip6table_mangle
xt_comment             16384  309
xt_mark                16384  95
xt_conntrack           16384  30
xt_MASQUERADE          20480  7
nf_conntrack_netlink    45056  0
nfnetlink              16384  4 nf_conntrack_netlink,nf_tables,ip_set
xfrm_user              36864  1
iptable_nat            16384  1
nf_nat                 45056  4 ip6table_nat,xt_nat,iptable_nat,xt_MASQUERADE
xt_addrtype            16384  8
iptable_filter         16384  1
bpfilter               32768  0
mgc                    98304  1
lustre               1011712  6707
lmv                   204800  3 lustre
mdc                   262144  9 lustre
fid                    32768  1 mdc
lov                   331776  4474 mdc,lustre
fld                    40960  2 lov,lmv
osc                   421888  4535 mdc
ko2iblnd              237568  1
ptlrpc               1331200  8 fld,osc,fid,mgc,lov,mdc,lmv,lustre
obdclass             3284992  4608 fld,osc,fid,ptlrpc,mgc,lov,mdc,lmv,lustre
lnet                  565248  7 osc,ko2iblnd,obdclass,ptlrpc,mgc,lmv,lustre
aufs                  262144  0
uio_pci_generic        16384  0
uio                    20480  1 uio_pci_generic
cuse                   16384  0
libcfs                487424  12 fld,lnet,osc,fid,ko2iblnd,obdclass,ptlrpc,mgc,lov,mdc,lmv,lustre
rdma_ucm               28672  0
rdma_cm               110592  2 ko2iblnd,rdma_ucm
iw_cm                  49152  1 rdma_cm
ib_ipoib              131072  0
ib_cm                 114688  2 rdma_cm,ib_ipoib
ib_umad                28672  8
nls_iso8859_1          16384  1
xfs                  1282048  1
dm_multipath           32768  0
scsi_dh_rdac           16384  0
scsi_dh_emc            16384  0
scsi_dh_alua           20480  0
nvidia_drm             65536  0
nvidia_modeset       1302528  1 nvidia_drm
intel_rapl_msr         20480  0
intel_rapl_common      24576  1 intel_rapl_msr
nfit                   65536  0
x86_pkg_temp_thermal    20480  0
intel_powerclamp       20480  0
coretemp               20480  0
ipmi_ssif              36864  0
nvidia              56692736  2912 nvidia_uvm,nvidia_fs,nvidia_modeset
mlx5_ib               397312  0
kvm_intel             282624  0
ib_uverbs             135168  114 rdma_ucm,mlx5_ib
mei_me                 40960  0
isst_if_mmio           16384  0
isst_if_mbox_pci       16384  0
binfmt_misc            24576  1
ib_core               348160  9 rdma_cm,ib_ipoib,ko2iblnd,iw_cm,ib_umad,rdma_ucm,ib_uverbs,mlx5_ib,ib_cm
joydev                 24576  0
input_leds             16384  0
isst_if_common         16384  2 isst_if_mmio,isst_if_mbox_pci
mei                   106496  1 mei_me
kvm                   663552  1 kvm_intel
ioatdma                53248  0
ipmi_si                65536  0
ipmi_devintf           20480  0
ipmi_msghandler       106496  3 ipmi_devintf,ipmi_si,ipmi_ssif
acpi_power_meter       20480  0
acpi_pad              184320  0
mac_hid                16384  0
sch_fq_codel           20480  190
knem                   49152  0
overlay               118784  18
br_netfilter           28672  0
bridge                176128  1 br_netfilter
stp                    16384  1 bridge
llc                    16384  2 bridge,stp
nf_conntrack          139264  7 xt_conntrack,nf_nat,xt_nat,nf_conntrack_netlink,xt_CT,xt_MASQUERADE,ip_vs
nf_defrag_ipv6         24576  2 nf_conntrack,ip_vs
nf_defrag_ipv4         16384  1 nf_conntrack
msr                    16384  0
ramoops                28672  0
reed_solomon           24576  1 ramoops
efi_pstore             16384  0
ip_tables              32768  4 iptable_filter,iptable_raw,iptable_nat,iptable_mangle
x_tables               40960  18 ip6table_filter,xt_conntrack,iptable_filter,xt_multiport,xt_tcpudp,xt_addrtype,xt_nat,xt_comment,xt_set,ip6_tables,ipt_rpfilter,xt_CT,iptable_raw,ip_tables,ip6table_mangle,xt_MASQUERADE,iptable_mangle,xt_mark
autofs4                45056  2
btrfs                1265664  0
zstd_compress         167936  1 btrfs
raid10                 61440  0
raid456               155648  0
async_raid6_recov      24576  1 raid456
async_memcpy           20480  2 raid456,async_raid6_recov
async_pq               24576  2 raid456,async_raid6_recov
async_xor              20480  3 async_pq,raid456,async_raid6_recov
async_tx               20480  5 async_pq,async_memcpy,async_xor,raid456,async_raid6_recov
xor                    24576  2 async_xor,btrfs
raid6_pq              114688  4 async_pq,btrfs,raid456,async_raid6_recov
libcrc32c              16384  6 nf_conntrack,nf_nat,btrfs,xfs,raid456,ip_vs
raid1                  45056  0
raid0                  24576  0
multipath              20480  0
linear                 20480  0
ses                    20480  0
enclosure              16384  1 ses
ast                    53248  0
hid_generic            16384  0
drm_vram_helper        20480  1 ast
i2c_algo_bit           16384  1 ast
ttm                   106496  1 drm_vram_helper
usbhid                 57344  0
crct10dif_pclmul       16384  1
crc32_pclmul           16384  0
ghash_clmulni_intel    16384  0
hid                   131072  2 usbhid,hid_generic
mlx5_core            1716224  1 mlx5_ib
aesni_intel           372736  0
pci_hyperv_intf        16384  1 mlx5_core
mlxdevm               172032  1 mlx5_core
crypto_simd            16384  1 aesni_intel
cryptd                 24576  2 crypto_simd,ghash_clmulni_intel
drm_kms_helper        184320  4 ast,nvidia_drm
glue_helper            16384  1 aesni_intel
ixgbe                 344064  0
auxiliary              16384  2 mlx5_ib,mlx5_core
mpt3sas               278528  0
syscopyarea            16384  1 drm_kms_helper
tls                    73728  1 mlx5_core
nvme                   49152  1
sysfillrect            16384  1 drm_kms_helper
sysimgblt              16384  1 drm_kms_helper
mlxfw                  32768  1 mlx5_core
psample                20480  1 mlx5_core
fb_sys_fops            16384  1 drm_kms_helper
raid_class             16384  1 mpt3sas
nvme_core              98304  3 nvme
xfrm_algo              16384  2 xfrm_user,ixgbe
scsi_transport_sas     36864  2 ses,mpt3sas
mlx_compat             65536  13 rdma_cm,ib_ipoib,mlxdevm,ko2iblnd,iw_cm,auxiliary,ib_umad,ib_core,rdma_ucm,ib_uverbs,mlx5_ib,ib_cm,mlx5_core
drm                   495616  7 drm_kms_helper,drm_vram_helper,ast,nvidia,nvidia_drm,ttm
dca                    16384  2 ioatdma,ixgbe
mdio                   16384  1 ixgbe
ahci                   40960  2
i2c_i801               32768  0
libahci                32768  1 ahci
wmi                    32768  0



================== g4005 ==================
Module                  Size  Used by
nvidia_fs             249856  0
nvidia_uvm           1351680  10
nvidia_drm             65536  0
nvidia_modeset       1302528  1 nvidia_drm
nvidia              56692736  1594 nvidia_uvm,nvidia_fs,nvidia_modeset
xt_nat                 16384  1
xt_tcpudp              20480  3
veth                   28672  0
mgc                    98304  1
lustre               1011712  6821
lmv                   204800  3 lustre
mdc                   262144  9 lustre
fid                    32768  1 mdc
lov                   331776  4550 mdc,lustre
fld                    40960  2 lov,lmv
osc                   421888  4611 mdc
ko2iblnd              237568  1
ptlrpc               1331200  8 fld,osc,fid,mgc,lov,mdc,lmv,lustre
obdclass             3284992  4684 fld,osc,fid,ptlrpc,mgc,lov,mdc,lmv,lustre
lnet                  565248  7 osc,ko2iblnd,obdclass,ptlrpc,mgc,lmv,lustre
xt_conntrack           16384  1
xt_MASQUERADE          20480  2
nf_conntrack_netlink    45056  0
nfnetlink              16384  2 nf_conntrack_netlink
xfrm_user              36864  1
iptable_nat            16384  1
nf_nat                 45056  3 xt_nat,iptable_nat,xt_MASQUERADE
xt_addrtype            16384  2
iptable_filter         16384  1
bpfilter               32768  0
aufs                  262144  0
uio_pci_generic        16384  0
uio                    20480  1 uio_pci_generic
cuse                   16384  0
libcfs                487424  12 fld,lnet,osc,fid,ko2iblnd,obdclass,ptlrpc,mgc,lov,mdc,lmv,lustre
rdma_ucm               28672  0
rdma_cm               110592  2 ko2iblnd,rdma_ucm
iw_cm                  49152  1 rdma_cm
ib_ipoib              131072  0
ib_cm                 114688  2 rdma_cm,ib_ipoib
ib_umad                28672  8
nls_iso8859_1          16384  1
xfs                  1282048  1
dm_multipath           32768  0
scsi_dh_rdac           16384  0
scsi_dh_emc            16384  0
scsi_dh_alua           20480  0
intel_rapl_msr         20480  0
intel_rapl_common      24576  1 intel_rapl_msr
nfit                   65536  0
x86_pkg_temp_thermal    20480  0
intel_powerclamp       20480  0
coretemp               20480  0
kvm_intel             282624  0
ipmi_ssif              36864  0
kvm                   663552  1 kvm_intel
binfmt_misc            24576  1
mlx5_ib               397312  0
input_leds             16384  0
ib_uverbs             135168  42 rdma_ucm,mlx5_ib
joydev                 24576  0
ib_core               348160  9 rdma_cm,ib_ipoib,ko2iblnd,iw_cm,ib_umad,rdma_ucm,ib_uverbs,mlx5_ib,ib_cm
isst_if_mbox_pci       16384  0
mei_me                 40960  0
isst_if_mmio           16384  0
isst_if_common         16384  2 isst_if_mmio,isst_if_mbox_pci
mei                   106496  1 mei_me
ioatdma                53248  0
ipmi_si                65536  0
ipmi_devintf           20480  0
ipmi_msghandler       106496  3 ipmi_devintf,ipmi_si,ipmi_ssif
acpi_power_meter       20480  0
acpi_pad              184320  0
mac_hid                16384  0
sch_fq_codel           20480  190
knem                   49152  0
overlay               118784  2
br_netfilter           28672  0
bridge                176128  1 br_netfilter
stp                    16384  1 bridge
llc                    16384  2 bridge,stp
nf_conntrack          139264  5 xt_conntrack,nf_nat,xt_nat,nf_conntrack_netlink,xt_MASQUERADE
nf_defrag_ipv6         24576  1 nf_conntrack
nf_defrag_ipv4         16384  1 nf_conntrack
msr                    16384  0
ramoops                28672  0
reed_solomon           24576  1 ramoops
efi_pstore             16384  0
ip_tables              32768  2 iptable_filter,iptable_nat
x_tables               40960  7 xt_conntrack,iptable_filter,xt_tcpudp,xt_addrtype,xt_nat,ip_tables,xt_MASQUERADE
autofs4                45056  2
btrfs                1265664  0
zstd_compress         167936  1 btrfs
raid10                 61440  0
raid456               155648  0
async_raid6_recov      24576  1 raid456
async_memcpy           20480  2 raid456,async_raid6_recov
async_pq               24576  2 raid456,async_raid6_recov
async_xor              20480  3 async_pq,raid456,async_raid6_recov
async_tx               20480  5 async_pq,async_memcpy,async_xor,raid456,async_raid6_recov
xor                    24576  2 async_xor,btrfs
raid6_pq              114688  4 async_pq,btrfs,raid456,async_raid6_recov
libcrc32c              16384  5 nf_conntrack,nf_nat,btrfs,xfs,raid456
raid1                  45056  0
raid0                  24576  0
multipath              20480  0
linear                 20480  0
ses                    20480  0
enclosure              16384  1 ses
mlx5_core            1716224  1 mlx5_ib
hid_generic            16384  0
ast                    53248  0
drm_vram_helper        20480  1 ast
usbhid                 57344  0
pci_hyperv_intf        16384  1 mlx5_core
nouveau              1949696  0
mlxdevm               172032  1 mlx5_core
hid                   131072  2 usbhid,hid_generic
mxm_wmi                16384  1 nouveau
crct10dif_pclmul       16384  1
crc32_pclmul           16384  0
ghash_clmulni_intel    16384  0
video                  57344  1 nouveau
auxiliary              16384  2 mlx5_ib,mlx5_core
i2c_algo_bit           16384  2 ast,nouveau
aesni_intel           372736  0
ttm                   106496  2 drm_vram_helper,nouveau
crypto_simd            16384  1 aesni_intel
drm_kms_helper        184320  5 ast,nvidia_drm,nouveau
ixgbe                 344064  0
mpt3sas               278528  0
cryptd                 24576  2 crypto_simd,ghash_clmulni_intel
tls                    73728  1 mlx5_core
syscopyarea            16384  1 drm_kms_helper
nvme                   49152  1
sysfillrect            16384  1 drm_kms_helper
glue_helper            16384  1 aesni_intel
mlxfw                  32768  1 mlx5_core
sysimgblt              16384  1 drm_kms_helper
psample                20480  1 mlx5_core
nvme_core              98304  3 nvme
fb_sys_fops            16384  1 drm_kms_helper
raid_class             16384  1 mpt3sas
xfrm_algo              16384  2 xfrm_user,ixgbe
scsi_transport_sas     36864  2 ses,mpt3sas
mlx_compat             65536  13 rdma_cm,ib_ipoib,mlxdevm,ko2iblnd,iw_cm,auxiliary,ib_umad,ib_core,rdma_ucm,ib_uverbs,mlx5_ib,ib_cm,mlx5_core
dca                    16384  2 ioatdma,ixgbe
drm                   495616  8 drm_kms_helper,drm_vram_helper,ast,nvidia,nvidia_drm,ttm,nouveau
mdio                   16384  1 ixgbe
ahci                   40960  2
i2c_i801               32768  0
libahci                32768  1 ahci
wmi                    32768  2 mxm_wmi,nouveau



================== g4006 ==================
Module                  Size  Used by
nvidia_fs             249856  0
nvidia_uvm           1351680  34
nvidia_drm             65536  0
nvidia_modeset       1302528  1 nvidia_drm
nvidia              56692736  2809 nvidia_uvm,nvidia_fs,nvidia_modeset
xt_nat                 16384  1
xt_tcpudp              20480  3
veth                   28672  0
mgc                    98304  1
lustre               1011712  7322
lmv                   204800  3 lustre
mdc                   262144  9 lustre
fid                    32768  1 mdc
lov                   331776  4884 mdc,lustre
fld                    40960  2 lov,lmv
osc                   421888  4945 mdc
ko2iblnd              237568  1
ptlrpc               1331200  8 fld,osc,fid,mgc,lov,mdc,lmv,lustre
obdclass             3284992  5018 fld,osc,fid,ptlrpc,mgc,lov,mdc,lmv,lustre
lnet                  565248  7 osc,ko2iblnd,obdclass,ptlrpc,mgc,lmv,lustre
xt_conntrack           16384  1
xt_MASQUERADE          20480  2
nf_conntrack_netlink    45056  0
nfnetlink              16384  2 nf_conntrack_netlink
xfrm_user              36864  1
iptable_nat            16384  1
nf_nat                 45056  3 xt_nat,iptable_nat,xt_MASQUERADE
nf_conntrack          139264  5 xt_conntrack,nf_nat,xt_nat,nf_conntrack_netlink,xt_MASQUERADE
nf_defrag_ipv6         24576  1 nf_conntrack
nf_defrag_ipv4         16384  1 nf_conntrack
xt_addrtype            16384  2
iptable_filter         16384  1
bpfilter               32768  0
aufs                  262144  0
uio_pci_generic        16384  0
uio                    20480  1 uio_pci_generic
cuse                   16384  0
overlay               118784  2
libcfs                487424  12 fld,lnet,osc,fid,ko2iblnd,obdclass,ptlrpc,mgc,lov,mdc,lmv,lustre
rdma_ucm               28672  0
rdma_cm               110592  2 ko2iblnd,rdma_ucm
iw_cm                  49152  1 rdma_cm
ib_ipoib              131072  0
ib_cm                 114688  2 rdma_cm,ib_ipoib
ib_umad                28672  8
nls_iso8859_1          16384  1
xfs                  1282048  1
dm_multipath           32768  0
scsi_dh_rdac           16384  0
scsi_dh_emc            16384  0
scsi_dh_alua           20480  0
intel_rapl_msr         20480  0
intel_rapl_common      24576  1 intel_rapl_msr
nfit                   65536  0
x86_pkg_temp_thermal    20480  0
ipmi_ssif              36864  0
intel_powerclamp       20480  0
coretemp               20480  0
kvm_intel             282624  0
kvm                   663552  1 kvm_intel
mlx5_ib               397312  0
ib_uverbs             135168  114 rdma_ucm,mlx5_ib
binfmt_misc            24576  1
mei_me                 40960  0
isst_if_mbox_pci       16384  0
isst_if_mmio           16384  0
ib_core               348160  9 rdma_cm,ib_ipoib,ko2iblnd,iw_cm,ib_umad,rdma_ucm,ib_uverbs,mlx5_ib,ib_cm
joydev                 24576  0
input_leds             16384  0
isst_if_common         16384  2 isst_if_mmio,isst_if_mbox_pci
mei                   106496  1 mei_me
ioatdma                53248  0
ipmi_si                65536  0
acpi_pad              184320  0
ipmi_devintf           20480  0
ipmi_msghandler       106496  3 ipmi_devintf,ipmi_si,ipmi_ssif
acpi_power_meter       20480  0
mac_hid                16384  0
sch_fq_codel           20480  190
br_netfilter           28672  0
bridge                176128  1 br_netfilter
stp                    16384  1 bridge
llc                    16384  2 bridge,stp
knem                   49152  0
msr                    16384  0
ramoops                28672  0
reed_solomon           24576  1 ramoops
efi_pstore             16384  0
ip_tables              32768  2 iptable_filter,iptable_nat
x_tables               40960  7 xt_conntrack,iptable_filter,xt_tcpudp,xt_addrtype,xt_nat,ip_tables,xt_MASQUERADE
autofs4                45056  2
btrfs                1265664  0
zstd_compress         167936  1 btrfs
raid10                 61440  0
raid456               155648  0
async_raid6_recov      24576  1 raid456
async_memcpy           20480  2 raid456,async_raid6_recov
async_pq               24576  2 raid456,async_raid6_recov
async_xor              20480  3 async_pq,raid456,async_raid6_recov
async_tx               20480  5 async_pq,async_memcpy,async_xor,raid456,async_raid6_recov
xor                    24576  2 async_xor,btrfs
raid6_pq              114688  4 async_pq,btrfs,raid456,async_raid6_recov
libcrc32c              16384  5 nf_conntrack,nf_nat,btrfs,xfs,raid456
raid1                  45056  0
raid0                  24576  0
multipath              20480  0
linear                 20480  0
ses                    20480  0
enclosure              16384  1 ses
ast                    53248  0
hid_generic            16384  0
drm_vram_helper        20480  1 ast
i2c_algo_bit           16384  1 ast
ttm                   106496  1 drm_vram_helper
mlx5_core            1716224  1 mlx5_ib
usbhid                 57344  0
crct10dif_pclmul       16384  1
crc32_pclmul           16384  0
hid                   131072  2 usbhid,hid_generic
pci_hyperv_intf        16384  1 mlx5_core
ghash_clmulni_intel    16384  0
mlxdevm               172032  1 mlx5_core
auxiliary              16384  2 mlx5_ib,mlx5_core
aesni_intel           372736  0
drm_kms_helper        184320  4 ast,nvidia_drm
crypto_simd            16384  1 aesni_intel
ixgbe                 344064  0
mpt3sas               278528  0
tls                    73728  1 mlx5_core
syscopyarea            16384  1 drm_kms_helper
nvme                   49152  1
sysfillrect            16384  1 drm_kms_helper
cryptd                 24576  2 crypto_simd,ghash_clmulni_intel
mlxfw                  32768  1 mlx5_core
glue_helper            16384  1 aesni_intel
sysimgblt              16384  1 drm_kms_helper
psample                20480  1 mlx5_core
nvme_core              98304  3 nvme
raid_class             16384  1 mpt3sas
xfrm_algo              16384  2 xfrm_user,ixgbe
fb_sys_fops            16384  1 drm_kms_helper
mlx_compat             65536  13 rdma_cm,ib_ipoib,mlxdevm,ko2iblnd,iw_cm,auxiliary,ib_umad,ib_core,rdma_ucm,ib_uverbs,mlx5_ib,ib_cm,mlx5_core
scsi_transport_sas     36864  2 ses,mpt3sas
dca                    16384  2 ioatdma,ixgbe
drm                   495616  7 drm_kms_helper,drm_vram_helper,ast,nvidia,nvidia_drm,ttm
mdio                   16384  1 ixgbe
ahci                   40960  2
i2c_i801               32768  0
libahci                32768  1 ahci
wmi                    32768  0



================== g4007 ==================
Module                  Size  Used by
nvidia_fs             249856  0
nvidia_uvm           1351680  34
nvidia_drm             65536  0
nvidia_modeset       1302528  1 nvidia_drm
nvidia              56692736  2809 nvidia_uvm,nvidia_fs,nvidia_modeset
xt_nat                 16384  1
xt_tcpudp              20480  3
veth                   28672  0
mgc                    98304  1
lustre               1011712  6857
lmv                   204800  3 lustre
mdc                   262144  9 lustre
fid                    32768  1 mdc
lov                   331776  4574 mdc,lustre
fld                    40960  2 lov,lmv
osc                   421888  4635 mdc
ko2iblnd              237568  1
ptlrpc               1331200  8 fld,osc,fid,mgc,lov,mdc,lmv,lustre
obdclass             3284992  4708 fld,osc,fid,ptlrpc,mgc,lov,mdc,lmv,lustre
lnet                  565248  7 osc,ko2iblnd,obdclass,ptlrpc,mgc,lmv,lustre
xt_conntrack           16384  1
xt_MASQUERADE          20480  2
nf_conntrack_netlink    45056  0
nfnetlink              16384  2 nf_conntrack_netlink
xfrm_user              36864  1
iptable_nat            16384  1
nf_nat                 45056  3 xt_nat,iptable_nat,xt_MASQUERADE
xt_addrtype            16384  2
iptable_filter         16384  1
bpfilter               32768  0
aufs                  262144  0
uio_pci_generic        16384  0
uio                    20480  1 uio_pci_generic
cuse                   16384  0
libcfs                487424  12 fld,lnet,osc,fid,ko2iblnd,obdclass,ptlrpc,mgc,lov,mdc,lmv,lustre
rdma_ucm               28672  0
rdma_cm               110592  2 ko2iblnd,rdma_ucm
iw_cm                  49152  1 rdma_cm
ib_ipoib              131072  0
ib_cm                 114688  2 rdma_cm,ib_ipoib
ib_umad                28672  8
nls_iso8859_1          16384  1
xfs                  1282048  1
dm_multipath           32768  0
scsi_dh_rdac           16384  0
scsi_dh_emc            16384  0
scsi_dh_alua           20480  0
intel_rapl_msr         20480  0
ipmi_ssif              36864  0
intel_rapl_common      24576  1 intel_rapl_msr
nfit                   65536  0
x86_pkg_temp_thermal    20480  0
intel_powerclamp       20480  0
coretemp               20480  0
kvm_intel             282624  0
kvm                   663552  1 kvm_intel
mlx5_ib               397312  0
ib_uverbs             135168  90 rdma_ucm,mlx5_ib
mei_me                 40960  0
isst_if_mmio           16384  0
isst_if_mbox_pci       16384  0
binfmt_misc            24576  1
input_leds             16384  0
joydev                 24576  0
ib_core               348160  9 rdma_cm,ib_ipoib,ko2iblnd,iw_cm,ib_umad,rdma_ucm,ib_uverbs,mlx5_ib,ib_cm
isst_if_common         16384  2 isst_if_mmio,isst_if_mbox_pci
mei                   106496  1 mei_me
ioatdma                53248  0
ipmi_si                65536  0
ipmi_devintf           20480  0
ipmi_msghandler       106496  3 ipmi_devintf,ipmi_si,ipmi_ssif
acpi_power_meter       20480  0
acpi_pad              184320  0
mac_hid                16384  0
sch_fq_codel           20480  190
knem                   49152  0
overlay               118784  2
br_netfilter           28672  0
bridge                176128  1 br_netfilter
stp                    16384  1 bridge
llc                    16384  2 bridge,stp
nf_conntrack          139264  5 xt_conntrack,nf_nat,xt_nat,nf_conntrack_netlink,xt_MASQUERADE
nf_defrag_ipv6         24576  1 nf_conntrack
nf_defrag_ipv4         16384  1 nf_conntrack
msr                    16384  0
ramoops                28672  0
reed_solomon           24576  1 ramoops
efi_pstore             16384  0
ip_tables              32768  2 iptable_filter,iptable_nat
x_tables               40960  7 xt_conntrack,iptable_filter,xt_tcpudp,xt_addrtype,xt_nat,ip_tables,xt_MASQUERADE
autofs4                45056  2
btrfs                1265664  0
zstd_compress         167936  1 btrfs
raid10                 61440  0
raid456               155648  0
async_raid6_recov      24576  1 raid456
async_memcpy           20480  2 raid456,async_raid6_recov
async_pq               24576  2 raid456,async_raid6_recov
async_xor              20480  3 async_pq,raid456,async_raid6_recov
async_tx               20480  5 async_pq,async_memcpy,async_xor,raid456,async_raid6_recov
xor                    24576  2 async_xor,btrfs
raid6_pq              114688  4 async_pq,btrfs,raid456,async_raid6_recov
libcrc32c              16384  5 nf_conntrack,nf_nat,btrfs,xfs,raid456
raid1                  45056  0
raid0                  24576  0
multipath              20480  0
linear                 20480  0
ses                    20480  0
enclosure              16384  1 ses
hid_generic            16384  0
ast                    53248  0
nouveau              1949696  0
usbhid                 57344  0
drm_vram_helper        20480  1 ast
mxm_wmi                16384  1 nouveau
hid                   131072  2 usbhid,hid_generic
mlx5_core            1716224  1 mlx5_ib
video                  57344  1 nouveau
crct10dif_pclmul       16384  1
i2c_algo_bit           16384  2 ast,nouveau
crc32_pclmul           16384  0
ttm                   106496  2 drm_vram_helper,nouveau
pci_hyperv_intf        16384  1 mlx5_core
ghash_clmulni_intel    16384  0
aesni_intel           372736  0
crypto_simd            16384  1 aesni_intel
cryptd                 24576  2 crypto_simd,ghash_clmulni_intel
mlxdevm               172032  1 mlx5_core
glue_helper            16384  1 aesni_intel
drm_kms_helper        184320  5 ast,nvidia_drm,nouveau
auxiliary              16384  2 mlx5_ib,mlx5_core
ixgbe                 344064  0
nvme                   49152  1
mpt3sas               278528  0
tls                    73728  1 mlx5_core
syscopyarea            16384  1 drm_kms_helper
sysfillrect            16384  1 drm_kms_helper
mlxfw                  32768  1 mlx5_core
sysimgblt              16384  1 drm_kms_helper
psample                20480  1 mlx5_core
nvme_core              98304  3 nvme
raid_class             16384  1 mpt3sas
xfrm_algo              16384  2 xfrm_user,ixgbe
fb_sys_fops            16384  1 drm_kms_helper
scsi_transport_sas     36864  2 ses,mpt3sas
mlx_compat             65536  13 rdma_cm,ib_ipoib,mlxdevm,ko2iblnd,iw_cm,auxiliary,ib_umad,ib_core,rdma_ucm,ib_uverbs,mlx5_ib,ib_cm,mlx5_core
dca                    16384  2 ioatdma,ixgbe
drm                   495616  8 drm_kms_helper,drm_vram_helper,ast,nvidia,nvidia_drm,ttm,nouveau
mdio                   16384  1 ixgbe
ahci                   40960  2
i2c_i801               32768  0
libahci                32768  1 ahci
wmi                    32768  2 mxm_wmi,nouveau



================== g4008 ==================
Module                  Size  Used by
nvidia_fs             249856  0
nvidia_uvm           1351680  34
nvidia_drm             65536  0
nvidia_modeset       1302528  1 nvidia_drm
nvidia              56692736  2910 nvidia_uvm,nvidia_fs,nvidia_modeset
xt_multiport           20480  8
ipt_rpfilter           16384  1
ip_set_hash_ip         40960  1
ip_set_hash_net        49152  3
ipip                   20480  0
tunnel4                16384  1 ipip
ip_tunnel              24576  1 ipip
wireguard             208896  0
ip6_udp_tunnel         16384  1 wireguard
udp_tunnel             16384  1 wireguard
iptable_raw            16384  1
xt_CT                  16384  8
xt_set                 16384  14
ip_set_hash_ipportip    45056  4
ip_set_hash_ipportnet    49152  2
ip_set_hash_ipport     40960  16
ip_set_bitmap_port     20480  10
ip_set                 53248  7 ip_set_hash_ipportnet,ip_set_bitmap_port,ip_set_hash_ip,xt_set,ip_set_hash_net,ip_set_hash_ipport,ip_set_hash_ipportip
dummy                  16384  0
nf_tables             139264  0
ip_vs_sh               16384  0
ip_vs_wrr              16384  0
ip_vs_rr               16384  42
ip_vs                 155648  48 ip_vs_rr,ip_vs_sh,ip_vs_wrr
xt_nat                 16384  1
xt_tcpudp              20480  15
veth                   28672  0
iptable_mangle         16384  1
ip6table_mangle        16384  1
ip6table_filter        16384  1
ip6table_nat           16384  1
ip6_tables             32768  3 ip6table_filter,ip6table_nat,ip6table_mangle
xt_comment             16384  358
xt_mark                16384  103
mgc                    98304  1
lustre               1011712  7406
lmv                   204800  3 lustre
mdc                   262144  9 lustre
fid                    32768  1 mdc
lov                   331776  4940 mdc,lustre
fld                    40960  2 lov,lmv
osc                   421888  5001 mdc
xt_conntrack           16384  34
xt_MASQUERADE          20480  7
nf_conntrack_netlink    45056  0
nfnetlink              16384  4 nf_conntrack_netlink,nf_tables,ip_set
xfrm_user              36864  1
ko2iblnd              237568  1
iptable_nat            16384  1
nf_nat                 45056  4 ip6table_nat,xt_nat,iptable_nat,xt_MASQUERADE
xt_addrtype            16384  8
iptable_filter         16384  1
bpfilter               32768  0
ptlrpc               1331200  8 fld,osc,fid,mgc,lov,mdc,lmv,lustre
obdclass             3284992  5074 fld,osc,fid,ptlrpc,mgc,lov,mdc,lmv,lustre
lnet                  565248  7 osc,ko2iblnd,obdclass,ptlrpc,mgc,lmv,lustre
aufs                  262144  0
uio_pci_generic        16384  0
uio                    20480  1 uio_pci_generic
cuse                   16384  0
libcfs                487424  12 fld,lnet,osc,fid,ko2iblnd,obdclass,ptlrpc,mgc,lov,mdc,lmv,lustre
rdma_ucm               28672  0
rdma_cm               110592  2 ko2iblnd,rdma_ucm
iw_cm                  49152  1 rdma_cm
ib_ipoib              131072  0
ib_cm                 114688  2 rdma_cm,ib_ipoib
ib_umad                28672  8
nls_iso8859_1          16384  1
xfs                  1282048  1
dm_multipath           32768  0
scsi_dh_rdac           16384  0
scsi_dh_emc            16384  0
scsi_dh_alua           20480  0
ipmi_ssif              36864  0
intel_rapl_msr         20480  0
intel_rapl_common      24576  1 intel_rapl_msr
nfit                   65536  0
x86_pkg_temp_thermal    20480  0
intel_powerclamp       20480  0
coretemp               20480  0
kvm_intel             282624  0
kvm                   663552  1 kvm_intel
binfmt_misc            24576  1
mlx5_ib               397312  0
ib_uverbs             135168  114 rdma_ucm,mlx5_ib
mei_me                 40960  0
isst_if_mbox_pci       16384  0
isst_if_mmio           16384  0
ib_core               348160  9 rdma_cm,ib_ipoib,ko2iblnd,iw_cm,ib_umad,rdma_ucm,ib_uverbs,mlx5_ib,ib_cm
joydev                 24576  0
input_leds             16384  0
isst_if_common         16384  2 isst_if_mmio,isst_if_mbox_pci
mei                   106496  1 mei_me
ioatdma                53248  0
ipmi_si                65536  0
ipmi_devintf           20480  0
ipmi_msghandler       106496  3 ipmi_devintf,ipmi_si,ipmi_ssif
acpi_power_meter       20480  0
acpi_pad              184320  0
mac_hid                16384  0
sch_fq_codel           20480  190
knem                   49152  0
overlay               118784  21
br_netfilter           28672  0
bridge                176128  1 br_netfilter
stp                    16384  1 bridge
llc                    16384  2 bridge,stp
nf_conntrack          139264  7 xt_conntrack,nf_nat,xt_nat,nf_conntrack_netlink,xt_CT,xt_MASQUERADE,ip_vs
nf_defrag_ipv6         24576  2 nf_conntrack,ip_vs
nf_defrag_ipv4         16384  1 nf_conntrack
msr                    16384  0
ramoops                28672  0
reed_solomon           24576  1 ramoops
efi_pstore             16384  0
ip_tables              32768  4 iptable_filter,iptable_raw,iptable_nat,iptable_mangle
x_tables               40960  18 ip6table_filter,xt_conntrack,iptable_filter,xt_multiport,xt_tcpudp,xt_addrtype,xt_nat,xt_comment,xt_set,ip6_tables,ipt_rpfilter,xt_CT,iptable_raw,ip_tables,ip6table_mangle,xt_MASQUERADE,iptable_mangle,xt_mark
autofs4                45056  2
btrfs                1265664  0
zstd_compress         167936  1 btrfs
raid10                 61440  0
raid456               155648  0
async_raid6_recov      24576  1 raid456
async_memcpy           20480  2 raid456,async_raid6_recov
async_pq               24576  2 raid456,async_raid6_recov
async_xor              20480  3 async_pq,raid456,async_raid6_recov
async_tx               20480  5 async_pq,async_memcpy,async_xor,raid456,async_raid6_recov
xor                    24576  2 async_xor,btrfs
raid6_pq              114688  4 async_pq,btrfs,raid456,async_raid6_recov
libcrc32c              16384  6 nf_conntrack,nf_nat,btrfs,xfs,raid456,ip_vs
raid1                  45056  0
raid0                  24576  0
multipath              20480  0
linear                 20480  0
ses                    20480  0
enclosure              16384  1 ses
nouveau              1949696  0
hid_generic            16384  0
ast                    53248  0
drm_vram_helper        20480  1 ast
mxm_wmi                16384  1 nouveau
mlx5_core            1716224  1 mlx5_ib
usbhid                 57344  0
video                  57344  1 nouveau
i2c_algo_bit           16384  2 ast,nouveau
pci_hyperv_intf        16384  1 mlx5_core
hid                   131072  2 usbhid,hid_generic
mlxdevm               172032  1 mlx5_core
ttm                   106496  2 drm_vram_helper,nouveau
crct10dif_pclmul       16384  1
crc32_pclmul           16384  0
ghash_clmulni_intel    16384  0
auxiliary              16384  2 mlx5_ib,mlx5_core
drm_kms_helper        184320  5 ast,nvidia_drm,nouveau
aesni_intel           372736  0
tls                    73728  1 mlx5_core
nvme                   49152  1
syscopyarea            16384  1 drm_kms_helper
crypto_simd            16384  1 aesni_intel
ixgbe                 344064  0
mpt3sas               278528  0
mlxfw                  32768  1 mlx5_core
sysfillrect            16384  1 drm_kms_helper
cryptd                 24576  2 crypto_simd,ghash_clmulni_intel
psample                20480  1 mlx5_core
sysimgblt              16384  1 drm_kms_helper
glue_helper            16384  1 aesni_intel
xfrm_algo              16384  2 xfrm_user,ixgbe
nvme_core              98304  3 nvme
raid_class             16384  1 mpt3sas
fb_sys_fops            16384  1 drm_kms_helper
scsi_transport_sas     36864  2 ses,mpt3sas
mlx_compat             65536  13 rdma_cm,ib_ipoib,mlxdevm,ko2iblnd,iw_cm,auxiliary,ib_umad,ib_core,rdma_ucm,ib_uverbs,mlx5_ib,ib_cm,mlx5_core
dca                    16384  2 ioatdma,ixgbe
drm                   495616  8 drm_kms_helper,drm_vram_helper,ast,nvidia,nvidia_drm,ttm,nouveau
ahci                   40960  2
mdio                   16384  1 ixgbe
i2c_i801               32768  0
libahci                32768  1 ahci
wmi                    32768  2 mxm_wmi,nouveau



================== g3025 ==================
Module                  Size  Used by
xt_nat                 16384  1
xt_tcpudp              20480  3
veth                   28672  0
xt_conntrack           16384  1
xt_MASQUERADE          20480  3
nf_conntrack_netlink    45056  0
nfnetlink              16384  2 nf_conntrack_netlink
xfrm_user              36864  1
xfrm_algo              16384  1 xfrm_user
iptable_nat            16384  1
nf_nat                 45056  3 xt_nat,iptable_nat,xt_MASQUERADE
nf_conntrack          139264  5 xt_conntrack,nf_nat,xt_nat,nf_conntrack_netlink,xt_MASQUERADE
nf_defrag_ipv6         24576  1 nf_conntrack
nf_defrag_ipv4         16384  1 nf_conntrack
xt_addrtype            16384  2
iptable_filter         16384  1
bpfilter               32768  0
br_netfilter           28672  0
bridge                176128  1 br_netfilter
stp                    16384  1 bridge
llc                    16384  2 bridge,stp
aufs                  262144  0
overlay               118784  2
xfs                  1282048  1
nvidia_uvm           1036288  28
mgc                    98304  1
lustre               1011712  7961
lmv                   204800  3 lustre
mdc                   262144  9 lustre
fid                    32768  1 mdc
lov                   331776  5310 mdc,lustre
fld                    40960  2 lov,lmv
osc                   421888  5371 mdc
ko2iblnd              237568  1
ptlrpc               1331200  8 fld,osc,fid,mgc,lov,mdc,lmv,lustre
obdclass             3284992  5444 fld,osc,fid,ptlrpc,mgc,lov,mdc,lmv,lustre
lnet                  565248  7 osc,ko2iblnd,obdclass,ptlrpc,mgc,lmv,lustre
libcfs                487424  12 fld,lnet,osc,fid,ko2iblnd,obdclass,ptlrpc,mgc,lov,mdc,lmv,lustre
uio_pci_generic        16384  0
uio                    20480  1 uio_pci_generic
cuse                   16384  0
rdma_ucm               28672  0
rdma_cm               110592  2 ko2iblnd,rdma_ucm
iw_cm                  49152  1 rdma_cm
ib_ipoib              131072  0
ib_cm                 114688  2 rdma_cm,ib_ipoib
ib_umad                28672  8
nls_iso8859_1          16384  1
dm_multipath           32768  0
scsi_dh_rdac           16384  0
scsi_dh_emc            16384  0
scsi_dh_alua           20480  0
nvidia_drm             57344  0
nvidia_modeset       1196032  1 nvidia_drm
intel_rapl_msr         20480  0
intel_rapl_common      24576  1 intel_rapl_msr
nfit                   65536  0
x86_pkg_temp_thermal    20480  0
coretemp               20480  0
ipmi_ssif              36864  0
mlx5_ib               397312  0
ib_uverbs             135168  126 rdma_ucm,mlx5_ib
binfmt_misc            24576  1
kvm                   663552  0
nvidia              35270656  4889 nvidia_uvm,nvidia_modeset
input_leds             16384  0
joydev                 24576  0
ib_core               348160  9 rdma_cm,ib_ipoib,ko2iblnd,iw_cm,ib_umad,rdma_ucm,ib_uverbs,mlx5_ib,ib_cm
isst_if_mbox_pci       16384  0
isst_if_mmio           16384  0
isst_if_common         16384  2 isst_if_mmio,isst_if_mbox_pci
mei_me                 40960  0
mei                   106496  1 mei_me
ioatdma                53248  0
ipmi_si                65536  0
ipmi_devintf           20480  0
ipmi_msghandler       106496  3 ipmi_devintf,ipmi_si,ipmi_ssif
acpi_power_meter       20480  0
mac_hid                16384  0
sch_fq_codel           20480  80
knem                   49152  0
msr                    16384  0
ramoops                28672  0
reed_solomon           24576  1 ramoops
efi_pstore             16384  0
ip_tables              32768  2 iptable_filter,iptable_nat
x_tables               40960  7 xt_conntrack,iptable_filter,xt_tcpudp,xt_addrtype,xt_nat,ip_tables,xt_MASQUERADE
autofs4                45056  2
btrfs                1265664  0
zstd_compress         167936  1 btrfs
raid10                 61440  0
raid456               155648  0
async_raid6_recov      24576  1 raid456
async_memcpy           20480  2 raid456,async_raid6_recov
async_pq               24576  2 raid456,async_raid6_recov
async_xor              20480  3 async_pq,raid456,async_raid6_recov
async_tx               20480  5 async_pq,async_memcpy,async_xor,raid456,async_raid6_recov
xor                    24576  2 async_xor,btrfs
raid6_pq              114688  4 async_pq,btrfs,raid456,async_raid6_recov
libcrc32c              16384  5 nf_conntrack,nf_nat,btrfs,xfs,raid456
raid1                  45056  0
raid0                  24576  0
multipath              20480  0
linear                 20480  0
ses                    20480  0
enclosure              16384  1 ses
ast                    53248  0
drm_vram_helper        20480  1 ast
mlx5_core            1716224  1 mlx5_ib
ttm                   106496  1 drm_vram_helper
hid_generic            16384  0
drm_kms_helper        184320  4 ast,nvidia_drm
syscopyarea            16384  1 drm_kms_helper
pci_hyperv_intf        16384  1 mlx5_core
sysfillrect            16384  1 drm_kms_helper
mlxdevm               172032  1 mlx5_core
usbhid                 57344  0
sysimgblt              16384  1 drm_kms_helper
hid                   131072  2 usbhid,hid_generic
auxiliary              16384  2 mlx5_ib,mlx5_core
crct10dif_pclmul       16384  1
crc32_pclmul           16384  0
tls                    73728  1 mlx5_core
mlxfw                  32768  1 mlx5_core
ghash_clmulni_intel    16384  0
aesni_intel           372736  0
crypto_simd            16384  1 aesni_intel
cryptd                 24576  2 crypto_simd,ghash_clmulni_intel
igb                   221184  0
mpt3sas               278528  2
glue_helper            16384  1 aesni_intel
nvme                   49152  1
fb_sys_fops            16384  1 drm_kms_helper
psample                20480  1 mlx5_core
raid_class             16384  1 mpt3sas
dca                    16384  2 igb,ioatdma
scsi_transport_sas     36864  2 ses,mpt3sas
mlx_compat             65536  13 rdma_cm,ib_ipoib,mlxdevm,ko2iblnd,iw_cm,auxiliary,ib_umad,ib_core,rdma_ucm,ib_uverbs,mlx5_ib,ib_cm,mlx5_core
i2c_algo_bit           16384  2 igb,ast
nvme_core              98304  3 nvme
drm                   495616  7 drm_kms_helper,drm_vram_helper,ast,nvidia,nvidia_drm,ttm
ahci                   40960  0
i2c_i801               32768  0
libahci                32768  1 ahci
wmi                    32768  0



================== g3026 ==================
Module                  Size  Used by
udp_diag               16384  0
raw_diag               16384  0
unix_diag              16384  0
tcp_diag               16384  0
inet_diag              24576  3 tcp_diag,raw_diag,udp_diag
xt_nat                 16384  1
xt_tcpudp              20480  3
veth                   28672  0
xt_conntrack           16384  2
xt_MASQUERADE          20480  4
nf_conntrack_netlink    45056  0
nfnetlink              16384  3 nf_conntrack_netlink
xfrm_user              36864  2
xfrm_algo              16384  1 xfrm_user
iptable_nat            16384  2
nf_nat                 45056  3 xt_nat,iptable_nat,xt_MASQUERADE
nf_conntrack          139264  5 xt_conntrack,nf_nat,xt_nat,nf_conntrack_netlink,xt_MASQUERADE
nf_defrag_ipv6         24576  1 nf_conntrack
nf_defrag_ipv4         16384  1 nf_conntrack
xt_addrtype            16384  4
iptable_filter         16384  2
bpfilter               32768  0
br_netfilter           28672  0
bridge                176128  1 br_netfilter
stp                    16384  1 bridge
llc                    16384  2 bridge,stp
aufs                  262144  0
overlay               118784  3
xfs                  1282048  1
nvidia_uvm           1036288  16
mgc                    98304  1
lustre               1011712  6500
lmv                   204800  3 lustre
mdc                   262144  9 lustre
fid                    32768  1 mdc
lov                   331776  4336 mdc,lustre
fld                    40960  2 lov,lmv
osc                   421888  4397 mdc
ko2iblnd              237568  1
ptlrpc               1331200  8 fld,osc,fid,mgc,lov,mdc,lmv,lustre
obdclass             3284992  4470 fld,osc,fid,ptlrpc,mgc,lov,mdc,lmv,lustre
lnet                  565248  7 osc,ko2iblnd,obdclass,ptlrpc,mgc,lmv,lustre
libcfs                487424  12 fld,lnet,osc,fid,ko2iblnd,obdclass,ptlrpc,mgc,lov,mdc,lmv,lustre
uio_pci_generic        16384  0
uio                    20480  1 uio_pci_generic
cuse                   16384  0
rdma_ucm               28672  0
rdma_cm               110592  2 ko2iblnd,rdma_ucm
iw_cm                  49152  1 rdma_cm
ib_ipoib              131072  0
ib_cm                 114688  2 rdma_cm,ib_ipoib
ib_umad                28672  8
nls_iso8859_1          16384  1
dm_multipath           32768  0
scsi_dh_rdac           16384  0
scsi_dh_emc            16384  0
scsi_dh_alua           20480  0
nvidia_drm             57344  0
nvidia_modeset       1196032  1 nvidia_drm
intel_rapl_msr         20480  0
intel_rapl_common      24576  1 intel_rapl_msr
nfit                   65536  0
x86_pkg_temp_thermal    20480  0
coretemp               20480  0
ipmi_ssif              36864  0
binfmt_misc            24576  1
kvm                   663552  0
nvidia              35270656  3241 nvidia_uvm,nvidia_modeset
mlx5_ib               397312  0
ib_uverbs             135168  114 rdma_ucm,mlx5_ib
input_leds             16384  0
joydev                 24576  0
ib_core               348160  9 rdma_cm,ib_ipoib,ko2iblnd,iw_cm,ib_umad,rdma_ucm,ib_uverbs,mlx5_ib,ib_cm
isst_if_mbox_pci       16384  0
isst_if_mmio           16384  0
isst_if_common         16384  2 isst_if_mmio,isst_if_mbox_pci
mei_me                 40960  0
mei                   106496  1 mei_me
ioatdma                53248  0
ipmi_si                65536  0
ipmi_devintf           20480  0
ipmi_msghandler       106496  3 ipmi_devintf,ipmi_si,ipmi_ssif
acpi_power_meter       20480  0
mac_hid                16384  0
sch_fq_codel           20480  97
knem                   49152  0
msr                    16384  0
ramoops                28672  0
reed_solomon           24576  1 ramoops
efi_pstore             16384  0
ip_tables              32768  2 iptable_filter,iptable_nat
x_tables               40960  7 xt_conntrack,iptable_filter,xt_tcpudp,xt_addrtype,xt_nat,ip_tables,xt_MASQUERADE
autofs4                45056  2
btrfs                1265664  0
zstd_compress         167936  1 btrfs
raid10                 61440  0
raid456               155648  0
async_raid6_recov      24576  1 raid456
async_memcpy           20480  2 raid456,async_raid6_recov
async_pq               24576  2 raid456,async_raid6_recov
async_xor              20480  3 async_pq,raid456,async_raid6_recov
async_tx               20480  5 async_pq,async_memcpy,async_xor,raid456,async_raid6_recov
xor                    24576  2 async_xor,btrfs
raid6_pq              114688  4 async_pq,btrfs,raid456,async_raid6_recov
libcrc32c              16384  5 nf_conntrack,nf_nat,btrfs,xfs,raid456
raid1                  45056  0
raid0                  24576  0
multipath              20480  0
linear                 20480  0
ses                    20480  0
enclosure              16384  1 ses
ast                    53248  0
drm_vram_helper        20480  1 ast
ttm                   106496  1 drm_vram_helper
mlx5_core            1716224  1 mlx5_ib
drm_kms_helper        184320  4 ast,nvidia_drm
hid_generic            16384  0
syscopyarea            16384  1 drm_kms_helper
sysfillrect            16384  1 drm_kms_helper
usbhid                 57344  0
hid                   131072  2 usbhid,hid_generic
pci_hyperv_intf        16384  1 mlx5_core
crct10dif_pclmul       16384  1
crc32_pclmul           16384  0
mlxdevm               172032  1 mlx5_core
ghash_clmulni_intel    16384  0
aesni_intel           372736  0
auxiliary              16384  2 mlx5_ib,mlx5_core
crypto_simd            16384  1 aesni_intel
cryptd                 24576  2 crypto_simd,ghash_clmulni_intel
glue_helper            16384  1 aesni_intel
mpt3sas               278528  2
igb                   221184  0
tls                    73728  1 mlx5_core
sysimgblt              16384  1 drm_kms_helper
mlxfw                  32768  1 mlx5_core
nvme                   49152  1
psample                20480  1 mlx5_core
raid_class             16384  1 mpt3sas
fb_sys_fops            16384  1 drm_kms_helper
dca                    16384  2 igb,ioatdma
scsi_transport_sas     36864  2 ses,mpt3sas
mlx_compat             65536  13 rdma_cm,ib_ipoib,mlxdevm,ko2iblnd,iw_cm,auxiliary,ib_umad,ib_core,rdma_ucm,ib_uverbs,mlx5_ib,ib_cm,mlx5_core
i2c_algo_bit           16384  2 igb,ast
nvme_core              98304  3 nvme
drm                   495616  7 drm_kms_helper,drm_vram_helper,ast,nvidia,nvidia_drm,ttm
ahci                   40960  0
i2c_i801               32768  0
libahci                32768  1 ahci
wmi                    32768  0



================== g3027 ==================
Module                  Size  Used by
nvidia_uvm           1036288  34
xt_nat                 16384  1
xt_tcpudp              20480  3
veth                   28672  0
mgc                    98304  1
lustre               1011712  6875
lmv                   204800  3 lustre
mdc                   262144  9 lustre
fid                    32768  1 mdc
lov                   331776  4586 mdc,lustre
fld                    40960  2 lov,lmv
osc                   421888  4647 mdc
ko2iblnd              237568  1
ptlrpc               1331200  8 fld,osc,fid,mgc,lov,mdc,lmv,lustre
obdclass             3284992  4720 fld,osc,fid,ptlrpc,mgc,lov,mdc,lmv,lustre
lnet                  565248  7 osc,ko2iblnd,obdclass,ptlrpc,mgc,lmv,lustre
xt_conntrack           16384  3
xt_MASQUERADE          20480  4
nf_conntrack_netlink    45056  0
nfnetlink              16384  4 nf_conntrack_netlink
xfrm_user              36864  3
xfrm_algo              16384  1 xfrm_user
iptable_nat            16384  3
nf_nat                 45056  3 xt_nat,iptable_nat,xt_MASQUERADE
nf_conntrack          139264  5 xt_conntrack,nf_nat,xt_nat,nf_conntrack_netlink,xt_MASQUERADE
nf_defrag_ipv6         24576  1 nf_conntrack
nf_defrag_ipv4         16384  1 nf_conntrack
xt_addrtype            16384  6
iptable_filter         16384  3
bpfilter               32768  0
aufs                  262144  0
uio_pci_generic        16384  0
uio                    20480  1 uio_pci_generic
cuse                   16384  0
libcfs                487424  12 fld,lnet,osc,fid,ko2iblnd,obdclass,ptlrpc,mgc,lov,mdc,lmv,lustre
overlay               118784  4
rdma_ucm               28672  0
rdma_cm               110592  2 ko2iblnd,rdma_ucm
iw_cm                  49152  1 rdma_cm
ib_ipoib              131072  0
ib_cm                 114688  2 rdma_cm,ib_ipoib
ib_umad                28672  8
nls_iso8859_1          16384  1
xfs                  1282048  1
dm_multipath           32768  0
scsi_dh_rdac           16384  0
scsi_dh_emc            16384  0
scsi_dh_alua           20480  0
nvidia_drm             57344  0
nvidia_modeset       1196032  1 nvidia_drm
intel_rapl_msr         20480  0
ipmi_ssif              36864  0
intel_rapl_common      24576  1 intel_rapl_msr
nfit                   65536  0
x86_pkg_temp_thermal    20480  0
coretemp               20480  0
mlx5_ib               397312  0
binfmt_misc            24576  1
kvm_intel             282624  0
ib_uverbs             135168  126 rdma_ucm,mlx5_ib
isst_if_mmio           16384  0
isst_if_mbox_pci       16384  0
kvm                   663552  1 kvm_intel
nvidia              35270656  4477 nvidia_uvm,nvidia_modeset
joydev                 24576  0
input_leds             16384  0
ib_core               348160  9 rdma_cm,ib_ipoib,ko2iblnd,iw_cm,ib_umad,rdma_ucm,ib_uverbs,mlx5_ib,ib_cm
isst_if_common         16384  2 isst_if_mmio,isst_if_mbox_pci
mei_me                 40960  0
mei                   106496  1 mei_me
ioatdma                53248  0
ipmi_si                65536  0
ipmi_devintf           20480  0
ipmi_msghandler       106496  3 ipmi_devintf,ipmi_si,ipmi_ssif
acpi_power_meter       20480  0
mac_hid                16384  0
sch_fq_codel           20480  98
br_netfilter           28672  0
bridge                176128  1 br_netfilter
stp                    16384  1 bridge
llc                    16384  2 bridge,stp
knem                   49152  0
msr                    16384  0
ramoops                28672  0
reed_solomon           24576  1 ramoops
efi_pstore             16384  0
ip_tables              32768  2 iptable_filter,iptable_nat
x_tables               40960  7 xt_conntrack,iptable_filter,xt_tcpudp,xt_addrtype,xt_nat,ip_tables,xt_MASQUERADE
autofs4                45056  2
btrfs                1265664  0
zstd_compress         167936  1 btrfs
raid10                 61440  0
raid456               155648  0
async_raid6_recov      24576  1 raid456
async_memcpy           20480  2 raid456,async_raid6_recov
async_pq               24576  2 raid456,async_raid6_recov
async_xor              20480  3 async_pq,raid456,async_raid6_recov
async_tx               20480  5 async_pq,async_memcpy,async_xor,raid456,async_raid6_recov
xor                    24576  2 async_xor,btrfs
raid6_pq              114688  4 async_pq,btrfs,raid456,async_raid6_recov
libcrc32c              16384  5 nf_conntrack,nf_nat,btrfs,xfs,raid456
raid1                  45056  0
raid0                  24576  0
multipath              20480  0
linear                 20480  0
ses                    20480  0
enclosure              16384  1 ses
ast                    53248  0
drm_vram_helper        20480  1 ast
hid_generic            16384  0
mlx5_core            1716224  1 mlx5_ib
ttm                   106496  1 drm_vram_helper
drm_kms_helper        184320  4 ast,nvidia_drm
pci_hyperv_intf        16384  1 mlx5_core
usbhid                 57344  0
crct10dif_pclmul       16384  1
hid                   131072  2 usbhid,hid_generic
crc32_pclmul           16384  0
ghash_clmulni_intel    16384  0
mlxdevm               172032  1 mlx5_core
aesni_intel           372736  0
auxiliary              16384  2 mlx5_ib,mlx5_core
crypto_simd            16384  1 aesni_intel
tls                    73728  1 mlx5_core
igb                   221184  0
syscopyarea            16384  1 drm_kms_helper
cryptd                 24576  2 crypto_simd,ghash_clmulni_intel
mlxfw                  32768  1 mlx5_core
mpt3sas               278528  2
glue_helper            16384  1 aesni_intel
sysfillrect            16384  1 drm_kms_helper
nvme                   49152  1
psample                20480  1 mlx5_core
sysimgblt              16384  1 drm_kms_helper
raid_class             16384  1 mpt3sas
dca                    16384  2 igb,ioatdma
fb_sys_fops            16384  1 drm_kms_helper
scsi_transport_sas     36864  2 ses,mpt3sas
i2c_algo_bit           16384  2 igb,ast
nvme_core              98304  3 nvme
mlx_compat             65536  13 rdma_cm,ib_ipoib,mlxdevm,ko2iblnd,iw_cm,auxiliary,ib_umad,ib_core,rdma_ucm,ib_uverbs,mlx5_ib,ib_cm,mlx5_core
drm                   495616  7 drm_kms_helper,drm_vram_helper,ast,nvidia,nvidia_drm,ttm
ahci                   40960  0
i2c_i801               32768  0
libahci                32768  1 ahci
wmi                    32768  0



================== g3028 ==================
Module                  Size  Used by
tcp_diag               16384  0
udp_diag               16384  0
raw_diag               16384  0
inet_diag              24576  3 tcp_diag,raw_diag,udp_diag
unix_diag              16384  0
nvidia_uvm           1036288  54
xt_nat                 16384  1
xt_tcpudp              20480  3
veth                   28672  0
mgc                    98304  1
lustre               1011712  7796
lmv                   204800  3 lustre
mdc                   262144  9 lustre
fid                    32768  1 mdc
lov                   331776  5200 mdc,lustre
fld                    40960  2 lov,lmv
osc                   421888  5261 mdc
ko2iblnd              237568  1
ptlrpc               1331200  8 fld,osc,fid,mgc,lov,mdc,lmv,lustre
obdclass             3284992  5334 fld,osc,fid,ptlrpc,mgc,lov,mdc,lmv,lustre
lnet                  565248  7 osc,ko2iblnd,obdclass,ptlrpc,mgc,lmv,lustre
xt_conntrack           16384  1
xt_MASQUERADE          20480  2
nf_conntrack_netlink    45056  0
nfnetlink              16384  2 nf_conntrack_netlink
xfrm_user              36864  1
xfrm_algo              16384  1 xfrm_user
iptable_nat            16384  1
nf_nat                 45056  3 xt_nat,iptable_nat,xt_MASQUERADE
nf_conntrack          139264  5 xt_conntrack,nf_nat,xt_nat,nf_conntrack_netlink,xt_MASQUERADE
nf_defrag_ipv6         24576  1 nf_conntrack
nf_defrag_ipv4         16384  1 nf_conntrack
xt_addrtype            16384  2
iptable_filter         16384  1
bpfilter               32768  0
br_netfilter           28672  0
bridge                176128  1 br_netfilter
stp                    16384  1 bridge
llc                    16384  2 bridge,stp
aufs                  262144  0
uio_pci_generic        16384  0
uio                    20480  1 uio_pci_generic
cuse                   16384  0
libcfs                487424  12 fld,lnet,osc,fid,ko2iblnd,obdclass,ptlrpc,mgc,lov,mdc,lmv,lustre
overlay               118784  2
rdma_ucm               28672  0
rdma_cm               110592  2 ko2iblnd,rdma_ucm
iw_cm                  49152  1 rdma_cm
ib_ipoib              131072  0
ib_cm                 114688  2 rdma_cm,ib_ipoib
ib_umad                28672  8
nls_iso8859_1          16384  1
xfs                  1282048  1
dm_multipath           32768  0
scsi_dh_rdac           16384  0
scsi_dh_emc            16384  0
scsi_dh_alua           20480  0
nvidia_drm             57344  0
nvidia_modeset       1196032  1 nvidia_drm
intel_rapl_msr         20480  0
intel_rapl_common      24576  1 intel_rapl_msr
ipmi_ssif              36864  0
nfit                   65536  0
x86_pkg_temp_thermal    20480  0
coretemp               20480  0
mlx5_ib               397312  0
ib_uverbs             135168  162 rdma_ucm,mlx5_ib
kvm                   663552  0
binfmt_misc            24576  1
nvidia              35270656  6669 nvidia_uvm,nvidia_modeset
joydev                 24576  0
input_leds             16384  0
isst_if_mbox_pci       16384  0
ib_core               348160  9 rdma_cm,ib_ipoib,ko2iblnd,iw_cm,ib_umad,rdma_ucm,ib_uverbs,mlx5_ib,ib_cm
isst_if_mmio           16384  0
isst_if_common         16384  2 isst_if_mmio,isst_if_mbox_pci
mei_me                 40960  0
mei                   106496  1 mei_me
ioatdma                53248  0
ipmi_si                65536  0
ipmi_devintf           20480  0
ipmi_msghandler       106496  3 ipmi_devintf,ipmi_si,ipmi_ssif
acpi_power_meter       20480  0
mac_hid                16384  0
sch_fq_codel           20480  72
knem                   49152  0
msr                    16384  0
ramoops                28672  0
reed_solomon           24576  1 ramoops
efi_pstore             16384  0
ip_tables              32768  2 iptable_filter,iptable_nat
x_tables               40960  7 xt_conntrack,iptable_filter,xt_tcpudp,xt_addrtype,xt_nat,ip_tables,xt_MASQUERADE
autofs4                45056  2
btrfs                1265664  0
zstd_compress         167936  1 btrfs
raid10                 61440  0
raid456               155648  0
async_raid6_recov      24576  1 raid456
async_memcpy           20480  2 raid456,async_raid6_recov
async_pq               24576  2 raid456,async_raid6_recov
async_xor              20480  3 async_pq,raid456,async_raid6_recov
async_tx               20480  5 async_pq,async_memcpy,async_xor,raid456,async_raid6_recov
xor                    24576  2 async_xor,btrfs
raid6_pq              114688  4 async_pq,btrfs,raid456,async_raid6_recov
libcrc32c              16384  5 nf_conntrack,nf_nat,btrfs,xfs,raid456
raid1                  45056  0
raid0                  24576  0
multipath              20480  0
linear                 20480  0
ses                    20480  0
enclosure              16384  1 ses
ast                    53248  0
mlx5_core            1716224  1 mlx5_ib
drm_vram_helper        20480  1 ast
hid_generic            16384  0
ttm                   106496  1 drm_vram_helper
drm_kms_helper        184320  4 ast,nvidia_drm
syscopyarea            16384  1 drm_kms_helper
usbhid                 57344  0
hid                   131072  2 usbhid,hid_generic
pci_hyperv_intf        16384  1 mlx5_core
crct10dif_pclmul       16384  1
crc32_pclmul           16384  0
mlxdevm               172032  1 mlx5_core
ghash_clmulni_intel    16384  0
aesni_intel           372736  0
crypto_simd            16384  1 aesni_intel
auxiliary              16384  2 mlx5_ib,mlx5_core
cryptd                 24576  2 crypto_simd,ghash_clmulni_intel
glue_helper            16384  1 aesni_intel
igb                   221184  0
tls                    73728  1 mlx5_core
sysfillrect            16384  1 drm_kms_helper
mlxfw                  32768  1 mlx5_core
mpt3sas               278528  1
sysimgblt              16384  1 drm_kms_helper
nvme                   49152  3
psample                20480  1 mlx5_core
raid_class             16384  1 mpt3sas
fb_sys_fops            16384  1 drm_kms_helper
dca                    16384  2 igb,ioatdma
scsi_transport_sas     36864  2 ses,mpt3sas
mlx_compat             65536  13 rdma_cm,ib_ipoib,mlxdevm,ko2iblnd,iw_cm,auxiliary,ib_umad,ib_core,rdma_ucm,ib_uverbs,mlx5_ib,ib_cm,mlx5_core
i2c_algo_bit           16384  2 igb,ast
nvme_core              98304  6 nvme
drm                   495616  7 drm_kms_helper,drm_vram_helper,ast,nvidia,nvidia_drm,ttm
ahci                   40960  0
i2c_i801               32768  0
libahci                32768  1 ahci
wmi                    32768  0



================== g3029 ==================
Module                  Size  Used by
tcp_diag               16384  0
udp_diag               16384  0
raw_diag               16384  0
inet_diag              24576  3 tcp_diag,raw_diag,udp_diag
unix_diag              16384  0
xt_nat                 16384  1
xt_tcpudp              20480  3
veth                   28672  0
xt_conntrack           16384  2
xt_MASQUERADE          20480  4
nf_conntrack_netlink    45056  0
nfnetlink              16384  3 nf_conntrack_netlink
xfrm_user              36864  2
xfrm_algo              16384  1 xfrm_user
iptable_nat            16384  2
nf_nat                 45056  3 xt_nat,iptable_nat,xt_MASQUERADE
nf_conntrack          139264  5 xt_conntrack,nf_nat,xt_nat,nf_conntrack_netlink,xt_MASQUERADE
nf_defrag_ipv6         24576  1 nf_conntrack
nf_defrag_ipv4         16384  1 nf_conntrack
xt_addrtype            16384  4
iptable_filter         16384  2
bpfilter               32768  0
br_netfilter           28672  0
bridge                176128  1 br_netfilter
stp                    16384  1 bridge
llc                    16384  2 bridge,stp
aufs                  262144  0
overlay               118784  3
xfs                  1282048  1
nvidia_uvm           1036288  16
mgc                    98304  1
lustre               1011712  7046
lmv                   204800  3 lustre
mdc                   262144  9 lustre
fid                    32768  1 mdc
lov                   331776  4700 mdc,lustre
fld                    40960  2 lov,lmv
osc                   421888  4761 mdc
ko2iblnd              237568  1
ptlrpc               1331200  8 fld,osc,fid,mgc,lov,mdc,lmv,lustre
obdclass             3284992  4834 fld,osc,fid,ptlrpc,mgc,lov,mdc,lmv,lustre
lnet                  565248  7 osc,ko2iblnd,obdclass,ptlrpc,mgc,lmv,lustre
libcfs                487424  12 fld,lnet,osc,fid,ko2iblnd,obdclass,ptlrpc,mgc,lov,mdc,lmv,lustre
uio_pci_generic        16384  0
uio                    20480  1 uio_pci_generic
cuse                   16384  0
rdma_ucm               28672  0
rdma_cm               110592  2 ko2iblnd,rdma_ucm
iw_cm                  49152  1 rdma_cm
ib_ipoib              131072  0
ib_cm                 114688  2 rdma_cm,ib_ipoib
ib_umad                28672  8
nls_iso8859_1          16384  1
dm_multipath           32768  0
scsi_dh_rdac           16384  0
scsi_dh_emc            16384  0
scsi_dh_alua           20480  0
nvidia_drm             57344  0
nvidia_modeset       1196032  1 nvidia_drm
intel_rapl_msr         20480  0
intel_rapl_common      24576  1 intel_rapl_msr
nfit                   65536  0
x86_pkg_temp_thermal    20480  0
ipmi_ssif              36864  0
coretemp               20480  0
kvm                   663552  0
binfmt_misc            24576  1
nvidia              35270656  3828 nvidia_uvm,nvidia_modeset
mlx5_ib               397312  0
ib_uverbs             135168  114 rdma_ucm,mlx5_ib
mei_me                 40960  0
isst_if_mbox_pci       16384  0
isst_if_mmio           16384  0
input_leds             16384  0
joydev                 24576  0
ib_core               348160  9 rdma_cm,ib_ipoib,ko2iblnd,iw_cm,ib_umad,rdma_ucm,ib_uverbs,mlx5_ib,ib_cm
isst_if_common         16384  2 isst_if_mmio,isst_if_mbox_pci
mei                   106496  1 mei_me
ioatdma                53248  0
ipmi_si                65536  0
ipmi_devintf           20480  0
ipmi_msghandler       106496  3 ipmi_devintf,ipmi_si,ipmi_ssif
acpi_power_meter       20480  0
mac_hid                16384  0
sch_fq_codel           20480  97
knem                   49152  0
msr                    16384  0
ramoops                28672  0
reed_solomon           24576  1 ramoops
efi_pstore             16384  0
ip_tables              32768  2 iptable_filter,iptable_nat
x_tables               40960  7 xt_conntrack,iptable_filter,xt_tcpudp,xt_addrtype,xt_nat,ip_tables,xt_MASQUERADE
autofs4                45056  2
btrfs                1265664  0
zstd_compress         167936  1 btrfs
raid10                 61440  0
raid456               155648  0
async_raid6_recov      24576  1 raid456
async_memcpy           20480  2 raid456,async_raid6_recov
async_pq               24576  2 raid456,async_raid6_recov
async_xor              20480  3 async_pq,raid456,async_raid6_recov
async_tx               20480  5 async_pq,async_memcpy,async_xor,raid456,async_raid6_recov
xor                    24576  2 async_xor,btrfs
raid6_pq              114688  4 async_pq,btrfs,raid456,async_raid6_recov
libcrc32c              16384  5 nf_conntrack,nf_nat,btrfs,xfs,raid456
raid1                  45056  0
raid0                  24576  0
multipath              20480  0
linear                 20480  0
ses                    20480  0
enclosure              16384  1 ses
ast                    53248  0
drm_vram_helper        20480  1 ast
ttm                   106496  1 drm_vram_helper
mlx5_core            1716224  1 mlx5_ib
drm_kms_helper        184320  4 ast,nvidia_drm
hid_generic            16384  0
pci_hyperv_intf        16384  1 mlx5_core
syscopyarea            16384  1 drm_kms_helper
usbhid                 57344  0
hid                   131072  2 usbhid,hid_generic
crct10dif_pclmul       16384  1
crc32_pclmul           16384  0
mlxdevm               172032  1 mlx5_core
ghash_clmulni_intel    16384  0
aesni_intel           372736  0
auxiliary              16384  2 mlx5_ib,mlx5_core
tls                    73728  1 mlx5_core
crypto_simd            16384  1 aesni_intel
mlxfw                  32768  1 mlx5_core
mpt3sas               278528  2
igb                   221184  0
cryptd                 24576  2 crypto_simd,ghash_clmulni_intel
sysfillrect            16384  1 drm_kms_helper
psample                20480  1 mlx5_core
glue_helper            16384  1 aesni_intel
raid_class             16384  1 mpt3sas
nvme                   49152  1
sysimgblt              16384  1 drm_kms_helper
dca                    16384  2 igb,ioatdma
fb_sys_fops            16384  1 drm_kms_helper
scsi_transport_sas     36864  2 ses,mpt3sas
mlx_compat             65536  13 rdma_cm,ib_ipoib,mlxdevm,ko2iblnd,iw_cm,auxiliary,ib_umad,ib_core,rdma_ucm,ib_uverbs,mlx5_ib,ib_cm,mlx5_core
i2c_algo_bit           16384  2 igb,ast
nvme_core              98304  3 nvme
drm                   495616  7 drm_kms_helper,drm_vram_helper,ast,nvidia,nvidia_drm,ttm
ahci                   40960  0
i2c_i801               32768  0
libahci                32768  1 ahci
wmi                    32768  0



================== g1004 ==================
Module                  Size  Used by
nvidia_uvm           1036288  14
xt_nat                 16384  1
xt_tcpudp              20480  3
veth                   28672  0
xt_conntrack           16384  1
mgc                    98304  1
xt_MASQUERADE          20480  2
lustre               1011712  7085
nf_conntrack_netlink    45056  0
nfnetlink              16384  2 nf_conntrack_netlink
xfrm_user              36864  1
xfrm_algo              16384  1 xfrm_user
lmv                   204800  3 lustre
mdc                   262144  9 lustre
iptable_nat            16384  1
nf_nat                 45056  3 xt_nat,iptable_nat,xt_MASQUERADE
nf_conntrack          139264  5 xt_conntrack,nf_nat,xt_nat,nf_conntrack_netlink,xt_MASQUERADE
fid                    32768  1 mdc
nf_defrag_ipv6         24576  1 nf_conntrack
lov                   331776  4726 mdc,lustre
nf_defrag_ipv4         16384  1 nf_conntrack
xt_addrtype            16384  2
iptable_filter         16384  1
bpfilter               32768  0
fld                    40960  2 lov,lmv
osc                   421888  4787 mdc
ko2iblnd              237568  1
ptlrpc               1331200  8 fld,osc,fid,mgc,lov,mdc,lmv,lustre
obdclass             3284992  4860 fld,osc,fid,ptlrpc,mgc,lov,mdc,lmv,lustre
lnet                  565248  7 osc,ko2iblnd,obdclass,ptlrpc,mgc,lmv,lustre
aufs                  262144  0
uio_pci_generic        16384  0
uio                    20480  1 uio_pci_generic
cuse                   16384  0
libcfs                487424  12 fld,lnet,osc,fid,ko2iblnd,obdclass,ptlrpc,mgc,lov,mdc,lmv,lustre
overlay               118784  2
rdma_ucm               28672  0
rdma_cm               110592  2 ko2iblnd,rdma_ucm
iw_cm                  49152  1 rdma_cm
ib_ipoib              131072  0
ib_cm                 114688  2 rdma_cm,ib_ipoib
ib_umad                28672  16
nls_iso8859_1          16384  1
xfs                  1282048  1
dm_multipath           32768  0
scsi_dh_rdac           16384  0
scsi_dh_emc            16384  0
scsi_dh_alua           20480  0
nvidia_drm             57344  0
ipmi_ssif              36864  0
nvidia_modeset       1196032  1 nvidia_drm
intel_rapl_msr         20480  0
intel_rapl_common      24576  1 intel_rapl_msr
nfit                   65536  0
nvidia              35270656  1700 nvidia_uvm,nvidia_modeset
x86_pkg_temp_thermal    20480  0
binfmt_misc            24576  1
coretemp               20480  0
mlx5_ib               397312  0
ib_uverbs             135168  106 rdma_ucm,mlx5_ib
kvm_intel             282624  0
kvm                   663552  1 kvm_intel
joydev                 24576  0
input_leds             16384  0
ib_core               348160  9 rdma_cm,ib_ipoib,ko2iblnd,iw_cm,ib_umad,rdma_ucm,ib_uverbs,mlx5_ib,ib_cm
isst_if_mbox_pci       16384  0
isst_if_mmio           16384  0
isst_if_common         16384  2 isst_if_mmio,isst_if_mbox_pci
mei_me                 40960  0
mei                   106496  1 mei_me
ioatdma                53248  0
ipmi_si                65536  0
sch_fq_codel           20480  80
ipmi_devintf           20480  0
ipmi_msghandler       106496  3 ipmi_devintf,ipmi_si,ipmi_ssif
acpi_power_meter       20480  0
mac_hid                16384  0
br_netfilter           28672  0
bridge                176128  1 br_netfilter
stp                    16384  1 bridge
llc                    16384  2 bridge,stp
knem                   49152  0
msr                    16384  0
ramoops                28672  0
reed_solomon           24576  1 ramoops
efi_pstore             16384  0
ip_tables              32768  2 iptable_filter,iptable_nat
x_tables               40960  7 xt_conntrack,iptable_filter,xt_tcpudp,xt_addrtype,xt_nat,ip_tables,xt_MASQUERADE
autofs4                45056  2
btrfs                1265664  0
zstd_compress         167936  1 btrfs
raid10                 61440  0
raid456               155648  0
async_raid6_recov      24576  1 raid456
async_memcpy           20480  2 raid456,async_raid6_recov
async_pq               24576  2 raid456,async_raid6_recov
async_xor              20480  3 async_pq,raid456,async_raid6_recov
async_tx               20480  5 async_pq,async_memcpy,async_xor,raid456,async_raid6_recov
xor                    24576  2 async_xor,btrfs
raid6_pq              114688  4 async_pq,btrfs,raid456,async_raid6_recov
libcrc32c              16384  5 nf_conntrack,nf_nat,btrfs,xfs,raid456
raid1                  45056  0
raid0                  24576  0
multipath              20480  0
linear                 20480  0
ses                    20480  0
enclosure              16384  1 ses
ast                    53248  0
drm_vram_helper        20480  1 ast
ttm                   106496  1 drm_vram_helper
drm_kms_helper        184320  4 ast,nvidia_drm
syscopyarea            16384  1 drm_kms_helper
sysfillrect            16384  1 drm_kms_helper
sysimgblt              16384  1 drm_kms_helper
fb_sys_fops            16384  1 drm_kms_helper
hid_generic            16384  0
usbhid                 57344  0
hid                   131072  2 usbhid,hid_generic
mlx5_core            1716224  1 mlx5_ib
crct10dif_pclmul       16384  1
pci_hyperv_intf        16384  1 mlx5_core
crc32_pclmul           16384  0
mlxdevm               172032  1 mlx5_core
ghash_clmulni_intel    16384  0
aesni_intel           372736  0
auxiliary              16384  2 mlx5_ib,mlx5_core
crypto_simd            16384  1 aesni_intel
tls                    73728  1 mlx5_core
mpt3sas               278528  0
cryptd                 24576  2 crypto_simd,ghash_clmulni_intel
mlxfw                  32768  1 mlx5_core
igb                   221184  0
psample                20480  1 mlx5_core
glue_helper            16384  1 aesni_intel
raid_class             16384  1 mpt3sas
nvme                   49152  1
dca                    16384  2 igb,ioatdma
scsi_transport_sas     36864  2 ses,mpt3sas
i2c_algo_bit           16384  2 igb,ast
drm                   495616  7 drm_kms_helper,drm_vram_helper,ast,nvidia,nvidia_drm,ttm
mlx_compat             65536  13 rdma_cm,ib_ipoib,mlxdevm,ko2iblnd,iw_cm,auxiliary,ib_umad,ib_core,rdma_ucm,ib_uverbs,mlx5_ib,ib_cm,mlx5_core
nvme_core              98304  3 nvme
ahci                   40960  2
i2c_i801               32768  0
libahci                32768  1 ahci
wmi                    32768  0



================== g1006 ==================
Module                  Size  Used by
mgc                    98304  1
lustre               1011712  5834
lmv                   204800  3 lustre
mdc                   262144  9 lustre
fid                    32768  1 mdc
lov                   331776  3892 mdc,lustre
fld                    40960  2 lov,lmv
osc                   421888  3953 mdc
ko2iblnd              237568  1
ptlrpc               1331200  8 fld,osc,fid,mgc,lov,mdc,lmv,lustre
obdclass             3284992  3940 fld,osc,fid,ptlrpc,mgc,lov,mdc,lmv,lustre
lnet                  565248  7 osc,ko2iblnd,obdclass,ptlrpc,mgc,lmv,lustre
nvidia_uvm           1036288  16
libcfs                487424  12 fld,lnet,osc,fid,ko2iblnd,obdclass,ptlrpc,mgc,lov,mdc,lmv,lustre
xt_nat                 16384  1
xt_tcpudp              20480  3
veth                   28672  0
xt_conntrack           16384  2
xt_MASQUERADE          20480  3
nf_conntrack_netlink    45056  0
nfnetlink              16384  3 nf_conntrack_netlink
xfrm_user              36864  2
xfrm_algo              16384  1 xfrm_user
iptable_nat            16384  2
nf_nat                 45056  3 xt_nat,iptable_nat,xt_MASQUERADE
nf_conntrack          139264  5 xt_conntrack,nf_nat,xt_nat,nf_conntrack_netlink,xt_MASQUERADE
nf_defrag_ipv6         24576  1 nf_conntrack
nf_defrag_ipv4         16384  1 nf_conntrack
xt_addrtype            16384  4
iptable_filter         16384  2
bpfilter               32768  0
br_netfilter           28672  0
bridge                176128  1 br_netfilter
stp                    16384  1 bridge
llc                    16384  2 bridge,stp
aufs                  262144  0
uio_pci_generic        16384  0
uio                    20480  1 uio_pci_generic
cuse                   16384  0
overlay               118784  3
rdma_ucm               28672  0
rdma_cm               110592  2 ko2iblnd,rdma_ucm
iw_cm                  49152  1 rdma_cm
ib_ipoib              131072  0
ib_cm                 114688  2 rdma_cm,ib_ipoib
ib_umad                28672  16
nls_iso8859_1          16384  1
xfs                  1282048  1
dm_multipath           32768  0
scsi_dh_rdac           16384  0
scsi_dh_emc            16384  0
scsi_dh_alua           20480  0
nvidia_drm             57344  0
nvidia_modeset       1196032  1 nvidia_drm
intel_rapl_msr         20480  0
ipmi_ssif              36864  0
intel_rapl_common      24576  1 intel_rapl_msr
nfit                   65536  0
x86_pkg_temp_thermal    20480  0
coretemp               20480  0
mlx5_ib               397312  0
kvm_intel             282624  0
ib_uverbs             135168  130 rdma_ucm,mlx5_ib
nvidia              35270656  2673 nvidia_uvm,nvidia_modeset
kvm                   663552  1 kvm_intel
binfmt_misc            24576  1
input_leds             16384  0
joydev                 24576  0
isst_if_mbox_pci       16384  0
ib_core               348160  9 rdma_cm,ib_ipoib,ko2iblnd,iw_cm,ib_umad,rdma_ucm,ib_uverbs,mlx5_ib,ib_cm
isst_if_mmio           16384  0
isst_if_common         16384  2 isst_if_mmio,isst_if_mbox_pci
mei_me                 40960  0
mei                   106496  1 mei_me
ioatdma                53248  0
ipmi_si                65536  0
ipmi_devintf           20480  0
ipmi_msghandler       106496  3 ipmi_devintf,ipmi_si,ipmi_ssif
acpi_power_meter       20480  0
mac_hid                16384  0
sch_fq_codel           20480  81
knem                   49152  0
msr                    16384  0
ramoops                28672  0
reed_solomon           24576  1 ramoops
efi_pstore             16384  0
ip_tables              32768  2 iptable_filter,iptable_nat
x_tables               40960  7 xt_conntrack,iptable_filter,xt_tcpudp,xt_addrtype,xt_nat,ip_tables,xt_MASQUERADE
autofs4                45056  2
btrfs                1265664  0
zstd_compress         167936  1 btrfs
raid10                 61440  0
raid456               155648  0
async_raid6_recov      24576  1 raid456
async_memcpy           20480  2 raid456,async_raid6_recov
async_pq               24576  2 raid456,async_raid6_recov
async_xor              20480  3 async_pq,raid456,async_raid6_recov
async_tx               20480  5 async_pq,async_memcpy,async_xor,raid456,async_raid6_recov
xor                    24576  2 async_xor,btrfs
raid6_pq              114688  4 async_pq,btrfs,raid456,async_raid6_recov
libcrc32c              16384  5 nf_conntrack,nf_nat,btrfs,xfs,raid456
raid1                  45056  0
raid0                  24576  0
multipath              20480  0
linear                 20480  0
ses                    20480  0
enclosure              16384  1 ses
hid_generic            16384  0
ast                    53248  0
usbhid                 57344  0
hid                   131072  2 usbhid,hid_generic
nouveau              1949696  0
mlx5_core            1716224  1 mlx5_ib
pci_hyperv_intf        16384  1 mlx5_core
mlxdevm               172032  1 mlx5_core
mxm_wmi                16384  1 nouveau
drm_vram_helper        20480  1 ast
crct10dif_pclmul       16384  1
video                  57344  1 nouveau
auxiliary              16384  2 mlx5_ib,mlx5_core
crc32_pclmul           16384  0
ghash_clmulni_intel    16384  0
ttm                   106496  2 drm_vram_helper,nouveau
aesni_intel           372736  0
drm_kms_helper        184320  5 ast,nvidia_drm,nouveau
crypto_simd            16384  1 aesni_intel
igb                   221184  0
mpt3sas               278528  0
syscopyarea            16384  1 drm_kms_helper
tls                    73728  1 mlx5_core
cryptd                 24576  2 crypto_simd,ghash_clmulni_intel
nvme                   49152  3
sysfillrect            16384  1 drm_kms_helper
mlxfw                  32768  1 mlx5_core
glue_helper            16384  1 aesni_intel
sysimgblt              16384  1 drm_kms_helper
psample                20480  1 mlx5_core
raid_class             16384  1 mpt3sas
dca                    16384  2 igb,ioatdma
fb_sys_fops            16384  1 drm_kms_helper
scsi_transport_sas     36864  2 ses,mpt3sas
mlx_compat             65536  13 rdma_cm,ib_ipoib,mlxdevm,ko2iblnd,iw_cm,auxiliary,ib_umad,ib_core,rdma_ucm,ib_uverbs,mlx5_ib,ib_cm,mlx5_core
i2c_algo_bit           16384  3 igb,ast,nouveau
nvme_core              98304  6 nvme
drm                   495616  8 drm_kms_helper,drm_vram_helper,ast,nvidia,nvidia_drm,ttm,nouveau
ahci                   40960  0
i2c_i801               32768  0
libahci                32768  1 ahci
wmi                    32768  2 mxm_wmi,nouveau



