================== g4001 ==================
Fri May 17 00:47:05 2024       
+---------------------------------------------------------------------------------------+
| NVIDIA-SMI 535.161.08             Driver Version: 535.161.08   CUDA Version: 12.2     |
|-----------------------------------------+----------------------+----------------------+
| GPU  Name                 Persistence-M | Bus-Id        Disp.A | Volatile Uncorr. ECC |
| Fan  Temp   Perf          Pwr:Usage/Cap |         Memory-Usage | GPU-Util  Compute M. |
|                                         |                      |               MIG M. |
|=========================================+======================+======================|
|   0  NVIDIA A100-SXM4-80GB          On  | 00000000:23:00.0 Off |                    0 |
| N/A   61C    P0             396W / 400W |  75655MiB / 81920MiB |    100%      Default |
|                                         |                      |             Disabled |
+-----------------------------------------+----------------------+----------------------+
|   1  NVIDIA A100-SXM4-80GB          On  | 00000000:29:00.0 Off |                    0 |
| N/A   71C    P0             383W / 400W |  75643MiB / 81920MiB |    100%      Default |
|                                         |                      |             Disabled |
+-----------------------------------------+----------------------+----------------------+
|   2  NVIDIA A100-SXM4-80GB          On  | 00000000:52:00.0 Off |                    0 |
| N/A   71C    P0             398W / 400W |  75631MiB / 81920MiB |    100%      Default |
|                                         |                      |             Disabled |
+-----------------------------------------+----------------------+----------------------+
|   3  NVIDIA A100-SXM4-80GB          On  | 00000000:57:00.0 Off |                    0 |
| N/A   58C    P0             395W / 400W |  75655MiB / 81920MiB |    100%      Default |
|                                         |                      |             Disabled |
+-----------------------------------------+----------------------+----------------------+
|   4  NVIDIA A100-SXM4-80GB          On  | 00000000:8D:00.0 Off |                    0 |
| N/A   58C    P0             390W / 400W |  75643MiB / 81920MiB |    100%      Default |
|                                         |                      |             Disabled |
+-----------------------------------------+----------------------+----------------------+
|   5  NVIDIA A100-SXM4-80GB          On  | 00000000:92:00.0 Off |                    0 |
| N/A   71C    P0             399W / 400W |  75631MiB / 81920MiB |    100%      Default |
|                                         |                      |             Disabled |
+-----------------------------------------+----------------------+----------------------+
|   6  NVIDIA A100-SXM4-80GB          On  | 00000000:C9:00.0 Off |                    0 |
| N/A   69C    P0             348W / 400W |  75619MiB / 81920MiB |    100%      Default |
|                                         |                      |             Disabled |
+-----------------------------------------+----------------------+----------------------+
|   7  NVIDIA A100-SXM4-80GB          On  | 00000000:CF:00.0 Off |                    0 |
| N/A   60C    P0             409W / 400W |  75643MiB / 81920MiB |    100%      Default |
|                                         |                      |             Disabled |
+-----------------------------------------+----------------------+----------------------+
                                                                                         
+---------------------------------------------------------------------------------------+
| Processes:                                                                            |
|  GPU   GI   CI        PID   Type   Process name                            GPU Memory |
|        ID   ID                                                             Usage      |
|=======================================================================================|
|    0   N/A  N/A   1084758      C   .../anaconda/envs/Tinyllama/bin/python    75646MiB |
|    1   N/A  N/A   1084759      C   .../anaconda/envs/Tinyllama/bin/python    75634MiB |
|    2   N/A  N/A   1084760      C   .../anaconda/envs/Tinyllama/bin/python    75622MiB |
|    3   N/A  N/A   1084761      C   .../anaconda/envs/Tinyllama/bin/python    75646MiB |
|    4   N/A  N/A   1084762      C   .../anaconda/envs/Tinyllama/bin/python    75634MiB |
|    5   N/A  N/A   1084763      C   .../anaconda/envs/Tinyllama/bin/python    75622MiB |
|    6   N/A  N/A   1084764      C   .../anaconda/envs/Tinyllama/bin/python    75610MiB |
|    7   N/A  N/A   1084765      C   .../anaconda/envs/Tinyllama/bin/python    75634MiB |
+---------------------------------------------------------------------------------------+



================== g4002 ==================
Fri May 17 00:47:05 2024       
+---------------------------------------------------------------------------------------+
| NVIDIA-SMI 535.161.08             Driver Version: 535.161.08   CUDA Version: 12.2     |
|-----------------------------------------+----------------------+----------------------+
| GPU  Name                 Persistence-M | Bus-Id        Disp.A | Volatile Uncorr. ECC |
| Fan  Temp   Perf          Pwr:Usage/Cap |         Memory-Usage | GPU-Util  Compute M. |
|                                         |                      |               MIG M. |
|=========================================+======================+======================|
|   0  NVIDIA A100-SXM4-80GB          On  | 00000000:23:00.0 Off |                    0 |
| N/A   57C    P0             409W / 400W |  75655MiB / 81920MiB |    100%      Default |
|                                         |                      |             Disabled |
+-----------------------------------------+----------------------+----------------------+
|   1  NVIDIA A100-SXM4-80GB          On  | 00000000:29:00.0 Off |                    0 |
| N/A   59C    P0             398W / 400W |  75643MiB / 81920MiB |    100%      Default |
|                                         |                      |             Disabled |
+-----------------------------------------+----------------------+----------------------+
|   2  NVIDIA A100-SXM4-80GB          On  | 00000000:52:00.0 Off |                    0 |
| N/A   64C    P0             387W / 400W |  75631MiB / 81920MiB |    100%      Default |
|                                         |                      |             Disabled |
+-----------------------------------------+----------------------+----------------------+
|   3  NVIDIA A100-SXM4-80GB          On  | 00000000:57:00.0 Off |                    0 |
| N/A   57C    P0             417W / 400W |  75655MiB / 81920MiB |    100%      Default |
|                                         |                      |             Disabled |
+-----------------------------------------+----------------------+----------------------+
|   4  NVIDIA A100-SXM4-80GB          On  | 00000000:8D:00.0 Off |                    0 |
| N/A   56C    P0             402W / 400W |  75643MiB / 81920MiB |    100%      Default |
|                                         |                      |             Disabled |
+-----------------------------------------+----------------------+----------------------+
|   5  NVIDIA A100-SXM4-80GB          On  | 00000000:92:00.0 Off |                    0 |
| N/A   64C    P0             408W / 400W |  75631MiB / 81920MiB |    100%      Default |
|                                         |                      |             Disabled |
+-----------------------------------------+----------------------+----------------------+
|   6  NVIDIA A100-SXM4-80GB          On  | 00000000:C9:00.0 Off |                    0 |
| N/A   63C    P0             399W / 400W |  75619MiB / 81920MiB |    100%      Default |
|                                         |                      |             Disabled |
+-----------------------------------------+----------------------+----------------------+
|   7  NVIDIA A100-SXM4-80GB          On  | 00000000:CF:00.0 Off |                    0 |
| N/A   56C    P0             412W / 400W |  75643MiB / 81920MiB |    100%      Default |
|                                         |                      |             Disabled |
+-----------------------------------------+----------------------+----------------------+
                                                                                         
+---------------------------------------------------------------------------------------+
| Processes:                                                                            |
|  GPU   GI   CI        PID   Type   Process name                            GPU Memory |
|        ID   ID                                                             Usage      |
|=======================================================================================|
|    0   N/A  N/A    360501      C   .../anaconda/envs/Tinyllama/bin/python    75646MiB |
|    1   N/A  N/A    360502      C   .../anaconda/envs/Tinyllama/bin/python    75634MiB |
|    2   N/A  N/A    360503      C   .../anaconda/envs/Tinyllama/bin/python    75622MiB |
|    3   N/A  N/A    360504      C   .../anaconda/envs/Tinyllama/bin/python    75646MiB |
|    4   N/A  N/A    360505      C   .../anaconda/envs/Tinyllama/bin/python    75634MiB |
|    5   N/A  N/A    360506      C   .../anaconda/envs/Tinyllama/bin/python    75622MiB |
|    6   N/A  N/A    360507      C   .../anaconda/envs/Tinyllama/bin/python    75610MiB |
|    7   N/A  N/A    360508      C   .../anaconda/envs/Tinyllama/bin/python    75634MiB |
+---------------------------------------------------------------------------------------+



================== g4003 ==================
Fri May 17 00:47:05 2024       
+---------------------------------------------------------------------------------------+
| NVIDIA-SMI 535.161.08             Driver Version: 535.161.08   CUDA Version: 12.2     |
|-----------------------------------------+----------------------+----------------------+
| GPU  Name                 Persistence-M | Bus-Id        Disp.A | Volatile Uncorr. ECC |
| Fan  Temp   Perf          Pwr:Usage/Cap |         Memory-Usage | GPU-Util  Compute M. |
|                                         |                      |               MIG M. |
|=========================================+======================+======================|
|   0  NVIDIA A100-SXM4-80GB          On  | 00000000:23:00.0 Off |                    0 |
| N/A   27C    P0              59W / 400W |      0MiB / 81920MiB |      0%      Default |
|                                         |                      |             Disabled |
+-----------------------------------------+----------------------+----------------------+
|   1  NVIDIA A100-SXM4-80GB          On  | 00000000:29:00.0 Off |                    0 |
| N/A   29C    P0              63W / 400W |      0MiB / 81920MiB |      0%      Default |
|                                         |                      |             Disabled |
+-----------------------------------------+----------------------+----------------------+
|   2  NVIDIA A100-SXM4-80GB          On  | 00000000:52:00.0 Off |                    0 |
| N/A   29C    P0              63W / 400W |      0MiB / 81920MiB |      0%      Default |
|                                         |                      |             Disabled |
+-----------------------------------------+----------------------+----------------------+
|   3  NVIDIA A100-SXM4-80GB          On  | 00000000:57:00.0 Off |                    0 |
| N/A   27C    P0              61W / 400W |      0MiB / 81920MiB |      0%      Default |
|                                         |                      |             Disabled |
+-----------------------------------------+----------------------+----------------------+
|   4  NVIDIA A100-SXM4-80GB          On  | 00000000:8D:00.0 Off |                    0 |
| N/A   27C    P0              63W / 400W |      0MiB / 81920MiB |      0%      Default |
|                                         |                      |             Disabled |
+-----------------------------------------+----------------------+----------------------+
|   5  NVIDIA A100-SXM4-80GB          On  | 00000000:92:00.0 Off |                    0 |
| N/A   29C    P0              60W / 400W |      0MiB / 81920MiB |      0%      Default |
|                                         |                      |             Disabled |
+-----------------------------------------+----------------------+----------------------+
|   6  NVIDIA A100-SXM4-80GB          On  | 00000000:C9:00.0 Off |                    0 |
| N/A   29C    P0              58W / 400W |      0MiB / 81920MiB |      0%      Default |
|                                         |                      |             Disabled |
+-----------------------------------------+----------------------+----------------------+
|   7  NVIDIA A100-SXM4-80GB          On  | 00000000:CF:00.0 Off |                    0 |
| N/A   27C    P0              60W / 400W |      0MiB / 81920MiB |      0%      Default |
|                                         |                      |             Disabled |
+-----------------------------------------+----------------------+----------------------+
                                                                                         
+---------------------------------------------------------------------------------------+
| Processes:                                                                            |
|  GPU   GI   CI        PID   Type   Process name                            GPU Memory |
|        ID   ID                                                             Usage      |
|=======================================================================================|
|  No running processes found                                                           |
+---------------------------------------------------------------------------------------+



================== g4004 ==================
Fri May 17 00:47:05 2024       
+---------------------------------------------------------------------------------------+
| NVIDIA-SMI 535.161.08             Driver Version: 535.161.08   CUDA Version: 12.2     |
|-----------------------------------------+----------------------+----------------------+
| GPU  Name                 Persistence-M | Bus-Id        Disp.A | Volatile Uncorr. ECC |
| Fan  Temp   Perf          Pwr:Usage/Cap |         Memory-Usage | GPU-Util  Compute M. |
|                                         |                      |               MIG M. |
|=========================================+======================+======================|
|   0  NVIDIA A100-SXM4-80GB          On  | 00000000:23:00.0 Off |                    0 |
| N/A   62C    P0             307W / 400W |  75655MiB / 81920MiB |    100%      Default |
|                                         |                      |             Disabled |
+-----------------------------------------+----------------------+----------------------+
|   1  NVIDIA A100-SXM4-80GB          On  | 00000000:29:00.0 Off |                    0 |
| N/A   70C    P0             254W / 400W |  75643MiB / 81920MiB |    100%      Default |
|                                         |                      |             Disabled |
+-----------------------------------------+----------------------+----------------------+
|   2  NVIDIA A100-SXM4-80GB          On  | 00000000:52:00.0 Off |                    0 |
| N/A   68C    P0             402W / 400W |  75631MiB / 81920MiB |    100%      Default |
|                                         |                      |             Disabled |
+-----------------------------------------+----------------------+----------------------+
|   3  NVIDIA A100-SXM4-80GB          On  | 00000000:57:00.0 Off |                    0 |
| N/A   54C    P0             412W / 400W |  75655MiB / 81920MiB |    100%      Default |
|                                         |                      |             Disabled |
+-----------------------------------------+----------------------+----------------------+
|   4  NVIDIA A100-SXM4-80GB          On  | 00000000:8D:00.0 Off |                    0 |
| N/A   59C    P0             409W / 400W |  75643MiB / 81920MiB |    100%      Default |
|                                         |                      |             Disabled |
+-----------------------------------------+----------------------+----------------------+
|   5  NVIDIA A100-SXM4-80GB          On  | 00000000:92:00.0 Off |                    0 |
| N/A   67C    P0             280W / 400W |  75631MiB / 81920MiB |    100%      Default |
|                                         |                      |             Disabled |
+-----------------------------------------+----------------------+----------------------+
|   6  NVIDIA A100-SXM4-80GB          On  | 00000000:C9:00.0 Off |                    0 |
| N/A   69C    P0             259W / 400W |  75619MiB / 81920MiB |    100%      Default |
|                                         |                      |             Disabled |
+-----------------------------------------+----------------------+----------------------+
|   7  NVIDIA A100-SXM4-80GB          On  | 00000000:CF:00.0 Off |                    0 |
| N/A   58C    P0             273W / 400W |  75643MiB / 81920MiB |    100%      Default |
|                                         |                      |             Disabled |
+-----------------------------------------+----------------------+----------------------+
                                                                                         
+---------------------------------------------------------------------------------------+
| Processes:                                                                            |
|  GPU   GI   CI        PID   Type   Process name                            GPU Memory |
|        ID   ID                                                             Usage      |
|=======================================================================================|
|    0   N/A  N/A     40397      C   .../anaconda/envs/Tinyllama/bin/python    75646MiB |
|    1   N/A  N/A     40398      C   .../anaconda/envs/Tinyllama/bin/python    75634MiB |
|    2   N/A  N/A     40399      C   .../anaconda/envs/Tinyllama/bin/python    75622MiB |
|    3   N/A  N/A     40400      C   .../anaconda/envs/Tinyllama/bin/python    75646MiB |
|    4   N/A  N/A     40401      C   .../anaconda/envs/Tinyllama/bin/python    75634MiB |
|    5   N/A  N/A     40402      C   .../anaconda/envs/Tinyllama/bin/python    75622MiB |
|    6   N/A  N/A     40403      C   .../anaconda/envs/Tinyllama/bin/python    75610MiB |
|    7   N/A  N/A     40404      C   .../anaconda/envs/Tinyllama/bin/python    75634MiB |
+---------------------------------------------------------------------------------------+



================== g4005 ==================
Fri May 17 00:47:05 2024       
+---------------------------------------------------------------------------------------+
| NVIDIA-SMI 535.161.08             Driver Version: 535.161.08   CUDA Version: 12.2     |
|-----------------------------------------+----------------------+----------------------+
| GPU  Name                 Persistence-M | Bus-Id        Disp.A | Volatile Uncorr. ECC |
| Fan  Temp   Perf          Pwr:Usage/Cap |         Memory-Usage | GPU-Util  Compute M. |
|                                         |                      |               MIG M. |
|=========================================+======================+======================|
|   0  NVIDIA A100-SXM4-80GB          On  | 00000000:23:00.0 Off |                    0 |
| N/A   30C    P0              76W / 400W |  16372MiB / 81920MiB |      0%      Default |
|                                         |                      |             Disabled |
+-----------------------------------------+----------------------+----------------------+
|   1  NVIDIA A100-SXM4-80GB          On  | 00000000:29:00.0 Off |                    0 |
| N/A   31C    P0              63W / 400W |    291MiB / 81920MiB |      0%      Default |
|                                         |                      |             Disabled |
+-----------------------------------------+----------------------+----------------------+
|   2  NVIDIA A100-SXM4-80GB          On  | 00000000:52:00.0 Off |                    0 |
| N/A   32C    P0              74W / 400W |  74890MiB / 81920MiB |      0%      Default |
|                                         |                      |             Disabled |
+-----------------------------------------+----------------------+----------------------+
|   3  NVIDIA A100-SXM4-80GB          On  | 00000000:57:00.0 Off |                    0 |
| N/A   29C    P0              77W / 400W |  75034MiB / 81920MiB |      0%      Default |
|                                         |                      |             Disabled |
+-----------------------------------------+----------------------+----------------------+
|   4  NVIDIA A100-SXM4-80GB          On  | 00000000:8D:00.0 Off |                    0 |
| N/A   29C    P0              74W / 400W |  75034MiB / 81920MiB |      0%      Default |
|                                         |                      |             Disabled |
+-----------------------------------------+----------------------+----------------------+
|   5  NVIDIA A100-SXM4-80GB          On  | 00000000:92:00.0 Off |                    0 |
| N/A   32C    P0              73W / 400W |  75034MiB / 81920MiB |      0%      Default |
|                                         |                      |             Disabled |
+-----------------------------------------+----------------------+----------------------+
|   6  NVIDIA A100-SXM4-80GB          On  | 00000000:C9:00.0 Off |                    0 |
| N/A   32C    P0              76W / 400W |  75034MiB / 81920MiB |      0%      Default |
|                                         |                      |             Disabled |
+-----------------------------------------+----------------------+----------------------+
|   7  NVIDIA A100-SXM4-80GB          On  | 00000000:CF:00.0 Off |                    0 |
| N/A   30C    P0              72W / 400W |  75034MiB / 81920MiB |      0%      Default |
|                                         |                      |             Disabled |
+-----------------------------------------+----------------------+----------------------+
                                                                                         
+---------------------------------------------------------------------------------------+
| Processes:                                                                            |
|  GPU   GI   CI        PID   Type   Process name                            GPU Memory |
|        ID   ID                                                             Usage      |
|=======================================================================================|
|    2   N/A  N/A     25152      C   python                                    74882MiB |
|    3   N/A  N/A     25152      C   python                                    75026MiB |
|    4   N/A  N/A     25152      C   python                                    75026MiB |
|    5   N/A  N/A     25152      C   python                                    75026MiB |
|    6   N/A  N/A     25152      C   python                                    75026MiB |
|    7   N/A  N/A     25152      C   python                                    74882MiB |
+---------------------------------------------------------------------------------------+



================== g4006 ==================
Fri May 17 00:47:05 2024       
+---------------------------------------------------------------------------------------+
| NVIDIA-SMI 535.161.08             Driver Version: 535.161.08   CUDA Version: 12.2     |
|-----------------------------------------+----------------------+----------------------+
| GPU  Name                 Persistence-M | Bus-Id        Disp.A | Volatile Uncorr. ECC |
| Fan  Temp   Perf          Pwr:Usage/Cap |         Memory-Usage | GPU-Util  Compute M. |
|                                         |                      |               MIG M. |
|=========================================+======================+======================|
|   0  NVIDIA A100-SXM4-80GB          On  | 00000000:23:00.0 Off |                    0 |
| N/A   30C    P0              88W / 400W |  21087MiB / 81920MiB |    100%      Default |
|                                         |                      |             Disabled |
+-----------------------------------------+----------------------+----------------------+
|   1  NVIDIA A100-SXM4-80GB          On  | 00000000:29:00.0 Off |                    0 |
| N/A   34C    P0              90W / 400W |  19075MiB / 81920MiB |    100%      Default |
|                                         |                      |             Disabled |
+-----------------------------------------+----------------------+----------------------+
|   2  NVIDIA A100-SXM4-80GB          On  | 00000000:52:00.0 Off |                    0 |
| N/A   34C    P0              94W / 400W |  19207MiB / 81920MiB |    100%      Default |
|                                         |                      |             Disabled |
+-----------------------------------------+----------------------+----------------------+
|   3  NVIDIA A100-SXM4-80GB          On  | 00000000:57:00.0 Off |                    0 |
| N/A   30C    P0              90W / 400W |  19231MiB / 81920MiB |    100%      Default |
|                                         |                      |             Disabled |
+-----------------------------------------+----------------------+----------------------+
|   4  NVIDIA A100-SXM4-80GB          On  | 00000000:8D:00.0 Off |                    0 |
| N/A   30C    P0              93W / 400W |  19217MiB / 81920MiB |    100%      Default |
|                                         |                      |             Disabled |
+-----------------------------------------+----------------------+----------------------+
|   5  NVIDIA A100-SXM4-80GB          On  | 00000000:92:00.0 Off |                    0 |
| N/A   33C    P0              89W / 400W |  19205MiB / 81920MiB |    100%      Default |
|                                         |                      |             Disabled |
+-----------------------------------------+----------------------+----------------------+
|   6  NVIDIA A100-SXM4-80GB          On  | 00000000:C9:00.0 Off |                    0 |
| N/A   34C    P0              95W / 400W |  19195MiB / 81920MiB |    100%      Default |
|                                         |                      |             Disabled |
+-----------------------------------------+----------------------+----------------------+
|   7  NVIDIA A100-SXM4-80GB          On  | 00000000:CF:00.0 Off |                    0 |
| N/A   30C    P0              93W / 400W |  19219MiB / 81920MiB |    100%      Default |
|                                         |                      |             Disabled |
+-----------------------------------------+----------------------+----------------------+
                                                                                         
+---------------------------------------------------------------------------------------+
| Processes:                                                                            |
|  GPU   GI   CI        PID   Type   Process name                            GPU Memory |
|        ID   ID                                                             Usage      |
|=======================================================================================|
|    0   N/A  N/A   3601096      C   ...iyan/miniconda3/envs/moe/bin/python    21078MiB |
|    1   N/A  N/A   3601097      C   ...iyan/miniconda3/envs/moe/bin/python    19066MiB |
|    2   N/A  N/A   3601098      C   ...iyan/miniconda3/envs/moe/bin/python    19198MiB |
|    3   N/A  N/A   3601099      C   ...iyan/miniconda3/envs/moe/bin/python    19222MiB |
|    4   N/A  N/A   3601100      C   ...iyan/miniconda3/envs/moe/bin/python    19208MiB |
|    5   N/A  N/A   3601101      C   ...iyan/miniconda3/envs/moe/bin/python    19196MiB |
|    6   N/A  N/A   3601102      C   ...iyan/miniconda3/envs/moe/bin/python    19186MiB |
|    7   N/A  N/A   3601103      C   ...iyan/miniconda3/envs/moe/bin/python    19210MiB |
+---------------------------------------------------------------------------------------+



================== g4007 ==================
Fri May 17 00:47:05 2024       
+---------------------------------------------------------------------------------------+
| NVIDIA-SMI 535.161.08             Driver Version: 535.161.08   CUDA Version: 12.2     |
|-----------------------------------------+----------------------+----------------------+
| GPU  Name                 Persistence-M | Bus-Id        Disp.A | Volatile Uncorr. ECC |
| Fan  Temp   Perf          Pwr:Usage/Cap |         Memory-Usage | GPU-Util  Compute M. |
|                                         |                      |               MIG M. |
|=========================================+======================+======================|
|   0  NVIDIA A100-SXM4-80GB          On  | 00000000:23:00.0 Off |                    0 |
| N/A   30C    P0              90W / 400W |  19231MiB / 81920MiB |    100%      Default |
|                                         |                      |             Disabled |
+-----------------------------------------+----------------------+----------------------+
|   1  NVIDIA A100-SXM4-80GB          On  | 00000000:29:00.0 Off |                    0 |
| N/A   33C    P0              93W / 400W |  19231MiB / 81920MiB |    100%      Default |
|                                         |                      |             Disabled |
+-----------------------------------------+----------------------+----------------------+
|   2  NVIDIA A100-SXM4-80GB          On  | 00000000:52:00.0 Off |                    0 |
| N/A   34C    P0              90W / 400W |  19219MiB / 81920MiB |    100%      Default |
|                                         |                      |             Disabled |
+-----------------------------------------+----------------------+----------------------+
|   3  NVIDIA A100-SXM4-80GB          On  | 00000000:57:00.0 Off |                    0 |
| N/A   31C    P0              88W / 400W |  19219MiB / 81920MiB |    100%      Default |
|                                         |                      |             Disabled |
+-----------------------------------------+----------------------+----------------------+
|   4  NVIDIA A100-SXM4-80GB          On  | 00000000:8D:00.0 Off |                    0 |
| N/A   31C    P0              88W / 400W |  19195MiB / 81920MiB |    100%      Default |
|                                         |                      |             Disabled |
+-----------------------------------------+----------------------+----------------------+
|   5  NVIDIA A100-SXM4-80GB          On  | 00000000:92:00.0 Off |                    0 |
| N/A   34C    P0              89W / 400W |  19207MiB / 81920MiB |    100%      Default |
|                                         |                      |             Disabled |
+-----------------------------------------+----------------------+----------------------+
|   6  NVIDIA A100-SXM4-80GB          On  | 00000000:C9:00.0 Off |                    0 |
| N/A   36C    P0              92W / 400W |  19207MiB / 81920MiB |    100%      Default |
|                                         |                      |             Disabled |
+-----------------------------------------+----------------------+----------------------+
|   7  NVIDIA A100-SXM4-80GB          On  | 00000000:CF:00.0 Off |                    0 |
| N/A   32C    P0              88W / 400W |  19219MiB / 81920MiB |    100%      Default |
|                                         |                      |             Disabled |
+-----------------------------------------+----------------------+----------------------+
                                                                                         
+---------------------------------------------------------------------------------------+
| Processes:                                                                            |
|  GPU   GI   CI        PID   Type   Process name                            GPU Memory |
|        ID   ID                                                             Usage      |
|=======================================================================================|
|    0   N/A  N/A     36288      C   ...iyan/miniconda3/envs/moe/bin/python    19222MiB |
|    1   N/A  N/A     36289      C   ...iyan/miniconda3/envs/moe/bin/python    19222MiB |
|    2   N/A  N/A     36290      C   ...iyan/miniconda3/envs/moe/bin/python    19210MiB |
|    3   N/A  N/A     36291      C   ...iyan/miniconda3/envs/moe/bin/python    19210MiB |
|    4   N/A  N/A     36292      C   ...iyan/miniconda3/envs/moe/bin/python    19186MiB |
|    5   N/A  N/A     36293      C   ...iyan/miniconda3/envs/moe/bin/python    19198MiB |
|    6   N/A  N/A     36294      C   ...iyan/miniconda3/envs/moe/bin/python    19198MiB |
|    7   N/A  N/A     36295      C   ...iyan/miniconda3/envs/moe/bin/python    19210MiB |
+---------------------------------------------------------------------------------------+



================== g4008 ==================
Fri May 17 00:47:05 2024       
+---------------------------------------------------------------------------------------+
| NVIDIA-SMI 535.161.08             Driver Version: 535.161.08   CUDA Version: 12.2     |
|-----------------------------------------+----------------------+----------------------+
| GPU  Name                 Persistence-M | Bus-Id        Disp.A | Volatile Uncorr. ECC |
| Fan  Temp   Perf          Pwr:Usage/Cap |         Memory-Usage | GPU-Util  Compute M. |
|                                         |                      |               MIG M. |
|=========================================+======================+======================|
|   0  NVIDIA A100-SXM4-80GB          On  | 00000000:23:00.0 Off |                    0 |
| N/A   33C    P0              63W / 400W |      0MiB / 81920MiB |      0%      Default |
|                                         |                      |             Disabled |
+-----------------------------------------+----------------------+----------------------+
|   1  NVIDIA A100-SXM4-80GB          On  | 00000000:29:00.0 Off |                    0 |
| N/A   37C    P0              61W / 400W |      3MiB / 81920MiB |      0%      Default |
|                                         |                      |             Disabled |
+-----------------------------------------+----------------------+----------------------+
|   2  NVIDIA A100-SXM4-80GB          On  | 00000000:52:00.0 Off |                    0 |
| N/A   37C    P0              70W / 400W |  73856MiB / 81920MiB |      0%      Default |
|                                         |                      |             Disabled |
+-----------------------------------------+----------------------+----------------------+
|   3  NVIDIA A100-SXM4-80GB          On  | 00000000:57:00.0 Off |                    0 |
| N/A   34C    P0              70W / 400W |  73856MiB / 81920MiB |      2%      Default |
|                                         |                      |             Disabled |
+-----------------------------------------+----------------------+----------------------+
|   4  NVIDIA A100-SXM4-80GB          On  | 00000000:8D:00.0 Off |                    0 |
| N/A   34C    P0              70W / 400W |  73856MiB / 81920MiB |      4%      Default |
|                                         |                      |             Disabled |
+-----------------------------------------+----------------------+----------------------+
|   5  NVIDIA A100-SXM4-80GB          On  | 00000000:92:00.0 Off |                    0 |
| N/A   35C    P0              61W / 400W |      0MiB / 81920MiB |      0%      Default |
|                                         |                      |             Disabled |
+-----------------------------------------+----------------------+----------------------+
|   6  NVIDIA A100-SXM4-80GB          On  | 00000000:C9:00.0 Off |                    0 |
| N/A   36C    P0              63W / 400W |      0MiB / 81920MiB |      0%      Default |
|                                         |                      |             Disabled |
+-----------------------------------------+----------------------+----------------------+
|   7  NVIDIA A100-SXM4-80GB          On  | 00000000:CF:00.0 Off |                    0 |
| N/A   34C    P0              60W / 400W |      0MiB / 81920MiB |      0%      Default |
|                                         |                      |             Disabled |
+-----------------------------------------+----------------------+----------------------+
                                                                                         
+---------------------------------------------------------------------------------------+
| Processes:                                                                            |
|  GPU   GI   CI        PID   Type   Process name                            GPU Memory |
|        ID   ID                                                             Usage      |
|=======================================================================================|
|    2   N/A  N/A     28143      C   python3                                   73838MiB |
|    3   N/A  N/A     28139      C   python3                                   73838MiB |
|    4   N/A  N/A     28141      C   python3                                   73838MiB |
+---------------------------------------------------------------------------------------+



================== g3021 ==================
Fri May 17 00:47:05 2024       
+-----------------------------------------------------------------------------+
| NVIDIA-SMI 525.147.05   Driver Version: 525.147.05   CUDA Version: 12.0     |
|-------------------------------+----------------------+----------------------+
| GPU  Name        Persistence-M| Bus-Id        Disp.A | Volatile Uncorr. ECC |
| Fan  Temp  Perf  Pwr:Usage/Cap|         Memory-Usage | GPU-Util  Compute M. |
|                               |                      |               MIG M. |
|===============================+======================+======================|
|   0  NVIDIA A100-SXM...  On   | 00000000:10:00.0 Off |                    0 |
| N/A   31C    P0    64W / 400W |      0MiB / 81920MiB |      0%      Default |
|                               |                      |             Disabled |
+-------------------------------+----------------------+----------------------+
|   1  NVIDIA A100-SXM...  On   | 00000000:16:00.0 Off |                    0 |
| N/A   30C    P0    67W / 400W |      0MiB / 81920MiB |      0%      Default |
|                               |                      |             Disabled |
+-------------------------------+----------------------+----------------------+
|   2  NVIDIA A100-SXM...  On   | 00000000:49:00.0 Off |                    0 |
| N/A   31C    P0    66W / 400W |      0MiB / 81920MiB |      0%      Default |
|                               |                      |             Disabled |
+-------------------------------+----------------------+----------------------+
|   3  NVIDIA A100-SXM...  On   | 00000000:4D:00.0 Off |                    0 |
| N/A   31C    P0    66W / 400W |      0MiB / 81920MiB |      0%      Default |
|                               |                      |             Disabled |
+-------------------------------+----------------------+----------------------+
|   4  NVIDIA A100-SXM...  On   | 00000000:8A:00.0 Off |                    0 |
| N/A   31C    P0    67W / 400W |      0MiB / 81920MiB |      0%      Default |
|                               |                      |             Disabled |
+-------------------------------+----------------------+----------------------+
|   5  NVIDIA A100-SXM...  On   | 00000000:8F:00.0 Off |                    0 |
| N/A   31C    P0    63W / 400W |      0MiB / 81920MiB |      0%      Default |
|                               |                      |             Disabled |
+-------------------------------+----------------------+----------------------+
|   6  NVIDIA A100-SXM...  On   | 00000000:C6:00.0 Off |                    0 |
| N/A   30C    P0    64W / 400W |      0MiB / 81920MiB |      0%      Default |
|                               |                      |             Disabled |
+-------------------------------+----------------------+----------------------+
|   7  NVIDIA A100-SXM...  On   | 00000000:CA:00.0 Off |                    0 |
| N/A   32C    P0    65W / 400W |      0MiB / 81920MiB |      0%      Default |
|                               |                      |             Disabled |
+-------------------------------+----------------------+----------------------+
                                                                               
+-----------------------------------------------------------------------------+
| Processes:                                                                  |
|  GPU   GI   CI        PID   Type   Process name                  GPU Memory |
|        ID   ID                                                   Usage      |
|=============================================================================|
|  No running processes found                                                 |
+-----------------------------------------------------------------------------+



================== g3022 ==================
Fri May 17 00:47:05 2024       
+-----------------------------------------------------------------------------+
| NVIDIA-SMI 525.147.05   Driver Version: 525.147.05   CUDA Version: 12.0     |
|-------------------------------+----------------------+----------------------+
| GPU  Name        Persistence-M| Bus-Id        Disp.A | Volatile Uncorr. ECC |
| Fan  Temp  Perf  Pwr:Usage/Cap|         Memory-Usage | GPU-Util  Compute M. |
|                               |                      |               MIG M. |
|===============================+======================+======================|
|   0  NVIDIA A100-SXM...  On   | 00000000:10:00.0 Off |                    0 |
| N/A   31C    P0    65W / 400W |      0MiB / 81920MiB |      0%      Default |
|                               |                      |             Disabled |
+-------------------------------+----------------------+----------------------+
|   1  NVIDIA A100-SXM...  On   | 00000000:16:00.0 Off |                    0 |
| N/A   29C    P0    63W / 400W |      0MiB / 81920MiB |      0%      Default |
|                               |                      |             Disabled |
+-------------------------------+----------------------+----------------------+
|   2  NVIDIA A100-SXM...  On   | 00000000:49:00.0 Off |                    0 |
| N/A   30C    P0    66W / 400W |      0MiB / 81920MiB |      0%      Default |
|                               |                      |             Disabled |
+-------------------------------+----------------------+----------------------+
|   3  NVIDIA A100-SXM...  On   | 00000000:4D:00.0 Off |                    0 |
| N/A   31C    P0    67W / 400W |      0MiB / 81920MiB |      0%      Default |
|                               |                      |             Disabled |
+-------------------------------+----------------------+----------------------+
|   4  NVIDIA A100-SXM...  On   | 00000000:8A:00.0 Off |                    0 |
| N/A   31C    P0    64W / 400W |      0MiB / 81920MiB |      0%      Default |
|                               |                      |             Disabled |
+-------------------------------+----------------------+----------------------+
|   5  NVIDIA A100-SXM...  On   | 00000000:8F:00.0 Off |                    0 |
| N/A   30C    P0    66W / 400W |      0MiB / 81920MiB |      0%      Default |
|                               |                      |             Disabled |
+-------------------------------+----------------------+----------------------+
|   6  NVIDIA A100-SXM...  On   | 00000000:C6:00.0 Off |                    0 |
| N/A   30C    P0    69W / 400W |      0MiB / 81920MiB |      0%      Default |
|                               |                      |             Disabled |
+-------------------------------+----------------------+----------------------+
|   7  NVIDIA A100-SXM...  On   | 00000000:CA:00.0 Off |                    0 |
| N/A   31C    P0    68W / 400W |      0MiB / 81920MiB |      0%      Default |
|                               |                      |             Disabled |
+-------------------------------+----------------------+----------------------+
                                                                               
+-----------------------------------------------------------------------------+
| Processes:                                                                  |
|  GPU   GI   CI        PID   Type   Process name                  GPU Memory |
|        ID   ID                                                   Usage      |
|=============================================================================|
|  No running processes found                                                 |
+-----------------------------------------------------------------------------+



================== g3023 ==================
Fri May 17 00:47:05 2024       
+-----------------------------------------------------------------------------+
| NVIDIA-SMI 525.147.05   Driver Version: 525.147.05   CUDA Version: 12.0     |
|-------------------------------+----------------------+----------------------+
| GPU  Name        Persistence-M| Bus-Id        Disp.A | Volatile Uncorr. ECC |
| Fan  Temp  Perf  Pwr:Usage/Cap|         Memory-Usage | GPU-Util  Compute M. |
|                               |                      |               MIG M. |
|===============================+======================+======================|
|   0  NVIDIA A100-SXM...  On   | 00000000:10:00.0 Off |                    0 |
| N/A   37C    P0    67W / 400W |      0MiB / 81920MiB |      0%      Default |
|                               |                      |             Disabled |
+-------------------------------+----------------------+----------------------+
|   1  NVIDIA A100-SXM...  On   | 00000000:16:00.0 Off |                    0 |
| N/A   35C    P0    65W / 400W |      0MiB / 81920MiB |      0%      Default |
|                               |                      |             Disabled |
+-------------------------------+----------------------+----------------------+
|   2  NVIDIA A100-SXM...  On   | 00000000:49:00.0 Off |                    0 |
| N/A   36C    P0    63W / 400W |      0MiB / 81920MiB |      0%      Default |
|                               |                      |             Disabled |
+-------------------------------+----------------------+----------------------+
|   3  NVIDIA A100-SXM...  On   | 00000000:4D:00.0 Off |                    0 |
| N/A   36C    P0    66W / 400W |      0MiB / 81920MiB |      0%      Default |
|                               |                      |             Disabled |
+-------------------------------+----------------------+----------------------+
|   4  NVIDIA A100-SXM...  On   | 00000000:8A:00.0 Off |                    0 |
| N/A   34C    P0    64W / 400W |      0MiB / 81920MiB |      0%      Default |
|                               |                      |             Disabled |
+-------------------------------+----------------------+----------------------+
|   5  NVIDIA A100-SXM...  On   | 00000000:8F:00.0 Off |                    0 |
| N/A   35C    P0    66W / 400W |      0MiB / 81920MiB |      0%      Default |
|                               |                      |             Disabled |
+-------------------------------+----------------------+----------------------+
|   6  NVIDIA A100-SXM...  On   | 00000000:C6:00.0 Off |                    0 |
| N/A   34C    P0    66W / 400W |      0MiB / 81920MiB |      0%      Default |
|                               |                      |             Disabled |
+-------------------------------+----------------------+----------------------+
|   7  NVIDIA A100-SXM...  On   | 00000000:CA:00.0 Off |                    0 |
| N/A   36C    P0    66W / 400W |      0MiB / 81920MiB |      0%      Default |
|                               |                      |             Disabled |
+-------------------------------+----------------------+----------------------+
                                                                               
+-----------------------------------------------------------------------------+
| Processes:                                                                  |
|  GPU   GI   CI        PID   Type   Process name                  GPU Memory |
|        ID   ID                                                   Usage      |
|=============================================================================|
|  No running processes found                                                 |
+-----------------------------------------------------------------------------+



================== g3024 ==================
Fri May 17 00:47:05 2024       
+-----------------------------------------------------------------------------+
| NVIDIA-SMI 525.147.05   Driver Version: 525.147.05   CUDA Version: 12.0     |
|-------------------------------+----------------------+----------------------+
| GPU  Name        Persistence-M| Bus-Id        Disp.A | Volatile Uncorr. ECC |
| Fan  Temp  Perf  Pwr:Usage/Cap|         Memory-Usage | GPU-Util  Compute M. |
|                               |                      |               MIG M. |
|===============================+======================+======================|
|   0  NVIDIA A100-SXM...  On   | 00000000:10:00.0 Off |                    0 |
| N/A   32C    P0    67W / 400W |      0MiB / 81920MiB |      0%      Default |
|                               |                      |             Disabled |
+-------------------------------+----------------------+----------------------+
|   1  NVIDIA A100-SXM...  On   | 00000000:16:00.0 Off |                    0 |
| N/A   31C    P0    66W / 400W |      0MiB / 81920MiB |      0%      Default |
|                               |                      |             Disabled |
+-------------------------------+----------------------+----------------------+
|   2  NVIDIA A100-SXM...  On   | 00000000:49:00.0 Off |                    0 |
| N/A   32C    P0    70W / 400W |      0MiB / 81920MiB |      0%      Default |
|                               |                      |             Disabled |
+-------------------------------+----------------------+----------------------+
|   3  NVIDIA A100-SXM...  On   | 00000000:4D:00.0 Off |                    0 |
| N/A   32C    P0    65W / 400W |      0MiB / 81920MiB |      0%      Default |
|                               |                      |             Disabled |
+-------------------------------+----------------------+----------------------+
|   4  NVIDIA A100-SXM...  On   | 00000000:8A:00.0 Off |                    0 |
| N/A   31C    P0    67W / 400W |      0MiB / 81920MiB |      0%      Default |
|                               |                      |             Disabled |
+-------------------------------+----------------------+----------------------+
|   5  NVIDIA A100-SXM...  On   | 00000000:8F:00.0 Off |                    0 |
| N/A   31C    P0    64W / 400W |      0MiB / 81920MiB |      0%      Default |
|                               |                      |             Disabled |
+-------------------------------+----------------------+----------------------+
|   6  NVIDIA A100-SXM...  On   | 00000000:C6:00.0 Off |                    0 |
| N/A   30C    P0    63W / 400W |      0MiB / 81920MiB |      0%      Default |
|                               |                      |             Disabled |
+-------------------------------+----------------------+----------------------+
|   7  NVIDIA A100-SXM...  On   | 00000000:CA:00.0 Off |                    0 |
| N/A   32C    P0    66W / 400W |      0MiB / 81920MiB |      0%      Default |
|                               |                      |             Disabled |
+-------------------------------+----------------------+----------------------+
                                                                               
+-----------------------------------------------------------------------------+
| Processes:                                                                  |
|  GPU   GI   CI        PID   Type   Process name                  GPU Memory |
|        ID   ID                                                   Usage      |
|=============================================================================|
|  No running processes found                                                 |
+-----------------------------------------------------------------------------+



================== g3025 ==================
Fri May 17 00:47:05 2024       
+-----------------------------------------------------------------------------+
| NVIDIA-SMI 470.57.02    Driver Version: 470.57.02    CUDA Version: 11.4     |
|-------------------------------+----------------------+----------------------+
| GPU  Name        Persistence-M| Bus-Id        Disp.A | Volatile Uncorr. ECC |
| Fan  Temp  Perf  Pwr:Usage/Cap|         Memory-Usage | GPU-Util  Compute M. |
|                               |                      |               MIG M. |
|===============================+======================+======================|
|   0  NVIDIA A100-SXM...  On   | 00000000:10:00.0 Off |                    0 |
| N/A   40C    P0    87W / 400W |  50549MiB / 81251MiB |    100%      Default |
|                               |                      |             Disabled |
+-------------------------------+----------------------+----------------------+
|   1  NVIDIA A100-SXM...  On   | 00000000:16:00.0 Off |                    0 |
| N/A   36C    P0    86W / 400W |  43334MiB / 81251MiB |    100%      Default |
|                               |                      |             Disabled |
+-------------------------------+----------------------+----------------------+
|   2  NVIDIA A100-SXM...  On   | 00000000:49:00.0 Off |                    0 |
| N/A   40C    P0    93W / 400W |  45922MiB / 81251MiB |    100%      Default |
|                               |                      |             Disabled |
+-------------------------------+----------------------+----------------------+
|   3  NVIDIA A100-SXM...  On   | 00000000:4D:00.0 Off |                    0 |
| N/A   38C    P0    86W / 400W |  44684MiB / 81251MiB |    100%      Default |
|                               |                      |             Disabled |
+-------------------------------+----------------------+----------------------+
|   4  NVIDIA A100-SXM...  On   | 00000000:8A:00.0 Off |                    0 |
| N/A   38C    P0    86W / 400W |  41988MiB / 81251MiB |    100%      Default |
|                               |                      |             Disabled |
+-------------------------------+----------------------+----------------------+
|   5  NVIDIA A100-SXM...  On   | 00000000:8F:00.0 Off |                    0 |
| N/A   38C    P0    89W / 400W |  43446MiB / 81251MiB |    100%      Default |
|                               |                      |             Disabled |
+-------------------------------+----------------------+----------------------+
|   6  NVIDIA A100-SXM...  On   | 00000000:C6:00.0 Off |                    0 |
| N/A   37C    P0    88W / 400W |  44128MiB / 81251MiB |    100%      Default |
|                               |                      |             Disabled |
+-------------------------------+----------------------+----------------------+
|   7  NVIDIA A100-SXM...  On   | 00000000:CA:00.0 Off |                    0 |
| N/A   40C    P0    85W / 400W |  52572MiB / 81251MiB |      0%      Default |
|                               |                      |             Disabled |
+-------------------------------+----------------------+----------------------+
                                                                               
+-----------------------------------------------------------------------------+
| Processes:                                                                  |
|  GPU   GI   CI        PID   Type   Process name                  GPU Memory |
|        ID   ID                                                   Usage      |
|=============================================================================|
|    0   N/A  N/A    238506      C   .../envs/llamavid/bin/python    42289MiB |
|    1   N/A  N/A    238507      C   .../envs/llamavid/bin/python    43315MiB |
|    2   N/A  N/A    238508      C   .../envs/llamavid/bin/python    45903MiB |
|    3   N/A  N/A    238509      C   .../envs/llamavid/bin/python    44661MiB |
|    4   N/A  N/A    238510      C   .../envs/llamavid/bin/python    41967MiB |
|    5   N/A  N/A    238511      C   .../envs/llamavid/bin/python    43423MiB |
|    6   N/A  N/A    238512      C   .../envs/llamavid/bin/python    44109MiB |
|    7   N/A  N/A    238513      C   .../envs/llamavid/bin/python    52555MiB |
+-----------------------------------------------------------------------------+



================== g3026 ==================
Fri May 17 00:47:05 2024       
+-----------------------------------------------------------------------------+
| NVIDIA-SMI 470.57.02    Driver Version: 470.57.02    CUDA Version: 11.4     |
|-------------------------------+----------------------+----------------------+
| GPU  Name        Persistence-M| Bus-Id        Disp.A | Volatile Uncorr. ECC |
| Fan  Temp  Perf  Pwr:Usage/Cap|         Memory-Usage | GPU-Util  Compute M. |
|                               |                      |               MIG M. |
|===============================+======================+======================|
|   0  NVIDIA A100-SXM...  On   | 00000000:10:00.0 Off |                   13 |
| N/A   53C    P0   155W / 400W |  59078MiB / 81251MiB |    100%      Default |
|                               |                      |             Disabled |
+-------------------------------+----------------------+----------------------+
|   1  NVIDIA A100-SXM...  On   | 00000000:16:00.0 Off |                    0 |
| N/A   47C    P0   148W / 400W |  59222MiB / 81251MiB |    100%      Default |
|                               |                      |             Disabled |
+-------------------------------+----------------------+----------------------+
|   2  NVIDIA A100-SXM...  On   | 00000000:49:00.0 Off |                    0 |
| N/A   51C    P0   157W / 400W |  59222MiB / 81251MiB |    100%      Default |
|                               |                      |             Disabled |
+-------------------------------+----------------------+----------------------+
|   3  NVIDIA A100-SXM...  On   | 00000000:4D:00.0 Off |                    0 |
| N/A   44C    P0    89W / 400W |  59222MiB / 81251MiB |      0%      Default |
|                               |                      |             Disabled |
+-------------------------------+----------------------+----------------------+
|   4  NVIDIA A100-SXM...  On   | 00000000:8A:00.0 Off |                    0 |
| N/A   50C    P0   154W / 400W |  59222MiB / 81251MiB |    100%      Default |
|                               |                      |             Disabled |
+-------------------------------+----------------------+----------------------+
|   5  NVIDIA A100-SXM...  On   | 00000000:8F:00.0 Off |                    0 |
| N/A   49C    P0   158W / 400W |  59222MiB / 81251MiB |    100%      Default |
|                               |                      |             Disabled |
+-------------------------------+----------------------+----------------------+
|   6  NVIDIA A100-SXM...  On   | 00000000:C6:00.0 Off |                    0 |
| N/A   46C    P0   155W / 400W |  59222MiB / 81251MiB |    100%      Default |
|                               |                      |             Disabled |
+-------------------------------+----------------------+----------------------+
|   7  NVIDIA A100-SXM...  On   | 00000000:CA:00.0 Off |                    0 |
| N/A   54C    P0   155W / 400W |  59078MiB / 81251MiB |    100%      Default |
|                               |                      |             Disabled |
+-------------------------------+----------------------+----------------------+
                                                                               
+-----------------------------------------------------------------------------+
| Processes:                                                                  |
|  GPU   GI   CI        PID   Type   Process name                  GPU Memory |
|        ID   ID                                                   Usage      |
|=============================================================================|
|    0   N/A  N/A   3381718      C   .../envs/crossmae/bin/python    59043MiB |
|    1   N/A  N/A   3381719      C   .../envs/crossmae/bin/python    59187MiB |
|    2   N/A  N/A   3381720      C   .../envs/crossmae/bin/python    59187MiB |
|    3   N/A  N/A   3381721      C   .../envs/crossmae/bin/python    59187MiB |
|    4   N/A  N/A   3381722      C   .../envs/crossmae/bin/python    59187MiB |
|    5   N/A  N/A   3381723      C   .../envs/crossmae/bin/python    59187MiB |
|    6   N/A  N/A   3381724      C   .../envs/crossmae/bin/python    59187MiB |
|    7   N/A  N/A   3381725      C   .../envs/crossmae/bin/python    59043MiB |
+-----------------------------------------------------------------------------+



================== g3027 ==================
Fri May 17 00:47:05 2024       
+-----------------------------------------------------------------------------+
| NVIDIA-SMI 470.57.02    Driver Version: 470.57.02    CUDA Version: 11.4     |
|-------------------------------+----------------------+----------------------+
| GPU  Name        Persistence-M| Bus-Id        Disp.A | Volatile Uncorr. ECC |
| Fan  Temp  Perf  Pwr:Usage/Cap|         Memory-Usage | GPU-Util  Compute M. |
|                               |                      |               MIG M. |
|===============================+======================+======================|
|   0  NVIDIA A100-SXM...  On   | 00000000:10:00.0 Off |                    0 |
| N/A   38C    P0    73W / 400W |  14038MiB / 81251MiB |      0%      Default |
|                               |                      |             Disabled |
+-------------------------------+----------------------+----------------------+
|   1  NVIDIA A100-SXM...  On   | 00000000:16:00.0 Off |                    0 |
| N/A   37C    P0    72W / 400W |  14038MiB / 81251MiB |      0%      Default |
|                               |                      |             Disabled |
+-------------------------------+----------------------+----------------------+
|   2  NVIDIA A100-SXM...  On   | 00000000:45:00.0 Off |                    0 |
| N/A   36C    P0    78W / 400W |  14038MiB / 81251MiB |      0%      Default |
|                               |                      |             Disabled |
+-------------------------------+----------------------+----------------------+
|   3  NVIDIA A100-SXM...  On   | 00000000:49:00.0 Off |                    0 |
| N/A   37C    P0    73W / 400W |  14038MiB / 81251MiB |      0%      Default |
|                               |                      |             Disabled |
+-------------------------------+----------------------+----------------------+
|   4  NVIDIA A100-SXM...  On   | 00000000:8A:00.0 Off |                    0 |
| N/A   38C    P0    74W / 400W |  14038MiB / 81251MiB |      0%      Default |
|                               |                      |             Disabled |
+-------------------------------+----------------------+----------------------+
|   5  NVIDIA A100-SXM...  On   | 00000000:8F:00.0 Off |                    0 |
| N/A   39C    P0    73W / 400W |  14038MiB / 81251MiB |      0%      Default |
|                               |                      |             Disabled |
+-------------------------------+----------------------+----------------------+
|   6  NVIDIA A100-SXM...  On   | 00000000:C6:00.0 Off |                    0 |
| N/A   37C    P0    75W / 400W |  14038MiB / 81251MiB |      0%      Default |
|                               |                      |             Disabled |
+-------------------------------+----------------------+----------------------+
|   7  NVIDIA A100-SXM...  On   | 00000000:CA:00.0 Off |                    0 |
| N/A   39C    P0    72W / 400W |  14038MiB / 81251MiB |      0%      Default |
|                               |                      |             Disabled |
+-------------------------------+----------------------+----------------------+
                                                                               
+-----------------------------------------------------------------------------+
| Processes:                                                                  |
|  GPU   GI   CI        PID   Type   Process name                  GPU Memory |
|        ID   ID                                                   Usage      |
|=============================================================================|
|    0   N/A  N/A   1358483      C   python                          14035MiB |
|    1   N/A  N/A   1358484      C   python                          14035MiB |
|    2   N/A  N/A   1358485      C   python                          14035MiB |
|    3   N/A  N/A   1358486      C   python                          14035MiB |
|    4   N/A  N/A   1358487      C   python                          14035MiB |
|    5   N/A  N/A   1358488      C   python                          14035MiB |
|    6   N/A  N/A   1358489      C   python                          14035MiB |
|    7   N/A  N/A   1358490      C   python                          14035MiB |
+-----------------------------------------------------------------------------+



================== g3028 ==================
Thu May 16 16:47:05 2024       
+-----------------------------------------------------------------------------+
| NVIDIA-SMI 470.57.02    Driver Version: 470.57.02    CUDA Version: 11.4     |
|-------------------------------+----------------------+----------------------+
| GPU  Name        Persistence-M| Bus-Id        Disp.A | Volatile Uncorr. ECC |
| Fan  Temp  Perf  Pwr:Usage/Cap|         Memory-Usage | GPU-Util  Compute M. |
|                               |                      |               MIG M. |
|===============================+======================+======================|
|   0  NVIDIA A100-SXM...  On   | 00000000:10:00.0 Off |                    0 |
| N/A   46C    P0    82W / 400W |  43364MiB / 81251MiB |      9%      Default |
|                               |                      |             Disabled |
+-------------------------------+----------------------+----------------------+
|   1  NVIDIA A100-SXM...  On   | 00000000:16:00.0 Off |                    0 |
| N/A   41C    P0    79W / 400W |  43692MiB / 81251MiB |     10%      Default |
|                               |                      |             Disabled |
+-------------------------------+----------------------+----------------------+
|   2  NVIDIA A100-SXM...  On   | 00000000:49:00.0 Off |                    0 |
| N/A   45C    P0    84W / 400W |  43702MiB / 81251MiB |     10%      Default |
|                               |                      |             Disabled |
+-------------------------------+----------------------+----------------------+
|   3  NVIDIA A100-SXM...  On   | 00000000:4D:00.0 Off |                    0 |
| N/A   44C    P0    77W / 400W |  43746MiB / 81251MiB |     10%      Default |
|                               |                      |             Disabled |
+-------------------------------+----------------------+----------------------+
|   4  NVIDIA A100-SXM...  On   | 00000000:8A:00.0 Off |                    0 |
| N/A   42C    P0    80W / 400W |  43638MiB / 81251MiB |      4%      Default |
|                               |                      |             Disabled |
+-------------------------------+----------------------+----------------------+
|   5  NVIDIA A100-SXM...  On   | 00000000:8F:00.0 Off |                    0 |
| N/A   42C    P0    80W / 400W |  43670MiB / 81251MiB |      5%      Default |
|                               |                      |             Disabled |
+-------------------------------+----------------------+----------------------+
|   6  NVIDIA A100-SXM...  On   | 00000000:C6:00.0 Off |                    0 |
| N/A   40C    P0    79W / 400W |  43746MiB / 81251MiB |      0%      Default |
|                               |                      |             Disabled |
+-------------------------------+----------------------+----------------------+
|   7  NVIDIA A100-SXM...  On   | 00000000:CA:00.0 Off |                    0 |
| N/A   45C    P0    81W / 400W |  43382MiB / 81251MiB |      0%      Default |
|                               |                      |             Disabled |
+-------------------------------+----------------------+----------------------+
                                                                               
+-----------------------------------------------------------------------------+
| Processes:                                                                  |
|  GPU   GI   CI        PID   Type   Process name                  GPU Memory |
|        ID   ID                                                   Usage      |
|=============================================================================|
|    0   N/A  N/A    135108      C   ...a3/envs/zephyr/bin/python    43361MiB |
|    1   N/A  N/A    135109      C   ...a3/envs/zephyr/bin/python    43689MiB |
|    2   N/A  N/A    135110      C   ...a3/envs/zephyr/bin/python    43699MiB |
|    3   N/A  N/A    135111      C   ...a3/envs/zephyr/bin/python    43743MiB |
|    4   N/A  N/A    135112      C   ...a3/envs/zephyr/bin/python    43635MiB |
|    5   N/A  N/A    135113      C   ...a3/envs/zephyr/bin/python    43667MiB |
|    6   N/A  N/A    135114      C   ...a3/envs/zephyr/bin/python    43743MiB |
|    7   N/A  N/A    135115      C   ...a3/envs/zephyr/bin/python    43379MiB |
+-----------------------------------------------------------------------------+



================== g3029 ==================
Fri May 17 00:47:05 2024       
+-----------------------------------------------------------------------------+
| NVIDIA-SMI 470.57.02    Driver Version: 470.57.02    CUDA Version: 11.4     |
|-------------------------------+----------------------+----------------------+
| GPU  Name        Persistence-M| Bus-Id        Disp.A | Volatile Uncorr. ECC |
| Fan  Temp  Perf  Pwr:Usage/Cap|         Memory-Usage | GPU-Util  Compute M. |
|                               |                      |               MIG M. |
|===============================+======================+======================|
|   0  NVIDIA A100-SXM...  On   | 00000000:10:00.0 Off |                    0 |
| N/A   55C    P0   267W / 400W |  56721MiB / 81251MiB |     98%      Default |
|                               |                      |             Disabled |
+-------------------------------+----------------------+----------------------+
|   1  NVIDIA A100-SXM...  On   | 00000000:16:00.0 Off |                    0 |
| N/A   48C    P0   122W / 400W |  39286MiB / 81251MiB |     93%      Default |
|                               |                      |             Disabled |
+-------------------------------+----------------------+----------------------+
|   2  NVIDIA A100-SXM...  On   | 00000000:49:00.0 Off |                    0 |
| N/A   52C    P0   254W / 400W |  41706MiB / 81251MiB |     90%      Default |
|                               |                      |             Disabled |
+-------------------------------+----------------------+----------------------+
|   3  NVIDIA A100-SXM...  On   | 00000000:4D:00.0 Off |                    0 |
| N/A   50C    P0   129W / 400W |  54944MiB / 81251MiB |     93%      Default |
|                               |                      |             Disabled |
+-------------------------------+----------------------+----------------------+
|   4  NVIDIA A100-SXM...  On   | 00000000:8A:00.0 Off |                    0 |
| N/A   46C    P0   120W / 400W |  19502MiB / 81251MiB |     94%      Default |
|                               |                      |             Disabled |
+-------------------------------+----------------------+----------------------+
|   5  NVIDIA A100-SXM...  On   | 00000000:8F:00.0 Off |                    0 |
| N/A   45C    P0    91W / 400W |  17828MiB / 81251MiB |     86%      Default |
|                               |                      |             Disabled |
+-------------------------------+----------------------+----------------------+
|   6  NVIDIA A100-SXM...  On   | 00000000:C6:00.0 Off |                    0 |
| N/A   41C    P0    85W / 400W |  18188MiB / 81251MiB |     96%      Default |
|                               |                      |             Disabled |
+-------------------------------+----------------------+----------------------+
|   7  NVIDIA A100-SXM...  On   | 00000000:CA:00.0 Off |                    0 |
| N/A   48C    P0    92W / 400W |  20262MiB / 81251MiB |     92%      Default |
|                               |                      |             Disabled |
+-------------------------------+----------------------+----------------------+
                                                                               
+-----------------------------------------------------------------------------+
| Processes:                                                                  |
|  GPU   GI   CI        PID   Type   Process name                  GPU Memory |
|        ID   ID                                                   Usage      |
|=============================================================================|
|    0   N/A  N/A    403253      C   ...da3/envs/muse3/bin/python    45007MiB |
|    1   N/A  N/A    403254      C   ...da3/envs/muse3/bin/python    38995MiB |
|    2   N/A  N/A    403256      C   ...da3/envs/muse3/bin/python    41703MiB |
|    3   N/A  N/A    403257      C   ...da3/envs/muse3/bin/python    54941MiB |
|    4   N/A  N/A     29408      C   ...da3/envs/muse3/bin/python    19499MiB |
|    5   N/A  N/A     29409      C   ...da3/envs/muse3/bin/python    17825MiB |
|    6   N/A  N/A     29410      C   ...da3/envs/muse3/bin/python    18185MiB |
|    7   N/A  N/A     29411      C   ...da3/envs/muse3/bin/python    20115MiB |
+-----------------------------------------------------------------------------+



================== g1004 ==================
Fri May 17 00:47:05 2024       
+-----------------------------------------------------------------------------+
| NVIDIA-SMI 470.57.02    Driver Version: 470.57.02    CUDA Version: 11.4     |
|-------------------------------+----------------------+----------------------+
| GPU  Name        Persistence-M| Bus-Id        Disp.A | Volatile Uncorr. ECC |
| Fan  Temp  Perf  Pwr:Usage/Cap|         Memory-Usage | GPU-Util  Compute M. |
|                               |                      |               MIG M. |
|===============================+======================+======================|
|   0  NVIDIA A100-SXM...  Off  | 00000000:10:00.0 Off |                    0 |
| N/A   50C    P0   217W / 400W |  26010MiB / 40536MiB |     82%      Default |
|                               |                      |             Disabled |
+-------------------------------+----------------------+----------------------+
|   1  NVIDIA A100-SXM...  Off  | 00000000:16:00.0 Off |                    0 |
| N/A   45C    P0   175W / 400W |  26182MiB / 40536MiB |     41%      Default |
|                               |                      |             Disabled |
+-------------------------------+----------------------+----------------------+
|   2  NVIDIA A100-SXM...  Off  | 00000000:49:00.0 Off |                    0 |
| N/A   49C    P0   198W / 400W |  26204MiB / 40536MiB |     79%      Default |
|                               |                      |             Disabled |
+-------------------------------+----------------------+----------------------+
|   3  NVIDIA A100-SXM...  Off  | 00000000:4D:00.0 Off |                    0 |
| N/A   48C    P0   139W / 400W |  25872MiB / 40536MiB |     82%      Default |
|                               |                      |             Disabled |
+-------------------------------+----------------------+----------------------+
|   4  NVIDIA A100-SXM...  Off  | 00000000:89:00.0 Off |                    0 |
| N/A   30C    P0    53W / 400W |      0MiB / 40536MiB |      0%      Default |
|                               |                      |             Disabled |
+-------------------------------+----------------------+----------------------+
|   5  NVIDIA A100-SXM...  Off  | 00000000:8E:00.0 Off |                    0 |
| N/A   30C    P0    54W / 400W |      0MiB / 40536MiB |      0%      Default |
|                               |                      |             Disabled |
+-------------------------------+----------------------+----------------------+
|   6  NVIDIA A100-SXM...  Off  | 00000000:C5:00.0 Off |                    0 |
| N/A   30C    P0    57W / 400W |      0MiB / 40536MiB |      0%      Default |
|                               |                      |             Disabled |
+-------------------------------+----------------------+----------------------+
|   7  NVIDIA A100-SXM...  Off  | 00000000:C9:00.0 Off |                    0 |
| N/A   32C    P0    58W / 400W |      0MiB / 40536MiB |      0%      Default |
|                               |                      |             Disabled |
+-------------------------------+----------------------+----------------------+
                                                                               
+-----------------------------------------------------------------------------+
| Processes:                                                                  |
|  GPU   GI   CI        PID   Type   Process name                  GPU Memory |
|        ID   ID                                                   Usage      |
|=============================================================================|
|    0   N/A  N/A   1960681      C   ...nda3/envs/fuyu/bin/python    26007MiB |
|    1   N/A  N/A   1960682      C   ...nda3/envs/fuyu/bin/python    26179MiB |
|    2   N/A  N/A   1960683      C   ...nda3/envs/fuyu/bin/python    26201MiB |
|    3   N/A  N/A   1960684      C   ...nda3/envs/fuyu/bin/python    25869MiB |
+-----------------------------------------------------------------------------+



================== g1006 ==================
Thu May 16 16:47:05 2024       
+-----------------------------------------------------------------------------+
| NVIDIA-SMI 470.57.02    Driver Version: 470.57.02    CUDA Version: 11.4     |
|-------------------------------+----------------------+----------------------+
| GPU  Name        Persistence-M| Bus-Id        Disp.A | Volatile Uncorr. ECC |
| Fan  Temp  Perf  Pwr:Usage/Cap|         Memory-Usage | GPU-Util  Compute M. |
|                               |                      |               MIG M. |
|===============================+======================+======================|
|   0  NVIDIA A100-SXM...  Off  | 00000000:10:00.0 Off |                    0 |
| N/A   58C    P0   228W / 400W |  36276MiB / 40536MiB |     74%      Default |
|                               |                      |             Disabled |
+-------------------------------+----------------------+----------------------+
|   1  NVIDIA A100-SXM...  Off  | 00000000:16:00.0 Off |                    0 |
| N/A   50C    P0   261W / 400W |  35878MiB / 40536MiB |     89%      Default |
|                               |                      |             Disabled |
+-------------------------------+----------------------+----------------------+
|   2  NVIDIA A100-SXM...  Off  | 00000000:49:00.0 Off |                    0 |
| N/A   55C    P0   284W / 400W |  35718MiB / 40536MiB |     83%      Default |
|                               |                      |             Disabled |
+-------------------------------+----------------------+----------------------+
|   3  NVIDIA A100-SXM...  Off  | 00000000:4D:00.0 Off |                    0 |
| N/A   52C    P0   248W / 400W |  37088MiB / 40536MiB |     84%      Default |
|                               |                      |             Disabled |
+-------------------------------+----------------------+----------------------+
|   4  NVIDIA A100-SXM...  Off  | 00000000:89:00.0 Off |                    0 |
| N/A   55C    P0   330W / 400W |  36176MiB / 40536MiB |     61%      Default |
|                               |                      |             Disabled |
+-------------------------------+----------------------+----------------------+
|   5  NVIDIA A100-SXM...  Off  | 00000000:8E:00.0 Off |                    0 |
| N/A   54C    P0   181W / 400W |  37088MiB / 40536MiB |     72%      Default |
|                               |                      |             Disabled |
+-------------------------------+----------------------+----------------------+
|   6  NVIDIA A100-SXM...  Off  | 00000000:C5:00.0 Off |                    0 |
| N/A   50C    P0   126W / 400W |  35878MiB / 40536MiB |     86%      Default |
|                               |                      |             Disabled |
+-------------------------------+----------------------+----------------------+
|   7  NVIDIA A100-SXM...  Off  | 00000000:C9:00.0 Off |                    0 |
| N/A   58C    P0   139W / 400W |  36944MiB / 40536MiB |     87%      Default |
|                               |                      |             Disabled |
+-------------------------------+----------------------+----------------------+
                                                                               
+-----------------------------------------------------------------------------+
| Processes:                                                                  |
|  GPU   GI   CI        PID   Type   Process name                  GPU Memory |
|        ID   ID                                                   Usage      |
|=============================================================================|
|    0   N/A  N/A   3403645      C   ...a3/envs/daily/bin/python3    36273MiB |
|    1   N/A  N/A   3403646      C   ...a3/envs/daily/bin/python3    35875MiB |
|    2   N/A  N/A   3403647      C   ...a3/envs/daily/bin/python3    35715MiB |
|    3   N/A  N/A   3403648      C   ...a3/envs/daily/bin/python3    37085MiB |
|    4   N/A  N/A   3403649      C   ...a3/envs/daily/bin/python3    36173MiB |
|    5   N/A  N/A   3403650      C   ...a3/envs/daily/bin/python3    37085MiB |
|    6   N/A  N/A   3403651      C   ...a3/envs/daily/bin/python3    35875MiB |
|    7   N/A  N/A   3403652      C   ...a3/envs/daily/bin/python3    36941MiB |
+-----------------------------------------------------------------------------+
WARNING: infoROM is corrupted at gpu 0000:C5:00.0



