+ srun -p rag -N 1 --ntasks-per-node=1 --gres=gpu:4 --mem 256G -K -w g3021 -c 16 python ./tests/pynccl.py -s
srun: job 9644 queued and waiting for resources
srun: job 9644 has been allocated resources
[W ProcessGroupNCCL.cpp:1856] Warning: 0NCCL_AVOID_RECORD_STREAMS=1 has no effect for point-to-point collectives. (function operator())
[W ProcessGroupNCCL.cpp:1856] Warning: 0NCCL_AVOID_RECORD_STREAMS=1 has no effect for point-to-point collectives. (function operator())
[W ProcessGroupNCCL.cpp:1856] Warning: 0NCCL_AVOID_RECORD_STREAMS=1 has no effect for point-to-point collectives. (function operator())
[W ProcessGroupNCCL.cpp:1856] Warning: 0NCCL_AVOID_RECORD_STREAMS=1 has no effect for point-to-point collectives. (function operator())
[W kineto_shim.cpp:372] Profiler is not initialized: skipping step() invocation
[W kineto_shim.cpp:372] Profiler is not initialized: skipping step() invocation
[W kineto_shim.cpp:372] Profiler is not initialized: skipping step() invocation
[W kineto_shim.cpp:372] Profiler is not initialized: skipping step() invocation
[W kineto_shim.cpp:372] Profiler is not initialized: skipping step() invocation
[W kineto_shim.cpp:372] Profiler is not initialized: skipping step() invocation
rank1, a: 2.0, b: 1.0, c: 2.0, d: 0.0, e: 1.0
rank0, a: 1.0, b: 2.0, c: 1.0, d: 0.0, e: 2.0
rank1, a: 2.0, b: 1.0, c: 2.0, d: 0.0, e: 1.0
rank0, a: 1.0, b: 2.0, c: 1.0, d: 0.0, e: 2.0
STAGE:2024-07-16 14:09:24 2812410:2812410 ActivityProfilerController.cpp:312] Completed Stage: Warm Up
STAGE:2024-07-16 14:09:24 2812409:2812409 ActivityProfilerController.cpp:312] Completed Stage: Warm Up
rank1, a: 2.0, b: 1.0, c: 2.0, d: 0.0, e: 1.0
rank0, a: 1.0, b: 2.0, c: 1.0, d: 0.0, e: 2.0
rank0, a: 1.0, b: 2.0, c: 1.0, d: 0.0, e: 2.0
rank1, a: 2.0, b: 1.0, c: 2.0, d: 0.0, e: 1.0
rank1, a: 2.0, b: 1.0, c: 2.0, d: 0.0, e: 1.0
rank0, a: 1.0, b: 2.0, c: 1.0, d: 0.0, e: 2.0
STAGE:2024-07-16 14:09:24 2812409:2812409 ActivityProfilerController.cpp:318] Completed Stage: Collection
STAGE:2024-07-16 14:09:24 2812410:2812410 ActivityProfilerController.cpp:318] Completed Stage: Collection
STAGE:2024-07-16 14:09:24 2812409:2812409 ActivityProfilerController.cpp:322] Completed Stage: Post Processing
STAGE:2024-07-16 14:09:24 2812410:2812410 ActivityProfilerController.cpp:322] Completed Stage: Post Processing
+ set +x
