+ srun -p hit -N 1 --ntasks-per-node=1 --mem 256G -K python search_algo/main.py
srun: job 12616 queued and waiting for resources
srun: job 12616 has been allocated resources
[INFO]: fwd schedules
schedule_squeue_num[fwd]: 100
alg0, schedule:
[[[[ 0 -1 -1 -1]
   [ 3  1 -1 -1]
   [ 2  1  2 -1]
   [ 2  1  3  3]]]]
fob: 0, get_e2e_time(): 3.450e-04, get_absolute_cc_time:[0.000345  0.0002341]
objective=4.240e-04
alg1, schedule:
[[[[ 0 -1 -1 -1]
   [ 3  1 -1 -1]
   [ 2  1  2 -1]
   [ 2  3  0  3]]]]
fob: 0, get_e2e_time(): 3.450e-04, get_absolute_cc_time:[0.000345  0.0002341]
objective=4.249e-04
alg2, schedule:
[[[[ 0 -1 -1 -1]
   [ 3  1 -1 -1]
   [ 2  1  2 -1]
   [ 2  3  1  3]]]]
fob: 0, get_e2e_time(): 3.450e-04, get_absolute_cc_time:[0.000345  0.0002341]
objective=4.249e-04
alg3, schedule:
[[[[ 0 -1 -1 -1]
   [ 3  1 -1 -1]
   [ 2  1  2 -1]
   [ 3  0  0  3]]]]
fob: 0, get_e2e_time(): 3.450e-04, get_absolute_cc_time:[0.000345   0.00019508]
objective=4.416e-04
alg4, schedule:
[[[[ 0 -1 -1 -1]
   [ 3  1 -1 -1]
   [ 2  1  2 -1]
   [ 3  0  1  3]]]]
fob: 0, get_e2e_time(): 3.450e-04, get_absolute_cc_time:[0.000345   0.00019508]
objective=4.021e-04
alg5, schedule:
[[[[ 0 -1 -1 -1]
   [ 3  1 -1 -1]
   [ 2  1  2 -1]
   [ 3  0  2  3]]]]
fob: 0, get_e2e_time(): 3.450e-04, get_absolute_cc_time:[0.000345   0.00015607]
objective=3.845e-04
alg6, schedule:
[[[[ 0 -1 -1 -1]
   [ 3  1 -1 -1]
   [ 2  1  2 -1]
   [ 3  1  0  3]]]]
fob: 0, get_e2e_time(): 3.450e-04, get_absolute_cc_time:[0.000345   0.00015607]
objective=4.021e-04
alg7, schedule:
[[[[ 0 -1 -1 -1]
   [ 3  1 -1 -1]
   [ 2  1  2 -1]
   [ 3  1  2  3]]]]
fob: 0, get_e2e_time(): 3.450e-04, get_absolute_cc_time:[0.000345   0.00015607]
objective=4.021e-04
alg8, schedule:
[[[[ 0 -1 -1 -1]
   [ 3  1 -1 -1]
   [ 2  1  2 -1]
   [ 3  2  0  3]]]]
fob: 0, get_e2e_time(): 3.450e-04, get_absolute_cc_time:[0.000345  0.0002341]
objective=3.845e-04
alg9, schedule:
[[[[ 0 -1 -1 -1]
   [ 3  1 -1 -1]
   [ 2  1  2 -1]
   [ 3  2  1  3]]]]
fob: 0, get_e2e_time(): 3.450e-04, get_absolute_cc_time:[0.000345  0.0002341]
objective=4.021e-04
alg10, schedule:
[[[[ 0 -1 -1 -1]
   [ 3  1 -1 -1]
   [ 2  2  2 -1]
   [ 0  0  1  3]]]]
fob: 0, get_e2e_time(): 3.450e-04, get_absolute_cc_time:[0.000345   0.00016907]
objective=4.021e-04
alg11, schedule:
[[[[ 0 -1 -1 -1]
   [ 3  1 -1 -1]
   [ 2  2  2 -1]
   [ 0  0  3  3]]]]
fob: 0, get_e2e_time(): 3.450e-04, get_absolute_cc_time:[0.000345  0.0002341]
objective=4.249e-04
alg12, schedule:
[[[[ 0 -1 -1 -1]
   [ 3  1 -1 -1]
   [ 2  2  2 -1]
   [ 0  1  0  3]]]]
fob: 0, get_e2e_time(): 3.450e-04, get_absolute_cc_time:[0.000345   0.00015607]
objective=4.021e-04
alg13, schedule:
[[[[ 0 -1 -1 -1]
   [ 3  1 -1 -1]
   [ 2  2  2 -1]
   [ 0  1  1  3]]]]
fob: 0, get_e2e_time(): 3.450e-04, get_absolute_cc_time:[0.000345   0.00015607]
objective=4.021e-04
alg14, schedule:
[[[[ 0 -1 -1 -1]
   [ 3  1 -1 -1]
   [ 2  2  2 -1]
   [ 0  1  3  3]]]]
fob: 0, get_e2e_time(): 3.450e-04, get_absolute_cc_time:[0.000345  0.0002341]
objective=3.845e-04
alg15, schedule:
[[[[ 0 -1 -1 -1]
   [ 3  1 -1 -1]
   [ 2  2  2 -1]
   [ 0  3  0  3]]]]
fob: 0, get_e2e_time(): 3.450e-04, get_absolute_cc_time:[0.000345  0.0002341]
objective=4.021e-04
alg16, schedule:
[[[[ 0 -1 -1 -1]
   [ 3  1 -1 -1]
   [ 2  2  2 -1]
   [ 0  3  1  3]]]]
fob: 0, get_e2e_time(): 3.450e-04, get_absolute_cc_time:[0.000345  0.0002341]
objective=3.845e-04
alg17, schedule:
[[[[ 0 -1 -1 -1]
   [ 3  1 -1 -1]
   [ 2  2  2 -1]
   [ 1  0  0  3]]]]
fob: 0, get_e2e_time(): 3.450e-04, get_absolute_cc_time:[0.000345   0.00019508]
objective=4.416e-04
alg18, schedule:
[[[[ 0 -1 -1 -1]
   [ 3  1 -1 -1]
   [ 2  2  2 -1]
   [ 1  0  1  3]]]]
fob: 0, get_e2e_time(): 3.450e-04, get_absolute_cc_time:[0.000345  0.0002341]
objective=4.416e-04
alg19, schedule:
[[[[ 0 -1 -1 -1]
   [ 3  1 -1 -1]
   [ 2  2  2 -1]
   [ 1  0  3  3]]]]
fob: 0, get_e2e_time(): 3.450e-04, get_absolute_cc_time:[0.000345  0.0002341]
objective=4.240e-04
alg20, schedule:
[[[[ 0 -1 -1 -1]
   [ 3  1 -1 -1]
   [ 2  2  2 -1]
   [ 1  1  0  3]]]]
fob: 0, get_e2e_time(): 3.450e-04, get_absolute_cc_time:[0.000345   0.00015607]
objective=4.074e-04
alg21, schedule:
[[[[ 0 -1 -1 -1]
   [ 3  1 -1 -1]
   [ 2  2  2 -1]
   [ 1  1  3  3]]]]
fob: 0, get_e2e_time(): 3.450e-04, get_absolute_cc_time:[0.000345  0.0002341]
objective=4.074e-04
alg22, schedule:
[[[[ 0 -1 -1 -1]
   [ 3  1 -1 -1]
   [ 2  2  2 -1]
   [ 1  3  0  3]]]]
fob: 0, get_e2e_time(): 3.450e-04, get_absolute_cc_time:[0.000345  0.0002341]
objective=4.074e-04
alg23, schedule:
[[[[ 0 -1 -1 -1]
   [ 3  1 -1 -1]
   [ 2  2  2 -1]
   [ 1  3  1  3]]]]
fob: 0, get_e2e_time(): 3.450e-04, get_absolute_cc_time:[0.000345  0.0002341]
objective=4.416e-04
alg24, schedule:
[[[[ 0 -1 -1 -1]
   [ 3  1 -1 -1]
   [ 2  2  2 -1]
   [ 3  0  0  3]]]]
fob: 0, get_e2e_time(): 3.450e-04, get_absolute_cc_time:[0.000345   0.00019508]
objective=4.416e-04
alg25, schedule:
[[[[ 0 -1 -1 -1]
   [ 3  1 -1 -1]
   [ 2  2  2 -1]
   [ 3  0  1  3]]]]
fob: 0, get_e2e_time(): 3.450e-04, get_absolute_cc_time:[0.000345   0.00016907]
objective=4.249e-04
alg26, schedule:
[[[[ 0 -1 -1 -1]
   [ 3  1 -1 -1]
   [ 2  2  2 -1]
   [ 3  1  0  3]]]]
fob: 0, get_e2e_time(): 3.450e-04, get_absolute_cc_time:[0.000345   0.00015607]
objective=3.845e-04
alg27, schedule:
[[[[ 0 -1 -1 -1]
   [ 3  1 -1 -1]
   [ 2  2  2 -1]
   [ 3  1  1  3]]]]
fob: 0, get_e2e_time(): 3.450e-04, get_absolute_cc_time:[0.000345   0.00015607]
objective=4.021e-04
alg28, schedule:
[[[[ 0 -1 -1 -1]
   [ 3  1 -1 -1]
   [ 2  3  2 -1]
   [ 0  0  1  3]]]]
fob: 0, get_e2e_time(): 3.450e-04, get_absolute_cc_time:[0.000345   0.00027312]
objective=4.811e-04
alg29, schedule:
[[[[ 0 -1 -1 -1]
   [ 3  1 -1 -1]
   [ 2  3  2 -1]
   [ 0  0  2  3]]]]
fob: 0, get_e2e_time(): 3.450e-04, get_absolute_cc_time:[0.000345   0.00027312]
objective=4.820e-04
alg30, schedule:
[[[[ 0 -1 -1 -1]
   [ 3  1 -1 -1]
   [ 2  3  2 -1]
   [ 0  1  0  3]]]]
fob: 0, get_e2e_time(): 3.450e-04, get_absolute_cc_time:[0.000345   0.00027312]
objective=4.820e-04
alg31, schedule:
[[[[ 0 -1 -1 -1]
   [ 3  1 -1 -1]
   [ 2  3  2 -1]
   [ 0  1  1  3]]]]
fob: 0, get_e2e_time(): 3.450e-04, get_absolute_cc_time:[0.000345   0.00027312]
objective=4.811e-04
alg32, schedule:
[[[[ 0 -1 -1 -1]
   [ 3  1 -1 -1]
   [ 2  3  2 -1]
   [ 0  1  2  3]]]]
fob: 0, get_e2e_time(): 3.450e-04, get_absolute_cc_time:[0.000345   0.00027312]
objective=4.811e-04
alg33, schedule:
[[[[ 0 -1 -1 -1]
   [ 3  1 -1 -1]
   [ 2  3  2 -1]
   [ 0  2  0  3]]]]
fob: 0, get_e2e_time(): 3.450e-04, get_absolute_cc_time:[0.000345   0.00027312]
objective=4.811e-04
alg34, schedule:
[[[[ 0 -1 -1 -1]
   [ 3  1 -1 -1]
   [ 2  3  2 -1]
   [ 0  2  1  3]]]]
fob: 0, get_e2e_time(): 3.450e-04, get_absolute_cc_time:[0.000345   0.00027312]
objective=4.811e-04
alg35, schedule:
[[[[ 0 -1 -1 -1]
   [ 3  1 -1 -1]
   [ 2  3  2 -1]
   [ 1  0  0  3]]]]
fob: 0, get_e2e_time(): 3.450e-04, get_absolute_cc_time:[0.000345   0.00027312]
objective=4.811e-04
alg36, schedule:
[[[[ 0 -1 -1 -1]
   [ 3  1 -1 -1]
   [ 2  3  2 -1]
   [ 1  0  1  3]]]]
fob: 0, get_e2e_time(): 3.450e-04, get_absolute_cc_time:[0.000345   0.00027312]
objective=4.811e-04
alg37, schedule:
[[[[ 0 -1 -1 -1]
   [ 3  1 -1 -1]
   [ 2  3  2 -1]
   [ 1  0  2  3]]]]
fob: 0, get_e2e_time(): 3.450e-04, get_absolute_cc_time:[0.000345   0.00027312]
objective=4.811e-04
alg38, schedule:
[[[[ 0 -1 -1 -1]
   [ 3  1 -1 -1]
   [ 2  3  2 -1]
   [ 1  1  0  3]]]]
fob: 0, get_e2e_time(): 3.450e-04, get_absolute_cc_time:[0.000345   0.00027312]
objective=4.811e-04
alg39, schedule:
[[[[ 0 -1 -1 -1]
   [ 3  1 -1 -1]
   [ 2  3  2 -1]
   [ 1  1  2  3]]]]
fob: 0, get_e2e_time(): 3.450e-04, get_absolute_cc_time:[0.000345   0.00027312]
objective=4.811e-04
alg40, schedule:
[[[[ 0 -1 -1 -1]
   [ 3  1 -1 -1]
   [ 2  3  2 -1]
   [ 1  2  0  3]]]]
fob: 0, get_e2e_time(): 3.450e-04, get_absolute_cc_time:[0.000345   0.00027312]
objective=4.811e-04
alg41, schedule:
[[[[ 0 -1 -1 -1]
   [ 3  1 -1 -1]
   [ 2  3  2 -1]
   [ 1  2  1  3]]]]
fob: 0, get_e2e_time(): 3.450e-04, get_absolute_cc_time:[0.000345   0.00027312]
objective=4.811e-04
alg42, schedule:
[[[[ 0 -1 -1 -1]
   [ 3  1 -1 -1]
   [ 2  3  2 -1]
   [ 2  0  0  3]]]]
fob: 0, get_e2e_time(): 3.450e-04, get_absolute_cc_time:[0.000345   0.00027312]
objective=4.820e-04
alg43, schedule:
[[[[ 0 -1 -1 -1]
   [ 3  1 -1 -1]
   [ 2  3  2 -1]
   [ 2  0  1  3]]]]
fob: 0, get_e2e_time(): 3.450e-04, get_absolute_cc_time:[0.000345   0.00027312]
objective=4.811e-04
alg44, schedule:
[[[[ 0 -1 -1 -1]
   [ 3  1 -1 -1]
   [ 2  3  2 -1]
   [ 2  1  0  3]]]]
fob: 0, get_e2e_time(): 3.450e-04, get_absolute_cc_time:[0.000345   0.00027312]
objective=4.820e-04
alg45, schedule:
[[[[ 0 -1 -1 -1]
   [ 3  1 -1 -1]
   [ 2  3  2 -1]
   [ 2  1  1  3]]]]
fob: 0, get_e2e_time(): 3.450e-04, get_absolute_cc_time:[0.000345   0.00027312]
objective=4.820e-04
alg46, schedule:
[[[[ 0 -1 -1 -1]
   [ 3  1 -1 -1]
   [ 3  0  2 -1]
   [ 0  1  1  3]]]]
fob: 0, get_e2e_time(): 3.450e-04, get_absolute_cc_time:[0.000345   0.00019508]
objective=4.416e-04
alg47, schedule:
[[[[ 0 -1 -1 -1]
   [ 3  1 -1 -1]
   [ 3  0  2 -1]
   [ 0  1  2  3]]]]
fob: 0, get_e2e_time(): 3.450e-04, get_absolute_cc_time:[0.000345   0.00019508]
objective=4.416e-04
alg48, schedule:
[[[[ 0 -1 -1 -1]
   [ 3  1 -1 -1]
   [ 3  0  2 -1]
   [ 0  2  1  3]]]]
fob: 0, get_e2e_time(): 3.450e-04, get_absolute_cc_time:[0.000345   0.00019508]
objective=4.416e-04
alg49, schedule:
[[[[ 0 -1 -1 -1]
   [ 3  1 -1 -1]
   [ 3  0  2 -1]
   [ 0  2  2  3]]]]
fob: 0, get_e2e_time(): 3.450e-04, get_absolute_cc_time:[0.000345   0.00019508]
objective=4.416e-04
alg50, schedule:
[[[[ 0 -1 -1 -1]
   [ 3  1 -1 -1]
   [ 3  0  2 -1]
   [ 1  0  1  3]]]]
fob: 0, get_e2e_time(): 3.450e-04, get_absolute_cc_time:[0.000345  0.0002341]
objective=4.416e-04
alg51, schedule:
[[[[ 0 -1 -1 -1]
   [ 3  1 -1 -1]
   [ 3  0  2 -1]
   [ 1  0  2  3]]]]
fob: 0, get_e2e_time(): 3.450e-04, get_absolute_cc_time:[0.000345   0.00019508]
objective=4.416e-04
alg52, schedule:
[[[[ 0 -1 -1 -1]
   [ 3  1 -1 -1]
   [ 3  0  2 -1]
   [ 1  1  0  3]]]]
fob: 0, get_e2e_time(): 3.450e-04, get_absolute_cc_time:[0.000345  0.0002341]
objective=4.811e-04
alg53, schedule:
[[[[ 0 -1 -1 -1]
   [ 3  1 -1 -1]
   [ 3  0  2 -1]
   [ 1  1  2  3]]]]
fob: 0, get_e2e_time(): 3.450e-04, get_absolute_cc_time:[0.000345   0.00019508]
objective=4.416e-04
alg54, schedule:
[[[[ 0 -1 -1 -1]
   [ 3  1 -1 -1]
   [ 3  0  2 -1]
   [ 1  2  0  3]]]]
fob: 0, get_e2e_time(): 3.450e-04, get_absolute_cc_time:[0.000345  0.0002341]
objective=4.820e-04
alg55, schedule:
[[[[ 0 -1 -1 -1]
   [ 3  1 -1 -1]
   [ 3  0  2 -1]
   [ 1  2  1  3]]]]
fob: 0, get_e2e_time(): 3.450e-04, get_absolute_cc_time:[0.000345  0.0002341]
objective=4.416e-04
alg56, schedule:
[[[[ 0 -1 -1 -1]
   [ 3  1 -1 -1]
   [ 3  0  2 -1]
   [ 1  2  2  3]]]]
fob: 0, get_e2e_time(): 3.450e-04, get_absolute_cc_time:[0.000345   0.00019508]
objective=4.416e-04
alg57, schedule:
[[[[ 0 -1 -1 -1]
   [ 3  1 -1 -1]
   [ 3  0  2 -1]
   [ 2  0  1  3]]]]
fob: 0, get_e2e_time(): 3.450e-04, get_absolute_cc_time:[0.000345   0.00019508]
objective=4.416e-04
alg58, schedule:
[[[[ 0 -1 -1 -1]
   [ 3  1 -1 -1]
   [ 3  0  2 -1]
   [ 2  0  2  3]]]]
fob: 0, get_e2e_time(): 3.450e-04, get_absolute_cc_time:[0.000345   0.00019508]
objective=4.416e-04
alg59, schedule:
[[[[ 0 -1 -1 -1]
   [ 3  1 -1 -1]
   [ 3  0  2 -1]
   [ 2  1  0  3]]]]
fob: 0, get_e2e_time(): 3.450e-04, get_absolute_cc_time:[0.000345  0.0002341]
objective=4.811e-04
alg60, schedule:
[[[[ 0 -1 -1 -1]
   [ 3  1 -1 -1]
   [ 3  0  2 -1]
   [ 2  1  1  3]]]]
fob: 0, get_e2e_time(): 3.450e-04, get_absolute_cc_time:[0.000345   0.00019508]
objective=4.416e-04
alg61, schedule:
[[[[ 0 -1 -1 -1]
   [ 3  1 -1 -1]
   [ 3  0  2 -1]
   [ 2  1  2  3]]]]
fob: 0, get_e2e_time(): 3.450e-04, get_absolute_cc_time:[0.000345   0.00019508]
objective=4.416e-04
alg62, schedule:
[[[[ 0 -1 -1 -1]
   [ 3  1 -1 -1]
   [ 3  0  2 -1]
   [ 2  2  0  3]]]]
fob: 0, get_e2e_time(): 3.450e-04, get_absolute_cc_time:[0.000345   0.00024711]
objective=4.811e-04
alg63, schedule:
[[[[ 0 -1 -1 -1]
   [ 3  1 -1 -1]
   [ 3  0  2 -1]
   [ 2  2  1  3]]]]
fob: 0, get_e2e_time(): 3.450e-04, get_absolute_cc_time:[0.000345  0.0002341]
objective=4.416e-04
alg64, schedule:
[[[[ 0 -1 -1 -1]
   [ 3  1 -1 -1]
   [ 3  1  2 -1]
   [ 0  0  1  3]]]]
fob: 0, get_e2e_time(): 3.450e-04, get_absolute_cc_time:[0.000345   0.00019508]
objective=4.416e-04
alg65, schedule:
[[[[ 0 -1 -1 -1]
   [ 3  1 -1 -1]
   [ 3  1  2 -1]
   [ 0  0  2  3]]]]
fob: 0, get_e2e_time(): 3.450e-04, get_absolute_cc_time:[0.000345   0.00019508]
objective=4.416e-04
alg66, schedule:
[[[[ 0 -1 -1 -1]
   [ 3  1 -1 -1]
   [ 3  1  2 -1]
   [ 0  1  0  3]]]]
fob: 0, get_e2e_time(): 3.450e-04, get_absolute_cc_time:[0.000345   0.00019508]
objective=4.416e-04
alg67, schedule:
[[[[ 0 -1 -1 -1]
   [ 3  1 -1 -1]
   [ 3  1  2 -1]
   [ 0  1  2  3]]]]
fob: 0, get_e2e_time(): 3.450e-04, get_absolute_cc_time:[0.000345   0.00019508]
objective=4.416e-04
alg68, schedule:
[[[[ 0 -1 -1 -1]
   [ 3  1 -1 -1]
   [ 3  1  2 -1]
   [ 0  2  0  3]]]]
fob: 0, get_e2e_time(): 3.450e-04, get_absolute_cc_time:[0.000345   0.00019508]
objective=4.416e-04
alg69, schedule:
[[[[ 0 -1 -1 -1]
   [ 3  1 -1 -1]
   [ 3  1  2 -1]
   [ 0  2  1  3]]]]
fob: 0, get_e2e_time(): 3.450e-04, get_absolute_cc_time:[0.000345   0.00019508]
objective=4.416e-04
alg70, schedule:
[[[[ 0 -1 -1 -1]
   [ 3  1 -1 -1]
   [ 3  1  2 -1]
   [ 0  2  2  3]]]]
fob: 0, get_e2e_time(): 3.450e-04, get_absolute_cc_time:[0.000345   0.00019508]
objective=4.416e-04
alg71, schedule:
[[[[ 0 -1 -1 -1]
   [ 3  1 -1 -1]
   [ 3  1  2 -1]
   [ 1  0  0  3]]]]
fob: 0, get_e2e_time(): 3.450e-04, get_absolute_cc_time:[0.000345   0.00020809]
objective=4.416e-04
alg72, schedule:
[[[[ 0 -1 -1 -1]
   [ 3  1 -1 -1]
   [ 3  1  2 -1]
   [ 1  0  2  3]]]]
fob: 0, get_e2e_time(): 3.450e-04, get_absolute_cc_time:[0.000345   0.00019508]
objective=4.416e-04
alg73, schedule:
[[[[ 0 -1 -1 -1]
   [ 3  1 -1 -1]
   [ 3  1  2 -1]
   [ 1  2  0  3]]]]
fob: 0, get_e2e_time(): 3.450e-04, get_absolute_cc_time:[0.000345   0.00019508]
objective=4.416e-04
alg74, schedule:
[[[[ 0 -1 -1 -1]
   [ 3  1 -1 -1]
   [ 3  1  2 -1]
   [ 1  2  2  3]]]]
fob: 0, get_e2e_time(): 3.450e-04, get_absolute_cc_time:[0.000345   0.00020809]
objective=4.416e-04
alg75, schedule:
[[[[ 0 -1 -1 -1]
   [ 3  1 -1 -1]
   [ 3  1  2 -1]
   [ 2  0  0  3]]]]
fob: 0, get_e2e_time(): 3.450e-04, get_absolute_cc_time:[0.000345   0.00019508]
objective=4.416e-04
alg76, schedule:
[[[[ 0 -1 -1 -1]
   [ 3  1 -1 -1]
   [ 3  1  2 -1]
   [ 2  0  1  3]]]]
fob: 0, get_e2e_time(): 3.450e-04, get_absolute_cc_time:[0.000345   0.00019508]
objective=4.416e-04
alg77, schedule:
[[[[ 0 -1 -1 -1]
   [ 3  1 -1 -1]
   [ 3  1  2 -1]
   [ 2  0  2  3]]]]
fob: 0, get_e2e_time(): 3.450e-04, get_absolute_cc_time:[0.000345   0.00019508]
objective=4.416e-04
alg78, schedule:
[[[[ 0 -1 -1 -1]
   [ 3  1 -1 -1]
   [ 3  1  2 -1]
   [ 2  1  0  3]]]]
fob: 0, get_e2e_time(): 3.450e-04, get_absolute_cc_time:[0.000345   0.00019508]
objective=4.416e-04
alg79, schedule:
[[[[ 0 -1 -1 -1]
   [ 3  1 -1 -1]
   [ 3  1  2 -1]
   [ 2  1  2  3]]]]
fob: 0, get_e2e_time(): 3.450e-04, get_absolute_cc_time:[0.000345   0.00019508]
objective=4.416e-04
alg80, schedule:
[[[[ 0 -1 -1 -1]
   [ 3  1 -1 -1]
   [ 3  1  2 -1]
   [ 2  2  0  3]]]]
fob: 0, get_e2e_time(): 3.450e-04, get_absolute_cc_time:[0.000345  0.0002341]
objective=4.416e-04
alg81, schedule:
[[[[ 0 -1 -1 -1]
   [ 3  1 -1 -1]
   [ 3  1  2 -1]
   [ 2  2  1  3]]]]
fob: 0, get_e2e_time(): 3.450e-04, get_absolute_cc_time:[0.000345  0.0002341]
objective=4.416e-04
alg82, schedule:
[[[[ 0 -1 -1 -1]
   [ 3  1 -1 -1]
   [ 3  2  2 -1]
   [ 0  0  1  3]]]]
fob: 0, get_e2e_time(): 3.450e-04, get_absolute_cc_time:[0.000345   0.00019508]
objective=4.416e-04
alg83, schedule:
[[[[ 0 -1 -1 -1]
   [ 3  1 -1 -1]
   [ 3  2  2 -1]
   [ 0  0  2  3]]]]
fob: 0, get_e2e_time(): 3.450e-04, get_absolute_cc_time:[0.000345   0.00019508]
objective=4.416e-04
alg84, schedule:
[[[[ 0 -1 -1 -1]
   [ 3  1 -1 -1]
   [ 3  2  2 -1]
   [ 0  1  0  3]]]]
fob: 0, get_e2e_time(): 3.450e-04, get_absolute_cc_time:[0.000345   0.00019508]
objective=4.416e-04
alg85, schedule:
[[[[ 0 -1 -1 -1]
   [ 3  1 -1 -1]
   [ 3  2  2 -1]
   [ 0  1  1  3]]]]
fob: 0, get_e2e_time(): 3.450e-04, get_absolute_cc_time:[0.000345   0.00019508]
objective=4.416e-04
alg86, schedule:
[[[[ 0 -1 -1 -1]
   [ 3  1 -1 -1]
   [ 3  2  2 -1]
   [ 0  1  2  3]]]]
fob: 0, get_e2e_time(): 3.450e-04, get_absolute_cc_time:[0.000345   0.00019508]
objective=4.416e-04
alg87, schedule:
[[[[ 0 -1 -1 -1]
   [ 3  1 -1 -1]
   [ 3  2  2 -1]
   [ 0  2  0  3]]]]
fob: 0, get_e2e_time(): 3.450e-04, get_absolute_cc_time:[0.000345   0.00019508]
objective=4.416e-04
alg88, schedule:
[[[[ 0 -1 -1 -1]
   [ 3  1 -1 -1]
   [ 3  2  2 -1]
   [ 0  2  1  3]]]]
fob: 0, get_e2e_time(): 3.450e-04, get_absolute_cc_time:[0.000345   0.00019508]
objective=4.416e-04
alg89, schedule:
[[[[ 0 -1 -1 -1]
   [ 3  1 -1 -1]
   [ 3  2  2 -1]
   [ 1  0  0  3]]]]
fob: 0, get_e2e_time(): 3.450e-04, get_absolute_cc_time:[0.000345   0.00019508]
objective=4.416e-04
alg90, schedule:
[[[[ 0 -1 -1 -1]
   [ 3  1 -1 -1]
   [ 3  2  2 -1]
   [ 1  0  1  3]]]]
fob: 0, get_e2e_time(): 3.450e-04, get_absolute_cc_time:[0.000345  0.0002341]
objective=4.416e-04
alg91, schedule:
[[[[ 0 -1 -1 -1]
   [ 3  1 -1 -1]
   [ 3  2  2 -1]
   [ 1  0  2  3]]]]
fob: 0, get_e2e_time(): 3.450e-04, get_absolute_cc_time:[0.000345   0.00019508]
objective=4.416e-04
alg92, schedule:
[[[[ 0 -1 -1 -1]
   [ 3  1 -1 -1]
   [ 3  2  2 -1]
   [ 1  1  0  3]]]]
fob: 0, get_e2e_time(): 3.450e-04, get_absolute_cc_time:[0.000345   0.00019508]
objective=4.416e-04
alg93, schedule:
[[[[ 0 -1 -1 -1]
   [ 3  1 -1 -1]
   [ 3  2  2 -1]
   [ 1  1  2  3]]]]
fob: 0, get_e2e_time(): 3.450e-04, get_absolute_cc_time:[0.000345   0.00019508]
objective=4.416e-04
alg94, schedule:
[[[[ 0 -1 -1 -1]
   [ 3  1 -1 -1]
   [ 3  2  2 -1]
   [ 1  2  0  3]]]]
fob: 0, get_e2e_time(): 3.450e-04, get_absolute_cc_time:[0.000345   0.00019508]
objective=4.416e-04
alg95, schedule:
[[[[ 0 -1 -1 -1]
   [ 3  1 -1 -1]
   [ 3  2  2 -1]
   [ 1  2  1  3]]]]
fob: 0, get_e2e_time(): 3.450e-04, get_absolute_cc_time:[0.000345  0.0002341]
objective=4.416e-04
alg96, schedule:
[[[[ 0 -1 -1 -1]
   [ 3  1 -1 -1]
   [ 3  2  2 -1]
   [ 2  0  0  3]]]]
fob: 0, get_e2e_time(): 3.450e-04, get_absolute_cc_time:[0.000345  0.0002341]
objective=4.416e-04
alg97, schedule:
[[[[ 0 -1 -1 -1]
   [ 3  1 -1 -1]
   [ 3  2  2 -1]
   [ 2  0  1  3]]]]
fob: 0, get_e2e_time(): 3.450e-04, get_absolute_cc_time:[0.000345  0.0002341]
objective=4.416e-04
alg98, schedule:
[[[[ 0 -1 -1 -1]
   [ 3  1 -1 -1]
   [ 3  2  2 -1]
   [ 2  1  0  3]]]]
fob: 0, get_e2e_time(): 3.450e-04, get_absolute_cc_time:[0.000345  0.0002341]
objective=4.416e-04
alg99, schedule:
[[[[ 0 -1 -1 -1]
   [ 3  1 -1 -1]
   [ 3  2  2 -1]
   [ 2  1  1  3]]]]
fob: 0, get_e2e_time(): 3.450e-04, get_absolute_cc_time:[0.000345  0.0002341]
objective=4.416e-04
+ set +x
