2024-06-19 01:24:49.130165
PARTITION AVAIL  TIMELIMIT  NODES  STATE NODELIST
align        up   infinite      6   idle g[1001,1003-1006,2001]
mm           up   infinite      4    mix g[2003-2006]
long         up   infinite      6    mix g[3001-3002,3004-3005,3008-3009]
long         up   infinite      4  alloc g[3003,3006-3007,3014]
rag          up   infinite      4    mix g[3013,3018,3021-3022]
rag          up   infinite      3  alloc g[3011-3012,3017]
rag          up   infinite      1   idle g3015
arch         up   infinite      4    mix g[1002,3027-3028,3030]
arch         up   infinite      6  alloc g[3010,3016,3024-3026,3029]
arch         up   infinite      2   idle g[2002,3023]
hit          up   infinite      4    mix g[4002,4004-4006]
hit          up   infinite      4  alloc g[4001,4003,4007-4008]
2024-06-19 01:34:49.139079
PARTITION AVAIL  TIMELIMIT  NODES  STATE NODELIST
align        up   infinite      6   idle g[1001,1003-1006,2001]
mm           up   infinite      4    mix g[2003-2006]
long         up   infinite      6    mix g[3001-3002,3004-3005,3008-3009]
long         up   infinite      4  alloc g[3003,3006-3007,3014]
rag          up   infinite      4    mix g[3013,3018,3021-3022]
rag          up   infinite      3  alloc g[3011-3012,3017]
rag          up   infinite      1   idle g3015
arch         up   infinite      4    mix g[1002,3027-3028,3030]
arch         up   infinite      6  alloc g[3010,3016,3024-3026,3029]
arch         up   infinite      2   idle g[2002,3023]
hit          up   infinite      4    mix g[4002,4004-4006]
hit          up   infinite      4  alloc g[4001,4003,4007-4008]
2024-06-19 01:44:49.146747
PARTITION AVAIL  TIMELIMIT  NODES  STATE NODELIST
align        up   infinite      6   idle g[1001,1003-1006,2001]
mm           up   infinite      4    mix g[2003-2006]
long         up   infinite      6    mix g[3001-3002,3004-3005,3008-3009]
long         up   infinite      4  alloc g[3003,3006-3007,3014]
rag          up   infinite      4    mix g[3013,3018,3021-3022]
rag          up   infinite      3  alloc g[3011-3012,3017]
rag          up   infinite      1   idle g3015
arch         up   infinite      4    mix g[1002,3027-3028,3030]
arch         up   infinite      6  alloc g[3010,3016,3024-3026,3029]
arch         up   infinite      2   idle g[2002,3023]
hit          up   infinite      4    mix g[4002,4004-4006]
hit          up   infinite      4  alloc g[4001,4003,4007-4008]
2024-06-19 01:54:49.154636
PARTITION AVAIL  TIMELIMIT  NODES  STATE NODELIST
align        up   infinite      6   idle g[1001,1003-1006,2001]
mm           up   infinite      4    mix g[2003-2006]
long         up   infinite      6    mix g[3001-3002,3004-3005,3008-3009]
long         up   infinite      4  alloc g[3003,3006-3007,3014]
rag          up   infinite      4    mix g[3013,3018,3021-3022]
rag          up   infinite      3  alloc g[3011-3012,3017]
rag          up   infinite      1   idle g3015
arch         up   infinite      4    mix g[1002,3027-3028,3030]
arch         up   infinite      6  alloc g[3010,3016,3024-3026,3029]
arch         up   infinite      2   idle g[2002,3023]
hit          up   infinite      4    mix g[4002,4004-4006]
hit          up   infinite      4  alloc g[4001,4003,4007-4008]
2024-06-19 02:04:49.162193
PARTITION AVAIL  TIMELIMIT  NODES  STATE NODELIST
align        up   infinite      6   idle g[1001,1003-1006,2001]
mm           up   infinite      4    mix g[2003-2006]
long         up   infinite      6    mix g[3001-3002,3004-3005,3008-3009]
long         up   infinite      4  alloc g[3003,3006-3007,3014]
rag          up   infinite      4    mix g[3013,3018,3021-3022]
rag          up   infinite      3  alloc g[3011-3012,3017]
rag          up   infinite      1   idle g3015
arch         up   infinite      4    mix g[1002,3027-3028,3030]
arch         up   infinite      6  alloc g[3010,3016,3024-3026,3029]
arch         up   infinite      2   idle g[2002,3023]
hit          up   infinite      4    mix g[4002,4004-4006]
hit          up   infinite      4  alloc g[4001,4003,4007-4008]
2024-06-19 02:14:49.171797
PARTITION AVAIL  TIMELIMIT  NODES  STATE NODELIST
align        up   infinite      6   idle g[1001,1003-1006,2001]
mm           up   infinite      4    mix g[2003-2006]
long         up   infinite      6    mix g[3001-3002,3004-3005,3008-3009]
long         up   infinite      4  alloc g[3003,3006-3007,3014]
rag          up   infinite      4    mix g[3013,3018,3021-3022]
rag          up   infinite      3  alloc g[3011-3012,3017]
rag          up   infinite      1   idle g3015
arch         up   infinite      4    mix g[1002,3027-3028,3030]
arch         up   infinite      6  alloc g[3010,3016,3024-3026,3029]
arch         up   infinite      2   idle g[2002,3023]
hit          up   infinite      4    mix g[4002,4004-4006]
hit          up   infinite      4  alloc g[4001,4003,4007-4008]
2024-06-19 02:24:49.185155
PARTITION AVAIL  TIMELIMIT  NODES  STATE NODELIST
align        up   infinite      6   idle g[1001,1003-1006,2001]
mm           up   infinite      4    mix g[2003-2006]
long         up   infinite      6    mix g[3001-3002,3004-3005,3008-3009]
long         up   infinite      4  alloc g[3003,3006-3007,3014]
rag          up   infinite      4    mix g[3013,3018,3021-3022]
rag          up   infinite      3  alloc g[3011-3012,3017]
rag          up   infinite      1   idle g3015
arch         up   infinite      4    mix g[1002,3027-3028,3030]
arch         up   infinite      6  alloc g[3010,3016,3024-3026,3029]
arch         up   infinite      2   idle g[2002,3023]
hit          up   infinite      4    mix g[4002,4004-4006]
hit          up   infinite      4  alloc g[4001,4003,4007-4008]
2024-06-19 02:34:49.197244
PARTITION AVAIL  TIMELIMIT  NODES  STATE NODELIST
align        up   infinite      6   idle g[1001,1003-1006,2001]
mm           up   infinite      4    mix g[2003-2006]
long         up   infinite      6    mix g[3001-3002,3004-3005,3008-3009]
long         up   infinite      4  alloc g[3003,3006-3007,3014]
rag          up   infinite      4    mix g[3013,3018,3021-3022]
rag          up   infinite      3  alloc g[3011-3012,3017]
rag          up   infinite      1   idle g3015
arch         up   infinite      4    mix g[1002,3027-3028,3030]
arch         up   infinite      6  alloc g[3010,3016,3024-3026,3029]
arch         up   infinite      2   idle g[2002,3023]
hit          up   infinite      4    mix g[4002,4004-4006]
hit          up   infinite      4  alloc g[4001,4003,4007-4008]
2024-06-19 02:44:49.241589
PARTITION AVAIL  TIMELIMIT  NODES  STATE NODELIST
align        up   infinite      6   idle g[1001,1003-1006,2001]
mm           up   infinite      4    mix g[2003-2006]
long         up   infinite      6    mix g[3001-3002,3004-3005,3008-3009]
long         up   infinite      4  alloc g[3003,3006-3007,3014]
rag          up   infinite      4    mix g[3013,3018,3021-3022]
rag          up   infinite      3  alloc g[3011-3012,3017]
rag          up   infinite      1   idle g3015
arch         up   infinite      4    mix g[1002,3027-3028,3030]
arch         up   infinite      6  alloc g[3010,3016,3024-3026,3029]
arch         up   infinite      2   idle g[2002,3023]
hit          up   infinite      4    mix g[4002,4004-4006]
hit          up   infinite      4  alloc g[4001,4003,4007-4008]
2024-06-19 02:54:49.250747
PARTITION AVAIL  TIMELIMIT  NODES  STATE NODELIST
align        up   infinite      6   idle g[1001,1003-1006,2001]
mm           up   infinite      4    mix g[2003-2006]
long         up   infinite      6    mix g[3001-3002,3004-3005,3008-3009]
long         up   infinite      4  alloc g[3003,3006-3007,3014]
rag          up   infinite      4    mix g[3013,3018,3021-3022]
rag          up   infinite      3  alloc g[3011-3012,3017]
rag          up   infinite      1   idle g3015
arch         up   infinite      4    mix g[1002,3027-3028,3030]
arch         up   infinite      6  alloc g[3010,3016,3024-3026,3029]
arch         up   infinite      2   idle g[2002,3023]
hit          up   infinite      4    mix g[4002,4004-4006]
hit          up   infinite      4  alloc g[4001,4003,4007-4008]
2024-06-19 03:04:49.260404
PARTITION AVAIL  TIMELIMIT  NODES  STATE NODELIST
align        up   infinite      6   idle g[1001,1003-1006,2001]
mm           up   infinite      4    mix g[2003-2006]
long         up   infinite      6    mix g[3001-3002,3004-3005,3008-3009]
long         up   infinite      4  alloc g[3003,3006-3007,3014]
rag          up   infinite      4    mix g[3013,3018,3021-3022]
rag          up   infinite      3  alloc g[3011-3012,3017]
rag          up   infinite      1   idle g3015
arch         up   infinite      4    mix g[1002,3027-3028,3030]
arch         up   infinite      6  alloc g[3010,3016,3024-3026,3029]
arch         up   infinite      2   idle g[2002,3023]
hit          up   infinite      4    mix g[4002,4004-4006]
hit          up   infinite      4  alloc g[4001,4003,4007-4008]
2024-06-19 03:14:49.270485
PARTITION AVAIL  TIMELIMIT  NODES  STATE NODELIST
align        up   infinite      6   idle g[1001,1003-1006,2001]
mm           up   infinite      4    mix g[2003-2006]
long         up   infinite      6    mix g[3001-3002,3004-3005,3008-3009]
long         up   infinite      4  alloc g[3003,3006-3007,3014]
rag          up   infinite      4    mix g[3013,3018,3021-3022]
rag          up   infinite      3  alloc g[3011-3012,3017]
rag          up   infinite      1   idle g3015
arch         up   infinite      4    mix g[1002,3027-3028,3030]
arch         up   infinite      6  alloc g[3010,3016,3024-3026,3029]
arch         up   infinite      2   idle g[2002,3023]
hit          up   infinite      4    mix g[4002,4004-4006]
hit          up   infinite      4  alloc g[4001,4003,4007-4008]
2024-06-19 03:24:49.320969
PARTITION AVAIL  TIMELIMIT  NODES  STATE NODELIST
align        up   infinite      6   idle g[1001,1003-1006,2001]
mm           up   infinite      4    mix g[2003-2006]
long         up   infinite      6    mix g[3001-3002,3004-3005,3008-3009]
long         up   infinite      4  alloc g[3003,3006-3007,3014]
rag          up   infinite      4    mix g[3013,3018,3021-3022]
rag          up   infinite      3  alloc g[3011-3012,3017]
rag          up   infinite      1   idle g3015
arch         up   infinite      4    mix g[1002,3027-3028,3030]
arch         up   infinite      6  alloc g[3010,3016,3024-3026,3029]
arch         up   infinite      2   idle g[2002,3023]
hit          up   infinite      4    mix g[4002,4004-4006]
hit          up   infinite      4  alloc g[4001,4003,4007-4008]
2024-06-19 03:34:49.432322
PARTITION AVAIL  TIMELIMIT  NODES  STATE NODELIST
align        up   infinite      6   idle g[1001,1003-1006,2001]
mm           up   infinite      4    mix g[2003-2006]
long         up   infinite      6    mix g[3001-3002,3004-3005,3008-3009]
long         up   infinite      4  alloc g[3003,3006-3007,3014]
rag          up   infinite      4    mix g[3013,3018,3021-3022]
rag          up   infinite      3  alloc g[3011-3012,3017]
rag          up   infinite      1   idle g3015
arch         up   infinite      4    mix g[1002,3027-3028,3030]
arch         up   infinite      6  alloc g[3010,3016,3024-3026,3029]
arch         up   infinite      2   idle g[2002,3023]
hit          up   infinite      4    mix g[4002,4004-4006]
hit          up   infinite      4  alloc g[4001,4003,4007-4008]
2024-06-19 03:44:49.476611
PARTITION AVAIL  TIMELIMIT  NODES  STATE NODELIST
align        up   infinite      6   idle g[1001,1003-1006,2001]
mm           up   infinite      4    mix g[2003-2006]
long         up   infinite      6    mix g[3001-3002,3004-3005,3008-3009]
long         up   infinite      4  alloc g[3003,3006-3007,3014]
rag          up   infinite      4    mix g[3013,3018,3021-3022]
rag          up   infinite      3  alloc g[3011-3012,3017]
rag          up   infinite      1   idle g3015
arch         up   infinite      4    mix g[1002,3027-3028,3030]
arch         up   infinite      6  alloc g[3010,3016,3024-3026,3029]
arch         up   infinite      2   idle g[2002,3023]
hit          up   infinite      4    mix g[4002,4004-4006]
hit          up   infinite      4  alloc g[4001,4003,4007-4008]
2024-06-19 03:54:49.693359
PARTITION AVAIL  TIMELIMIT  NODES  STATE NODELIST
align        up   infinite      6   idle g[1001,1003-1006,2001]
mm           up   infinite      4    mix g[2003-2006]
long         up   infinite      6    mix g[3001-3002,3004-3005,3008-3009]
long         up   infinite      4  alloc g[3003,3006-3007,3014]
rag          up   infinite      4    mix g[3013,3018,3021-3022]
rag          up   infinite      3  alloc g[3011-3012,3017]
rag          up   infinite      1   idle g3015
arch         up   infinite      4    mix g[1002,3027-3028,3030]
arch         up   infinite      6  alloc g[3010,3016,3024-3026,3029]
arch         up   infinite      2   idle g[2002,3023]
hit          up   infinite      4    mix g[4002,4004-4006]
hit          up   infinite      4  alloc g[4001,4003,4007-4008]
2024-06-19 04:04:49.765803
PARTITION AVAIL  TIMELIMIT  NODES  STATE NODELIST
align        up   infinite      6   idle g[1001,1003-1006,2001]
mm           up   infinite      4    mix g[2003-2006]
long         up   infinite      6    mix g[3001-3002,3004-3005,3008-3009]
long         up   infinite      4  alloc g[3003,3006-3007,3014]
rag          up   infinite      4    mix g[3013,3018,3021-3022]
rag          up   infinite      3  alloc g[3011-3012,3017]
rag          up   infinite      1   idle g3015
arch         up   infinite      4    mix g[1002,3027-3028,3030]
arch         up   infinite      6  alloc g[3010,3016,3024-3026,3029]
arch         up   infinite      2   idle g[2002,3023]
hit          up   infinite      4    mix g[4002,4004-4006]
hit          up   infinite      4  alloc g[4001,4003,4007-4008]
2024-06-19 04:14:49.775475
PARTITION AVAIL  TIMELIMIT  NODES  STATE NODELIST
align        up   infinite      6   idle g[1001,1003-1006,2001]
mm           up   infinite      4    mix g[2003-2006]
long         up   infinite      6    mix g[3001-3002,3004-3005,3008-3009]
long         up   infinite      4  alloc g[3003,3006-3007,3014]
rag          up   infinite      4    mix g[3013,3018,3021-3022]
rag          up   infinite      3  alloc g[3011-3012,3017]
rag          up   infinite      1   idle g3015
arch         up   infinite      4    mix g[1002,3027-3028,3030]
arch         up   infinite      6  alloc g[3010,3016,3024-3026,3029]
arch         up   infinite      2   idle g[2002,3023]
hit          up   infinite      4    mix g[4002,4004-4006]
hit          up   infinite      4  alloc g[4001,4003,4007-4008]
2024-06-19 04:24:49.785409
PARTITION AVAIL  TIMELIMIT  NODES  STATE NODELIST
align        up   infinite      6   idle g[1001,1003-1006,2001]
mm           up   infinite      4    mix g[2003-2006]
long         up   infinite      6    mix g[3001-3002,3004-3005,3008-3009]
long         up   infinite      4  alloc g[3003,3006-3007,3014]
rag          up   infinite      4    mix g[3013,3018,3021-3022]
rag          up   infinite      3  alloc g[3011-3012,3017]
rag          up   infinite      1   idle g3015
arch         up   infinite      4    mix g[1002,3027-3028,3030]
arch         up   infinite      6  alloc g[3010,3016,3024-3026,3029]
arch         up   infinite      2   idle g[2002,3023]
hit          up   infinite      4    mix g[4002,4004-4006]
hit          up   infinite      4  alloc g[4001,4003,4007-4008]
2024-06-19 04:34:49.795125
PARTITION AVAIL  TIMELIMIT  NODES  STATE NODELIST
align        up   infinite      6   idle g[1001,1003-1006,2001]
mm           up   infinite      4    mix g[2003-2006]
long         up   infinite      6    mix g[3001-3002,3004-3005,3008-3009]
long         up   infinite      4  alloc g[3003,3006-3007,3014]
rag          up   infinite      4    mix g[3013,3018,3021-3022]
rag          up   infinite      3  alloc g[3011-3012,3017]
rag          up   infinite      1   idle g3015
arch         up   infinite      4    mix g[1002,3027-3028,3030]
arch         up   infinite      6  alloc g[3010,3016,3024-3026,3029]
arch         up   infinite      2   idle g[2002,3023]
hit          up   infinite      4    mix g[4002,4004-4006]
hit          up   infinite      4  alloc g[4001,4003,4007-4008]
2024-06-19 04:44:49.809835
PARTITION AVAIL  TIMELIMIT  NODES  STATE NODELIST
align        up   infinite      6   idle g[1001,1003-1006,2001]
mm           up   infinite      4    mix g[2003-2006]
long         up   infinite      6    mix g[3001-3002,3004-3005,3008-3009]
long         up   infinite      4  alloc g[3003,3006-3007,3014]
rag          up   infinite      4    mix g[3013,3018,3021-3022]
rag          up   infinite      3  alloc g[3011-3012,3017]
rag          up   infinite      1   idle g3015
arch         up   infinite      4    mix g[1002,3027-3028,3030]
arch         up   infinite      6  alloc g[3010,3016,3024-3026,3029]
arch         up   infinite      2   idle g[2002,3023]
hit          up   infinite      4    mix g[4002,4004-4006]
hit          up   infinite      4  alloc g[4001,4003,4007-4008]
2024-06-19 04:54:49.892792
PARTITION AVAIL  TIMELIMIT  NODES  STATE NODELIST
align        up   infinite      6   idle g[1001,1003-1006,2001]
mm           up   infinite      4    mix g[2003-2006]
long         up   infinite      6    mix g[3001-3002,3004-3005,3008-3009]
long         up   infinite      4  alloc g[3003,3006-3007,3014]
rag          up   infinite      4    mix g[3013,3018,3021-3022]
rag          up   infinite      3  alloc g[3011-3012,3017]
rag          up   infinite      1   idle g3015
arch         up   infinite      4    mix g[1002,3027-3028,3030]
arch         up   infinite      6  alloc g[3010,3016,3024-3026,3029]
arch         up   infinite      2   idle g[2002,3023]
hit          up   infinite      4    mix g[4002,4004-4006]
hit          up   infinite      4  alloc g[4001,4003,4007-4008]
2024-06-19 05:04:50.049721
PARTITION AVAIL  TIMELIMIT  NODES  STATE NODELIST
align        up   infinite      6   idle g[1001,1003-1006,2001]
mm           up   infinite      4    mix g[2003-2006]
long         up   infinite      6    mix g[3001-3002,3004-3005,3008-3009]
long         up   infinite      4  alloc g[3003,3006-3007,3014]
rag          up   infinite      4    mix g[3013,3018,3021-3022]
rag          up   infinite      3  alloc g[3011-3012,3017]
rag          up   infinite      1   idle g3015
arch         up   infinite      4    mix g[1002,3027-3028,3030]
arch         up   infinite      6  alloc g[3010,3016,3024-3026,3029]
arch         up   infinite      2   idle g[2002,3023]
hit          up   infinite      4    mix g[4002,4004-4006]
hit          up   infinite      4  alloc g[4001,4003,4007-4008]
2024-06-19 05:14:50.062428
PARTITION AVAIL  TIMELIMIT  NODES  STATE NODELIST
align        up   infinite      6   idle g[1001,1003-1006,2001]
mm           up   infinite      4    mix g[2003-2006]
long         up   infinite      6    mix g[3001-3002,3004-3005,3008-3009]
long         up   infinite      4  alloc g[3003,3006-3007,3014]
rag          up   infinite      4    mix g[3013,3018,3021-3022]
rag          up   infinite      3  alloc g[3011-3012,3017]
rag          up   infinite      1   idle g3015
arch         up   infinite      4    mix g[1002,3027-3028,3030]
arch         up   infinite      6  alloc g[3010,3016,3024-3026,3029]
arch         up   infinite      2   idle g[2002,3023]
hit          up   infinite      4    mix g[4002,4004-4006]
hit          up   infinite      4  alloc g[4001,4003,4007-4008]
2024-06-19 05:24:50.103753
PARTITION AVAIL  TIMELIMIT  NODES  STATE NODELIST
align        up   infinite      6   idle g[1001,1003-1006,2001]
mm           up   infinite      4    mix g[2003-2006]
long         up   infinite      6    mix g[3001-3002,3004-3005,3008-3009]
long         up   infinite      4  alloc g[3003,3006-3007,3014]
rag          up   infinite      4    mix g[3013,3018,3021-3022]
rag          up   infinite      3  alloc g[3011-3012,3017]
rag          up   infinite      1   idle g3015
arch         up   infinite      4    mix g[1002,3027-3028,3030]
arch         up   infinite      6  alloc g[3010,3016,3024-3026,3029]
arch         up   infinite      2   idle g[2002,3023]
hit          up   infinite      4    mix g[4002,4004-4006]
hit          up   infinite      4  alloc g[4001,4003,4007-4008]
2024-06-19 05:34:50.143160
PARTITION AVAIL  TIMELIMIT  NODES  STATE NODELIST
align        up   infinite      6   idle g[1001,1003-1006,2001]
mm           up   infinite      4    mix g[2003-2006]
long         up   infinite      6    mix g[3001-3002,3004-3005,3008-3009]
long         up   infinite      4  alloc g[3003,3006-3007,3014]
rag          up   infinite      4    mix g[3013,3018,3021-3022]
rag          up   infinite      3  alloc g[3011-3012,3017]
rag          up   infinite      1   idle g3015
arch         up   infinite      4    mix g[1002,3027-3028,3030]
arch         up   infinite      6  alloc g[3010,3016,3024-3026,3029]
arch         up   infinite      2   idle g[2002,3023]
hit          up   infinite      4    mix g[4002,4004-4006]
hit          up   infinite      4  alloc g[4001,4003,4007-4008]
2024-06-19 05:44:50.351731
PARTITION AVAIL  TIMELIMIT  NODES  STATE NODELIST
align        up   infinite      6   idle g[1001,1003-1006,2001]
mm           up   infinite      4    mix g[2003-2006]
long         up   infinite      6    mix g[3001-3002,3004-3005,3008-3009]
long         up   infinite      4  alloc g[3003,3006-3007,3014]
rag          up   infinite      4    mix g[3013,3018,3021-3022]
rag          up   infinite      3  alloc g[3011-3012,3017]
rag          up   infinite      1   idle g3015
arch         up   infinite      4    mix g[1002,3027-3028,3030]
arch         up   infinite      6  alloc g[3010,3016,3024-3026,3029]
arch         up   infinite      2   idle g[2002,3023]
hit          up   infinite      4    mix g[4002,4004-4006]
hit          up   infinite      4  alloc g[4001,4003,4007-4008]
2024-06-19 05:54:50.545682
PARTITION AVAIL  TIMELIMIT  NODES  STATE NODELIST
align        up   infinite      6   idle g[1001,1003-1006,2001]
mm           up   infinite      4    mix g[2003-2006]
long         up   infinite      6    mix g[3001-3002,3004-3005,3008-3009]
long         up   infinite      4  alloc g[3003,3006-3007,3014]
rag          up   infinite      4    mix g[3013,3018,3021-3022]
rag          up   infinite      3  alloc g[3011-3012,3017]
rag          up   infinite      1   idle g3015
arch         up   infinite      4    mix g[1002,3027-3028,3030]
arch         up   infinite      6  alloc g[3010,3016,3024-3026,3029]
arch         up   infinite      2   idle g[2002,3023]
hit          up   infinite      4    mix g[4002,4004-4006]
hit          up   infinite      4  alloc g[4001,4003,4007-4008]
2024-06-19 06:04:50.753501
PARTITION AVAIL  TIMELIMIT  NODES  STATE NODELIST
align        up   infinite      6   idle g[1001,1003-1006,2001]
mm           up   infinite      4    mix g[2003-2006]
long         up   infinite      6    mix g[3001-3002,3004-3005,3008-3009]
long         up   infinite      4  alloc g[3003,3006-3007,3014]
rag          up   infinite      4    mix g[3013,3018,3021-3022]
rag          up   infinite      3  alloc g[3011-3012,3017]
rag          up   infinite      1   idle g3015
arch         up   infinite      4    mix g[1002,3027-3028,3030]
arch         up   infinite      6  alloc g[3010,3016,3024-3026,3029]
arch         up   infinite      2   idle g[2002,3023]
hit          up   infinite      4    mix g[4002,4004-4006]
hit          up   infinite      4  alloc g[4001,4003,4007-4008]
2024-06-19 06:14:50.765821
PARTITION AVAIL  TIMELIMIT  NODES  STATE NODELIST
align        up   infinite      6   idle g[1001,1003-1006,2001]
mm           up   infinite      4    mix g[2003-2006]
long         up   infinite      6    mix g[3001-3002,3004-3005,3008-3009]
long         up   infinite      4  alloc g[3003,3006-3007,3014]
rag          up   infinite      4    mix g[3013,3018,3021-3022]
rag          up   infinite      3  alloc g[3011-3012,3017]
rag          up   infinite      1   idle g3015
arch         up   infinite      4    mix g[1002,3027-3028,3030]
arch         up   infinite      6  alloc g[3010,3016,3024-3026,3029]
arch         up   infinite      2   idle g[2002,3023]
hit          up   infinite      4    mix g[4002,4004-4006]
hit          up   infinite      4  alloc g[4001,4003,4007-4008]
2024-06-19 06:24:50.805856
PARTITION AVAIL  TIMELIMIT  NODES  STATE NODELIST
align        up   infinite      6   idle g[1001,1003-1006,2001]
mm           up   infinite      4    mix g[2003-2006]
long         up   infinite      6    mix g[3001-3002,3004-3005,3008-3009]
long         up   infinite      4  alloc g[3003,3006-3007,3014]
rag          up   infinite      4    mix g[3013,3018,3021-3022]
rag          up   infinite      3  alloc g[3011-3012,3017]
rag          up   infinite      1   idle g3015
arch         up   infinite      4    mix g[1002,3027-3028,3030]
arch         up   infinite      6  alloc g[3010,3016,3024-3026,3029]
arch         up   infinite      2   idle g[2002,3023]
hit          up   infinite      5    mix g[4002,4004-4006,4008]
hit          up   infinite      3  alloc g[4001,4003,4007]
2024-06-19 06:34:50.874219
PARTITION AVAIL  TIMELIMIT  NODES  STATE NODELIST
align        up   infinite      6   idle g[1001,1003-1006,2001]
mm           up   infinite      4    mix g[2003-2006]
long         up   infinite      6    mix g[3001-3002,3004-3005,3008-3009]
long         up   infinite      4  alloc g[3003,3006-3007,3014]
rag          up   infinite      4    mix g[3013,3018,3021-3022]
rag          up   infinite      3  alloc g[3011-3012,3017]
rag          up   infinite      1   idle g3015
arch         up   infinite      4    mix g[1002,3027-3028,3030]
arch         up   infinite      6  alloc g[3010,3016,3024-3026,3029]
arch         up   infinite      2   idle g[2002,3023]
hit          up   infinite      5    mix g[4002,4004-4006,4008]
hit          up   infinite      3  alloc g[4001,4003,4007]
2024-06-19 06:44:51.113938
PARTITION AVAIL  TIMELIMIT  NODES  STATE NODELIST
align        up   infinite      6   idle g[1001,1003-1006,2001]
mm           up   infinite      4    mix g[2003-2006]
long         up   infinite      6    mix g[3001-3002,3004-3005,3008-3009]
long         up   infinite      4  alloc g[3003,3006-3007,3014]
rag          up   infinite      4    mix g[3013,3018,3021-3022]
rag          up   infinite      3  alloc g[3011-3012,3017]
rag          up   infinite      1   idle g3015
arch         up   infinite      4    mix g[1002,3027-3028,3030]
arch         up   infinite      6  alloc g[3010,3016,3024-3026,3029]
arch         up   infinite      2   idle g[2002,3023]
hit          up   infinite      5    mix g[4002,4004-4006,4008]
hit          up   infinite      3  alloc g[4001,4003,4007]
2024-06-19 06:54:51.158244
PARTITION AVAIL  TIMELIMIT  NODES  STATE NODELIST
align        up   infinite      6   idle g[1001,1003-1006,2001]
mm           up   infinite      4    mix g[2003-2006]
long         up   infinite      6    mix g[3001-3002,3004-3005,3008-3009]
long         up   infinite      4  alloc g[3003,3006-3007,3014]
rag          up   infinite      3    mix g[3013,3021-3022]
rag          up   infinite      3  alloc g[3011-3012,3017]
rag          up   infinite      2   idle g[3015,3018]
arch         up   infinite      4    mix g[1002,3027-3028,3030]
arch         up   infinite      6  alloc g[3010,3016,3024-3026,3029]
arch         up   infinite      2   idle g[2002,3023]
hit          up   infinite      5    mix g[4002,4004-4006,4008]
hit          up   infinite      3  alloc g[4001,4003,4007]
2024-06-19 07:04:51.173387
PARTITION AVAIL  TIMELIMIT  NODES  STATE NODELIST
align        up   infinite      6   idle g[1001,1003-1006,2001]
mm           up   infinite      4    mix g[2003-2006]
long         up   infinite      6    mix g[3001-3002,3004-3005,3008-3009]
long         up   infinite      4  alloc g[3003,3006-3007,3014]
rag          up   infinite      3    mix g[3013,3021-3022]
rag          up   infinite      3  alloc g[3011-3012,3017]
rag          up   infinite      2   idle g[3015,3018]
arch         up   infinite      4    mix g[1002,3027-3028,3030]
arch         up   infinite      6  alloc g[3010,3016,3024-3026,3029]
arch         up   infinite      2   idle g[2002,3023]
hit          up   infinite      5    mix g[4002,4004-4006,4008]
hit          up   infinite      3  alloc g[4001,4003,4007]
2024-06-19 07:14:51.218021
PARTITION AVAIL  TIMELIMIT  NODES  STATE NODELIST
align        up   infinite      6   idle g[1001,1003-1006,2001]
mm           up   infinite      4    mix g[2003-2006]
long         up   infinite      6    mix g[3001-3002,3004-3005,3008-3009]
long         up   infinite      4  alloc g[3003,3006-3007,3014]
rag          up   infinite      3    mix g[3013,3021-3022]
rag          up   infinite      3  alloc g[3011-3012,3017]
rag          up   infinite      2   idle g[3015,3018]
arch         up   infinite      4    mix g[1002,3027-3028,3030]
arch         up   infinite      6  alloc g[3010,3016,3024-3026,3029]
arch         up   infinite      2   idle g[2002,3023]
hit          up   infinite      5    mix g[4002,4004-4006,4008]
hit          up   infinite      3  alloc g[4001,4003,4007]
2024-06-19 07:24:51.230223
PARTITION AVAIL  TIMELIMIT  NODES  STATE NODELIST
align        up   infinite      6   idle g[1001,1003-1006,2001]
mm           up   infinite      4    mix g[2003-2006]
long         up   infinite      6    mix g[3001-3002,3004-3005,3008-3009]
long         up   infinite      4  alloc g[3003,3006-3007,3014]
rag          up   infinite      3    mix g[3013,3021-3022]
rag          up   infinite      3  alloc g[3011-3012,3017]
rag          up   infinite      2   idle g[3015,3018]
arch         up   infinite      4    mix g[1002,3027-3028,3030]
arch         up   infinite      6  alloc g[3010,3016,3024-3026,3029]
arch         up   infinite      2   idle g[2002,3023]
hit          up   infinite      5    mix g[4002,4004-4006,4008]
hit          up   infinite      3  alloc g[4001,4003,4007]
2024-06-19 07:34:51.251339
PARTITION AVAIL  TIMELIMIT  NODES  STATE NODELIST
align        up   infinite      6   idle g[1001,1003-1006,2001]
mm           up   infinite      4    mix g[2003-2006]
long         up   infinite      6    mix g[3001-3002,3004-3005,3008-3009]
long         up   infinite      4  alloc g[3003,3006-3007,3014]
rag          up   infinite      3    mix g[3013,3021-3022]
rag          up   infinite      3  alloc g[3011-3012,3017]
rag          up   infinite      2   idle g[3015,3018]
arch         up   infinite      4    mix g[1002,3027-3028,3030]
arch         up   infinite      6  alloc g[3010,3016,3024-3026,3029]
arch         up   infinite      2   idle g[2002,3023]
hit          up   infinite      5    mix g[4002,4004-4006,4008]
hit          up   infinite      3  alloc g[4001,4003,4007]
2024-06-19 07:44:51.331262
PARTITION AVAIL  TIMELIMIT  NODES  STATE NODELIST
align        up   infinite      6   idle g[1001,1003-1006,2001]
mm           up   infinite      4    mix g[2003-2006]
long         up   infinite      6    mix g[3001-3002,3004-3005,3008-3009]
long         up   infinite      4  alloc g[3003,3006-3007,3014]
rag          up   infinite      3    mix g[3013,3021-3022]
rag          up   infinite      3  alloc g[3011-3012,3017]
rag          up   infinite      2   idle g[3015,3018]
arch         up   infinite      4    mix g[1002,3027-3028,3030]
arch         up   infinite      6  alloc g[3010,3016,3024-3026,3029]
arch         up   infinite      2   idle g[2002,3023]
hit          up   infinite      5    mix g[4002,4004-4006,4008]
hit          up   infinite      3  alloc g[4001,4003,4007]
2024-06-19 07:54:51.374887
PARTITION AVAIL  TIMELIMIT  NODES  STATE NODELIST
align        up   infinite      6   idle g[1001,1003-1006,2001]
mm           up   infinite      4    mix g[2003-2006]
long         up   infinite      6    mix g[3001-3002,3004-3005,3008-3009]
long         up   infinite      4  alloc g[3003,3006-3007,3014]
rag          up   infinite      3    mix g[3013,3021-3022]
rag          up   infinite      3  alloc g[3011-3012,3017]
rag          up   infinite      2   idle g[3015,3018]
arch         up   infinite      4    mix g[1002,3027-3028,3030]
arch         up   infinite      6  alloc g[3010,3016,3024-3026,3029]
arch         up   infinite      2   idle g[2002,3023]
hit          up   infinite      5    mix g[4002,4004-4006,4008]
hit          up   infinite      3  alloc g[4001,4003,4007]
2024-06-19 08:04:51.390506
PARTITION AVAIL  TIMELIMIT  NODES  STATE NODELIST
align        up   infinite      6   idle g[1001,1003-1006,2001]
mm           up   infinite      4    mix g[2003-2006]
long         up   infinite      6    mix g[3001-3002,3004-3005,3008-3009]
long         up   infinite      4  alloc g[3003,3006-3007,3014]
rag          up   infinite      3    mix g[3013,3021-3022]
rag          up   infinite      3  alloc g[3011-3012,3017]
rag          up   infinite      2   idle g[3015,3018]
arch         up   infinite      4    mix g[1002,3027-3028,3030]
arch         up   infinite      6  alloc g[3010,3016,3024-3026,3029]
arch         up   infinite      2   idle g[2002,3023]
hit          up   infinite      5    mix g[4002,4004-4006,4008]
hit          up   infinite      3  alloc g[4001,4003,4007]
2024-06-19 08:14:51.404735
PARTITION AVAIL  TIMELIMIT  NODES  STATE NODELIST
align        up   infinite      6   idle g[1001,1003-1006,2001]
mm           up   infinite      4    mix g[2003-2006]
long         up   infinite      6    mix g[3001-3002,3004-3005,3008-3009]
long         up   infinite      4  alloc g[3003,3006-3007,3014]
rag          up   infinite      3    mix g[3013,3021-3022]
rag          up   infinite      3  alloc g[3011-3012,3017]
rag          up   infinite      2   idle g[3015,3018]
arch         up   infinite      4    mix g[1002,3027-3028,3030]
arch         up   infinite      6  alloc g[3010,3016,3024-3026,3029]
arch         up   infinite      2   idle g[2002,3023]
hit          up   infinite      5    mix g[4002,4004-4006,4008]
hit          up   infinite      3  alloc g[4001,4003,4007]
2024-06-19 08:24:51.418570
PARTITION AVAIL  TIMELIMIT  NODES  STATE NODELIST
align        up   infinite      6   idle g[1001,1003-1006,2001]
mm           up   infinite      4    mix g[2003-2006]
long         up   infinite      6    mix g[3001-3002,3004-3005,3008-3009]
long         up   infinite      4  alloc g[3003,3006-3007,3014]
rag          up   infinite      3    mix g[3013,3021-3022]
rag          up   infinite      3  alloc g[3011-3012,3017]
rag          up   infinite      2   idle g[3015,3018]
arch         up   infinite      4    mix g[1002,3027-3028,3030]
arch         up   infinite      6  alloc g[3010,3016,3024-3026,3029]
arch         up   infinite      2   idle g[2002,3023]
hit          up   infinite      5    mix g[4002,4004-4006,4008]
hit          up   infinite      3  alloc g[4001,4003,4007]
2024-06-19 08:34:51.429541
PARTITION AVAIL  TIMELIMIT  NODES  STATE NODELIST
align        up   infinite      6   idle g[1001,1003-1006,2001]
mm           up   infinite      4    mix g[2003-2006]
long         up   infinite      6    mix g[3001-3002,3004-3005,3008-3009]
long         up   infinite      4  alloc g[3003,3006-3007,3014]
rag          up   infinite      3    mix g[3013,3021-3022]
rag          up   infinite      3  alloc g[3011-3012,3017]
rag          up   infinite      2   idle g[3015,3018]
arch         up   infinite      4    mix g[1002,3027-3028,3030]
arch         up   infinite      6  alloc g[3010,3016,3024-3026,3029]
arch         up   infinite      2   idle g[2002,3023]
hit          up   infinite      5    mix g[4002,4004-4006,4008]
hit          up   infinite      3  alloc g[4001,4003,4007]
2024-06-19 08:44:51.492736
PARTITION AVAIL  TIMELIMIT  NODES  STATE NODELIST
align        up   infinite      6   idle g[1001,1003-1006,2001]
mm           up   infinite      4    mix g[2003-2006]
long         up   infinite      6    mix g[3001-3002,3004-3005,3008-3009]
long         up   infinite      4  alloc g[3003,3006-3007,3014]
rag          up   infinite      3    mix g[3013,3021-3022]
rag          up   infinite      3  alloc g[3011-3012,3017]
rag          up   infinite      2   idle g[3015,3018]
arch         up   infinite      4    mix g[1002,3027-3028,3030]
arch         up   infinite      6  alloc g[3010,3016,3024-3026,3029]
arch         up   infinite      2   idle g[2002,3023]
hit          up   infinite      5    mix g[4002,4004-4006,4008]
hit          up   infinite      3  alloc g[4001,4003,4007]
2024-06-19 08:54:51.649156
PARTITION AVAIL  TIMELIMIT  NODES  STATE NODELIST
align        up   infinite      6   idle g[1001,1003-1006,2001]
mm           up   infinite      4    mix g[2003-2006]
long         up   infinite      6    mix g[3001-3002,3004-3005,3008-3009]
long         up   infinite      4  alloc g[3003,3006-3007,3014]
rag          up   infinite      3    mix g[3013,3021-3022]
rag          up   infinite      3  alloc g[3011-3012,3017]
rag          up   infinite      2   idle g[3015,3018]
arch         up   infinite      4    mix g[1002,3027-3028,3030]
arch         up   infinite      6  alloc g[3010,3016,3024-3026,3029]
arch         up   infinite      2   idle g[2002,3023]
hit          up   infinite      5    mix g[4002,4004-4006,4008]
hit          up   infinite      3  alloc g[4001,4003,4007]
2024-06-19 09:04:51.664944
PARTITION AVAIL  TIMELIMIT  NODES  STATE NODELIST
align        up   infinite      6   idle g[1001,1003-1006,2001]
mm           up   infinite      4    mix g[2003-2006]
long         up   infinite      6    mix g[3001-3002,3004-3005,3008-3009]
long         up   infinite      4  alloc g[3003,3006-3007,3014]
rag          up   infinite      3    mix g[3013,3021-3022]
rag          up   infinite      3  alloc g[3011-3012,3017]
rag          up   infinite      2   idle g[3015,3018]
arch         up   infinite      4    mix g[1002,3027-3028,3030]
arch         up   infinite      6  alloc g[3010,3016,3024-3026,3029]
arch         up   infinite      2   idle g[2002,3023]
hit          up   infinite      5    mix g[4002,4004-4006,4008]
hit          up   infinite      3  alloc g[4001,4003,4007]
2024-06-19 09:14:51.677264
PARTITION AVAIL  TIMELIMIT  NODES  STATE NODELIST
align        up   infinite      6   idle g[1001,1003-1006,2001]
mm           up   infinite      4    mix g[2003-2006]
long         up   infinite      6    mix g[3001-3002,3004-3005,3008-3009]
long         up   infinite      4  alloc g[3003,3006-3007,3014]
rag          up   infinite      3    mix g[3013,3021-3022]
rag          up   infinite      3  alloc g[3011-3012,3017]
rag          up   infinite      2   idle g[3015,3018]
arch         up   infinite      4    mix g[1002,3027-3028,3030]
arch         up   infinite      6  alloc g[3010,3016,3024-3026,3029]
arch         up   infinite      2   idle g[2002,3023]
hit          up   infinite      5    mix g[4002,4004-4006,4008]
hit          up   infinite      3  alloc g[4001,4003,4007]
2024-06-19 09:24:51.692637
PARTITION AVAIL  TIMELIMIT  NODES  STATE NODELIST
align        up   infinite      6   idle g[1001,1003-1006,2001]
mm           up   infinite      4    mix g[2003-2006]
long         up   infinite      6    mix g[3001-3002,3004-3005,3008-3009]
long         up   infinite      4  alloc g[3003,3006-3007,3014]
rag          up   infinite      3    mix g[3013,3021-3022]
rag          up   infinite      3  alloc g[3011-3012,3017]
rag          up   infinite      2   idle g[3015,3018]
arch         up   infinite      4    mix g[1002,3027-3028,3030]
arch         up   infinite      6  alloc g[3010,3016,3024-3026,3029]
arch         up   infinite      2   idle g[2002,3023]
hit          up   infinite      5    mix g[4002,4004-4006,4008]
hit          up   infinite      3  alloc g[4001,4003,4007]
2024-06-19 09:34:51.703449
PARTITION AVAIL  TIMELIMIT  NODES  STATE NODELIST
align        up   infinite      6   idle g[1001,1003-1006,2001]
mm           up   infinite      4    mix g[2003-2006]
long         up   infinite      6    mix g[3001-3002,3004-3005,3008-3009]
long         up   infinite      4  alloc g[3003,3006-3007,3014]
rag          up   infinite      3    mix g[3013,3021-3022]
rag          up   infinite      3  alloc g[3011-3012,3017]
rag          up   infinite      2   idle g[3015,3018]
arch         up   infinite      4    mix g[1002,3027-3028,3030]
arch         up   infinite      6  alloc g[3010,3016,3024-3026,3029]
arch         up   infinite      2   idle g[2002,3023]
hit          up   infinite      5    mix g[4002,4004-4006,4008]
hit          up   infinite      3  alloc g[4001,4003,4007]
2024-06-19 09:44:51.716265
PARTITION AVAIL  TIMELIMIT  NODES  STATE NODELIST
align        up   infinite      6   idle g[1001,1003-1006,2001]
mm           up   infinite      4    mix g[2003-2006]
long         up   infinite      6    mix g[3001-3002,3004-3005,3008-3009]
long         up   infinite      4  alloc g[3003,3006-3007,3014]
rag          up   infinite      3    mix g[3013,3021-3022]
rag          up   infinite      3  alloc g[3011-3012,3017]
rag          up   infinite      2   idle g[3015,3018]
arch         up   infinite      4    mix g[1002,3027-3028,3030]
arch         up   infinite      6  alloc g[3010,3016,3024-3026,3029]
arch         up   infinite      2   idle g[2002,3023]
hit          up   infinite      5    mix g[4002,4004-4006,4008]
hit          up   infinite      3  alloc g[4001,4003,4007]
2024-06-19 09:54:51.767233
PARTITION AVAIL  TIMELIMIT  NODES  STATE NODELIST
align        up   infinite      6   idle g[1001,1003-1006,2001]
mm           up   infinite      4    mix g[2003-2006]
long         up   infinite      6    mix g[3001-3002,3004-3005,3008-3009]
long         up   infinite      4  alloc g[3003,3006-3007,3014]
rag          up   infinite      3    mix g[3013,3021-3022]
rag          up   infinite      3  alloc g[3011-3012,3017]
rag          up   infinite      2   idle g[3015,3018]
arch         up   infinite      4    mix g[1002,3027-3028,3030]
arch         up   infinite      6  alloc g[3010,3016,3024-3026,3029]
arch         up   infinite      2   idle g[2002,3023]
hit          up   infinite      5    mix g[4002,4004-4006,4008]
hit          up   infinite      3  alloc g[4001,4003,4007]
2024-06-19 10:04:51.877142
PARTITION AVAIL  TIMELIMIT  NODES  STATE NODELIST
align        up   infinite      6   idle g[1001,1003-1006,2001]
mm           up   infinite      4    mix g[2003-2006]
long         up   infinite      6    mix g[3001-3002,3004-3005,3008-3009]
long         up   infinite      4  alloc g[3003,3006-3007,3014]
rag          up   infinite      3    mix g[3013,3021-3022]
rag          up   infinite      3  alloc g[3011-3012,3017]
rag          up   infinite      2   idle g[3015,3018]
arch         up   infinite      4    mix g[1002,3023,3027-3028]
arch         up   infinite      6  alloc g[3010,3016,3024-3026,3029]
arch         up   infinite      2   idle g[2002,3030]
hit          up   infinite      5    mix g[4002,4004-4006,4008]
hit          up   infinite      3  alloc g[4001,4003,4007]
2024-06-19 10:14:51.887092
PARTITION AVAIL  TIMELIMIT  NODES  STATE NODELIST
align        up   infinite      6   idle g[1001,1003-1006,2001]
mm           up   infinite      4    mix g[2003-2006]
long         up   infinite      6    mix g[3001-3002,3004-3005,3008-3009]
long         up   infinite      4  alloc g[3003,3006-3007,3014]
rag          up   infinite      3    mix g[3013,3021-3022]
rag          up   infinite      3  alloc g[3011-3012,3017]
rag          up   infinite      2   idle g[3015,3018]
arch         up   infinite      3    mix g[1002,3027-3028]
arch         up   infinite      6  alloc g[3010,3016,3024-3026,3029]
arch         up   infinite      3   idle g[2002,3023,3030]
hit          up   infinite      5    mix g[4002,4004-4006,4008]
hit          up   infinite      3  alloc g[4001,4003,4007]
2024-06-19 10:24:51.904073
PARTITION AVAIL  TIMELIMIT  NODES  STATE NODELIST
align        up   infinite      6   idle g[1001,1003-1006,2001]
mm           up   infinite      4    mix g[2003-2006]
long         up   infinite      6    mix g[3001-3002,3004-3005,3008-3009]
long         up   infinite      4  alloc g[3003,3006-3007,3014]
rag          up   infinite      3    mix g[3013,3021-3022]
rag          up   infinite      3  alloc g[3011-3012,3017]
rag          up   infinite      2   idle g[3015,3018]
arch         up   infinite      3    mix g[1002,3027-3028]
arch         up   infinite      6  alloc g[3010,3016,3024-3026,3029]
arch         up   infinite      3   idle g[2002,3023,3030]
hit          up   infinite      5    mix g[4002,4004-4006,4008]
hit          up   infinite      3  alloc g[4001,4003,4007]
